This is pdfTeX, Version 3.14159265-2.6-1.40.16 (TeX Live 2015) (preloaded format=pdflatex 2015.5.24)  6 MAY 2018 14:48
entering extended mode
 restricted \write18 enabled.
 file:line:error style messages enabled.
 %&-line parsing enabled.
**Haiti_agu_revised_nohighlight.tex
(./Haiti_agu_revised_nohighlight.tex
LaTeX2e <2015/01/01>
Babel <3.9l> and hyphenation patterns for 79 languages loaded.
(./agujournal.cls
Document Class: agujournal 08/06/2016
(/usr/local/texlive/2015/texmf-dist/tex/latex/newtx/newtxtext.sty
Package: newtxtext 2015/05/01 v1.437

`newtxtext' v1.437, 2015/05/01 Text macros taking advantage of TeX-Gyre Termes 
fonts (msharpe)
(/usr/local/texlive/2015/texmf-dist/tex/latex/fontaxes/fontaxes.sty
Package: fontaxes 2014/03/23 v1.0d Font selection axes
LaTeX Info: Redefining \upshape on input line 29.
LaTeX Info: Redefining \itshape on input line 31.
LaTeX Info: Redefining \slshape on input line 33.
LaTeX Info: Redefining \scshape on input line 37.
)
\ntx@fs=\dimen102

(/usr/local/texlive/2015/texmf-dist/tex/latex/xkeyval/xkeyval.sty
Package: xkeyval 2014/12/03 v2.7a package option processing (HA)

(/usr/local/texlive/2015/texmf-dist/tex/generic/xkeyval/xkeyval.tex
(/usr/local/texlive/2015/texmf-dist/tex/generic/xkeyval/xkvutils.tex
\XKV@toks=\toks14
\XKV@tempa@toks=\toks15

(/usr/local/texlive/2015/texmf-dist/tex/generic/xkeyval/keyval.tex))
\XKV@depth=\count79
File: xkeyval.tex 2014/12/03 v2.7a key=value parser (HA)
))
(/usr/local/texlive/2015/texmf-dist/tex/latex/etoolbox/etoolbox.sty
Package: etoolbox 2015/05/04 v2.2 e-TeX tools for LaTeX (JAW)
\etb@tempcnta=\count80
)
(/usr/local/texlive/2015/texmf-dist/tex/latex/base/fontenc.sty
Package: fontenc 2005/09/27 v1.99g Standard LaTeX package

(/usr/local/texlive/2015/texmf-dist/tex/latex/base/t1enc.def
File: t1enc.def 2005/09/27 v1.99g Standard LaTeX file
LaTeX Font Info:    Redeclaring font encoding T1 on input line 48.
))
(/usr/local/texlive/2015/texmf-dist/tex/latex/base/textcomp.sty
Package: textcomp 2005/09/27 v1.99g Standard LaTeX package
Package textcomp Info: Sub-encoding information:
(textcomp)               5 = only ISO-Adobe without \textcurrency
(textcomp)               4 = 5 + \texteuro
(textcomp)               3 = 4 + \textohm
(textcomp)               2 = 3 + \textestimated + \textcurrency
(textcomp)               1 = TS1 - \textcircled - \t
(textcomp)               0 = TS1 (full)
(textcomp)             Font families with sub-encoding setting implement
(textcomp)             only a restricted character set as indicated.
(textcomp)             Family '?' is the default used for unknown fonts.
(textcomp)             See the documentation for details.
Package textcomp Info: Setting ? sub-encoding to TS1/1 on input line 79.
Package textcomp Info: Changing ? sub-encoding to TS1/0 on input line 80.

(/usr/local/texlive/2015/texmf-dist/tex/latex/base/ts1enc.def
File: ts1enc.def 2001/06/05 v3.0e (jk/car/fm) Standard LaTeX file
)
LaTeX Info: Redefining \oldstylenums on input line 334.
Package textcomp Info: Setting cmr sub-encoding to TS1/0 on input line 349.
Package textcomp Info: Setting cmss sub-encoding to TS1/0 on input line 350.
Package textcomp Info: Setting cmtt sub-encoding to TS1/0 on input line 351.
Package textcomp Info: Setting cmvtt sub-encoding to TS1/0 on input line 352.
Package textcomp Info: Setting cmbr sub-encoding to TS1/0 on input line 353.
Package textcomp Info: Setting cmtl sub-encoding to TS1/0 on input line 354.
Package textcomp Info: Setting ccr sub-encoding to TS1/0 on input line 355.
Package textcomp Info: Setting ptm sub-encoding to TS1/4 on input line 356.
Package textcomp Info: Setting pcr sub-encoding to TS1/4 on input line 357.
Package textcomp Info: Setting phv sub-encoding to TS1/4 on input line 358.
Package textcomp Info: Setting ppl sub-encoding to TS1/3 on input line 359.
Package textcomp Info: Setting pag sub-encoding to TS1/4 on input line 360.
Package textcomp Info: Setting pbk sub-encoding to TS1/4 on input line 361.
Package textcomp Info: Setting pnc sub-encoding to TS1/4 on input line 362.
Package textcomp Info: Setting pzc sub-encoding to TS1/4 on input line 363.
Package textcomp Info: Setting bch sub-encoding to TS1/4 on input line 364.
Package textcomp Info: Setting put sub-encoding to TS1/5 on input line 365.
Package textcomp Info: Setting uag sub-encoding to TS1/5 on input line 366.
Package textcomp Info: Setting ugq sub-encoding to TS1/5 on input line 367.
Package textcomp Info: Setting ul8 sub-encoding to TS1/4 on input line 368.
Package textcomp Info: Setting ul9 sub-encoding to TS1/4 on input line 369.
Package textcomp Info: Setting augie sub-encoding to TS1/5 on input line 370.
Package textcomp Info: Setting dayrom sub-encoding to TS1/3 on input line 371.
Package textcomp Info: Setting dayroms sub-encoding to TS1/3 on input line 372.

Package textcomp Info: Setting pxr sub-encoding to TS1/0 on input line 373.
Package textcomp Info: Setting pxss sub-encoding to TS1/0 on input line 374.
Package textcomp Info: Setting pxtt sub-encoding to TS1/0 on input line 375.
Package textcomp Info: Setting txr sub-encoding to TS1/0 on input line 376.
Package textcomp Info: Setting txss sub-encoding to TS1/0 on input line 377.
Package textcomp Info: Setting txtt sub-encoding to TS1/0 on input line 378.
Package textcomp Info: Setting lmr sub-encoding to TS1/0 on input line 379.
Package textcomp Info: Setting lmdh sub-encoding to TS1/0 on input line 380.
Package textcomp Info: Setting lmss sub-encoding to TS1/0 on input line 381.
Package textcomp Info: Setting lmssq sub-encoding to TS1/0 on input line 382.
Package textcomp Info: Setting lmvtt sub-encoding to TS1/0 on input line 383.
Package textcomp Info: Setting lmtt sub-encoding to TS1/0 on input line 384.
Package textcomp Info: Setting qhv sub-encoding to TS1/0 on input line 385.
Package textcomp Info: Setting qag sub-encoding to TS1/0 on input line 386.
Package textcomp Info: Setting qbk sub-encoding to TS1/0 on input line 387.
Package textcomp Info: Setting qcr sub-encoding to TS1/0 on input line 388.
Package textcomp Info: Setting qcs sub-encoding to TS1/0 on input line 389.
Package textcomp Info: Setting qpl sub-encoding to TS1/0 on input line 390.
Package textcomp Info: Setting qtm sub-encoding to TS1/0 on input line 391.
Package textcomp Info: Setting qzc sub-encoding to TS1/0 on input line 392.
Package textcomp Info: Setting qhvc sub-encoding to TS1/0 on input line 393.
Package textcomp Info: Setting futs sub-encoding to TS1/4 on input line 394.
Package textcomp Info: Setting futx sub-encoding to TS1/4 on input line 395.
Package textcomp Info: Setting futj sub-encoding to TS1/4 on input line 396.
Package textcomp Info: Setting hlh sub-encoding to TS1/3 on input line 397.
Package textcomp Info: Setting hls sub-encoding to TS1/3 on input line 398.
Package textcomp Info: Setting hlst sub-encoding to TS1/3 on input line 399.
Package textcomp Info: Setting hlct sub-encoding to TS1/5 on input line 400.
Package textcomp Info: Setting hlx sub-encoding to TS1/5 on input line 401.
Package textcomp Info: Setting hlce sub-encoding to TS1/5 on input line 402.
Package textcomp Info: Setting hlcn sub-encoding to TS1/5 on input line 403.
Package textcomp Info: Setting hlcw sub-encoding to TS1/5 on input line 404.
Package textcomp Info: Setting hlcf sub-encoding to TS1/5 on input line 405.
Package textcomp Info: Setting pplx sub-encoding to TS1/3 on input line 406.
Package textcomp Info: Setting pplj sub-encoding to TS1/3 on input line 407.
Package textcomp Info: Setting ptmx sub-encoding to TS1/4 on input line 408.
Package textcomp Info: Setting ptmj sub-encoding to TS1/4 on input line 409.
))
(/usr/local/texlive/2015/texmf-dist/tex/latex/newtx/newtxmath.sty
Package: newtxmath 2015/05/01 v1.437

`newtxmath' v1.437, 2015/05/01 Math macros based on txfonts (msharpe)
(/usr/local/texlive/2015/texmf-dist/tex/latex/amsmath/amsmath.sty
Package: amsmath 2013/01/14 v2.14 AMS math features
\@mathmargin=\skip41

For additional information on amsmath, use the `?' option.
(/usr/local/texlive/2015/texmf-dist/tex/latex/amsmath/amstext.sty
Package: amstext 2000/06/29 v2.01

(/usr/local/texlive/2015/texmf-dist/tex/latex/amsmath/amsgen.sty
File: amsgen.sty 1999/11/30 v2.0
\@emptytoks=\toks16
\ex@=\dimen103
))
(/usr/local/texlive/2015/texmf-dist/tex/latex/amsmath/amsbsy.sty
Package: amsbsy 1999/11/29 v1.2d
\pmbraise@=\dimen104
)
(/usr/local/texlive/2015/texmf-dist/tex/latex/amsmath/amsopn.sty
Package: amsopn 1999/12/14 v2.01 operator names
)
\inf@bad=\count81
LaTeX Info: Redefining \frac on input line 210.
\uproot@=\count82
\leftroot@=\count83
LaTeX Info: Redefining \overline on input line 306.
\classnum@=\count84
\DOTSCASE@=\count85
LaTeX Info: Redefining \ldots on input line 378.
LaTeX Info: Redefining \dots on input line 381.
LaTeX Info: Redefining \cdots on input line 466.
\Mathstrutbox@=\box26
\strutbox@=\box27
\big@size=\dimen105
LaTeX Font Info:    Redeclaring font encoding OML on input line 566.
LaTeX Font Info:    Redeclaring font encoding OMS on input line 567.
\macc@depth=\count86
\c@MaxMatrixCols=\count87
\dotsspace@=\muskip10
\c@parentequation=\count88
\dspbrk@lvl=\count89
\tag@help=\toks17
\row@=\count90
\column@=\count91
\maxfields@=\count92
\andhelp@=\toks18
\eqnshift@=\dimen106
\alignsep@=\dimen107
\tagshift@=\dimen108
\tagwidth@=\dimen109
\totwidth@=\dimen110
\lineht@=\dimen111
\@envbody=\toks19
\multlinegap=\skip42
\multlinetaggap=\skip43
\mathdisplay@stack=\toks20
LaTeX Info: Redefining \[ on input line 2665.
LaTeX Info: Redefining \] on input line 2666.
)
(/usr/local/texlive/2015/texmf-dist/tex/generic/ifxetex/ifxetex.sty
Package: ifxetex 2010/09/12 v0.6 Provides ifxetex conditional
)
(/usr/local/texlive/2015/texmf-dist/tex/generic/oberdiek/ifluatex.sty
Package: ifluatex 2010/03/01 v1.3 Provides the ifluatex switch (HO)
Package ifluatex Info: LuaTeX not detected.
)
(/usr/local/texlive/2015/texmf-dist/tex/generic/kastrup/binhex.tex)
\tx@Isdigit=\count93
LaTeX Font Info:    Redeclaring symbol font `operators' on input line 107.
LaTeX Font Info:    Encoding `OT1' has changed to `T1' for symbol font
(Font)              `operators' in the math version `normal' on input line 107.

LaTeX Font Info:    Overwriting symbol font `operators' in version `normal'
(Font)                  OT1/cmr/m/n --> T1/ntxtlf/m/n on input line 107.
LaTeX Font Info:    Encoding `OT1' has changed to `T1' for symbol font
(Font)              `operators' in the math version `bold' on input line 107.
LaTeX Font Info:    Overwriting symbol font `operators' in version `bold'
(Font)                  OT1/cmr/bx/n --> T1/ntxtlf/m/n on input line 107.
LaTeX Font Info:    Overwriting symbol font `operators' in version `bold'
(Font)                  T1/ntxtlf/m/n --> T1/ntxtlf/b/n on input line 108.
LaTeX Font Info:    Redeclaring math alphabet \mathsf on input line 114.
LaTeX Font Info:    Overwriting math alphabet `\mathsf' in version `normal'
(Font)                  OT1/cmss/m/n --> T1/qhv/m/n on input line 114.
LaTeX Font Info:    Overwriting math alphabet `\mathsf' in version `bold'
(Font)                  OT1/cmss/bx/n --> T1/qhv/m/n on input line 114.
LaTeX Font Info:    Redeclaring math alphabet \mathit on input line 115.
LaTeX Font Info:    Overwriting math alphabet `\mathit' in version `normal'
(Font)                  OT1/cmr/m/it --> T1/ntxtlf/m/it on input line 115.
LaTeX Font Info:    Overwriting math alphabet `\mathit' in version `bold'
(Font)                  OT1/cmr/bx/it --> T1/ntxtlf/m/it on input line 115.
LaTeX Font Info:    Redeclaring math alphabet \mathtt on input line 116.
LaTeX Font Info:    Overwriting math alphabet `\mathtt' in version `normal'
(Font)                  OT1/cmtt/m/n --> T1/ntxtt/m/n on input line 116.
LaTeX Font Info:    Overwriting math alphabet `\mathtt' in version `bold'
(Font)                  OT1/cmtt/m/n --> T1/ntxtt/m/n on input line 116.
LaTeX Font Info:    Redeclaring math alphabet \mathbf on input line 118.
LaTeX Font Info:    Overwriting math alphabet `\mathbf' in version `normal'
(Font)                  OT1/cmr/bx/n --> T1/ntxtlf/b/n on input line 118.
LaTeX Font Info:    Overwriting math alphabet `\mathbf' in version `bold'
(Font)                  OT1/cmr/bx/n --> T1/ntxtlf/b/n on input line 118.
LaTeX Font Info:    Overwriting math alphabet `\mathit' in version `bold'
(Font)                  T1/ntxtlf/m/it --> T1/ntxtlf/b/it on input line 119.
LaTeX Font Info:    Overwriting math alphabet `\mathsf' in version `bold'
(Font)                  T1/qhv/m/n --> T1/qhv/b/n on input line 120.
LaTeX Font Info:    Overwriting math alphabet `\mathtt' in version `bold'
(Font)                  T1/ntxtt/m/n --> T1/ntxtt/b/n on input line 121.
LaTeX Font Info:    Redeclaring symbol font `letters' on input line 162.
LaTeX Font Info:    Overwriting symbol font `letters' in version `normal'
(Font)                  OML/cmm/m/it --> OML/ntxmi/m/it on input line 162.
LaTeX Font Info:    Overwriting symbol font `letters' in version `bold'
(Font)                  OML/cmm/b/it --> OML/ntxmi/m/it on input line 162.
LaTeX Font Info:    Overwriting symbol font `letters' in version `bold'
(Font)                  OML/ntxmi/m/it --> OML/ntxmi/b/it on input line 163.
\symlettersA=\mathgroup4
LaTeX Font Info:    Overwriting symbol font `lettersA' in version `bold'
(Font)                  U/ntxmia/m/it --> U/ntxmia/b/it on input line 177.
LaTeX Font Info:    Redeclaring symbol font `symbols' on input line 185.
LaTeX Font Info:    Overwriting symbol font `symbols' in version `normal'
(Font)                  OMS/cmsy/m/n --> OMS/ntxsy/m/n on input line 185.
LaTeX Font Info:    Overwriting symbol font `symbols' in version `bold'
(Font)                  OMS/cmsy/b/n --> OMS/ntxsy/m/n on input line 185.
LaTeX Font Info:    Overwriting symbol font `symbols' in version `bold'
(Font)                  OMS/ntxsy/m/n --> OMS/ntxsy/b/n on input line 186.
\symAMSm=\mathgroup5
LaTeX Font Info:    Overwriting symbol font `AMSm' in version `bold'
(Font)                  U/ntxsym/m/n --> U/ntxsym/b/n on input line 206.
\symsymbolsC=\mathgroup6
LaTeX Font Info:    Overwriting symbol font `symbolsC' in version `bold'
(Font)                  U/ntxsyc/m/n --> U/ntxsyc/b/n on input line 227.
LaTeX Font Info:    Redeclaring symbol font `largesymbols' on input line 240.
LaTeX Font Info:    Encoding `OMX' has changed to `LMX' for symbol font
(Font)              `largesymbols' in the math version `normal' on input line 2
40.
LaTeX Font Info:    Overwriting symbol font `largesymbols' in version `normal'
(Font)                  OMX/cmex/m/n --> LMX/ntxexx/m/n on input line 240.
LaTeX Font Info:    Encoding `OMX' has changed to `LMX' for symbol font
(Font)              `largesymbols' in the math version `bold' on input line 240
.
LaTeX Font Info:    Overwriting symbol font `largesymbols' in version `bold'
(Font)                  OMX/cmex/m/n --> LMX/ntxexx/m/n on input line 240.
LaTeX Font Info:    Overwriting symbol font `largesymbols' in version `bold'
(Font)                  LMX/ntxexx/m/n --> LMX/ntxexx/b/n on input line 241.
\symlargesymbolsTXA=\mathgroup7
LaTeX Font Info:    Overwriting symbol font `largesymbolsTXA' in version `bold'

(Font)                  U/ntxexa/m/n --> U/ntxexa/b/n on input line 255.
LaTeX Info: Redefining \not on input line 1638.
)
(/usr/local/texlive/2015/texmf-dist/tex/latex/graphics/graphicx.sty
Package: graphicx 2014/10/28 v1.0g Enhanced LaTeX Graphics (DPC,SPQR)

(/usr/local/texlive/2015/texmf-dist/tex/latex/graphics/graphics.sty
Package: graphics 2014/10/28 v1.0p Standard LaTeX Graphics (DPC,SPQR)

(/usr/local/texlive/2015/texmf-dist/tex/latex/graphics/trig.sty
Package: trig 1999/03/16 v1.09 sin cos tan (DPC)
)
(/usr/local/texlive/2015/texmf-dist/tex/latex/latexconfig/graphics.cfg
File: graphics.cfg 2010/04/23 v1.9 graphics configuration of TeX Live
)
Package graphics Info: Driver file: pdftex.def on input line 94.

(/usr/local/texlive/2015/texmf-dist/tex/latex/pdftex-def/pdftex.def
File: pdftex.def 2011/05/27 v0.06d Graphics/color for pdfTeX

(/usr/local/texlive/2015/texmf-dist/tex/generic/oberdiek/infwarerr.sty
Package: infwarerr 2010/04/08 v1.3 Providing info/warning/error messages (HO)
)
(/usr/local/texlive/2015/texmf-dist/tex/generic/oberdiek/ltxcmds.sty
Package: ltxcmds 2011/11/09 v1.22 LaTeX kernel commands for general use (HO)
)
\Gread@gobject=\count94
))
\Gin@req@height=\dimen112
\Gin@req@width=\dimen113
)
(/usr/local/texlive/2015/texmf-dist/tex/latex/xcolor/xcolor.sty
Package: xcolor 2007/01/21 v2.11 LaTeX color extensions (UK)

(/usr/local/texlive/2015/texmf-dist/tex/latex/latexconfig/color.cfg
File: color.cfg 2007/01/18 v1.5 color configuration of teTeX/TeXLive
)
Package xcolor Info: Driver file: pdftex.def on input line 225.
Package xcolor Info: Model `cmy' substituted by `cmy0' on input line 1337.
Package xcolor Info: Model `hsb' substituted by `rgb' on input line 1341.
Package xcolor Info: Model `RGB' extended on input line 1353.
Package xcolor Info: Model `HTML' substituted by `rgb' on input line 1355.
Package xcolor Info: Model `Hsb' substituted by `hsb' on input line 1356.
Package xcolor Info: Model `tHsb' substituted by `hsb' on input line 1357.
Package xcolor Info: Model `HSB' substituted by `hsb' on input line 1358.
Package xcolor Info: Model `Gray' substituted by `gray' on input line 1359.
Package xcolor Info: Model `wave' substituted by `hsb' on input line 1360.
)
(/usr/local/texlive/2015/texmf-dist/tex/latex/lineno/lineno.sty
Package: lineno 2005/11/02 line numbers on paragraphs v4.41
\linenopenalty=\count95
\output=\toks21
\linenoprevgraf=\count96
\linenumbersep=\dimen114
\linenumberwidth=\dimen115
\c@linenumber=\count97
\c@pagewiselinenumber=\count98
\c@LN@truepage=\count99
\c@internallinenumber=\count100
\c@internallinenumbers=\count101
\quotelinenumbersep=\dimen116
\bframerule=\dimen117
\bframesep=\dimen118
\bframebox=\box28
LaTeX Info: Redefining \\ on input line 3056.
)
(/usr/local/texlive/2015/texmf-dist/tex/latex/tools/indentfirst.sty
Package: indentfirst 1995/11/23 v1.03 Indent first paragraph (DPC)
)
(/usr/local/texlive/2015/texmf-dist/tex/latex/ms/ragged2e.sty
Package: ragged2e 2009/05/21 v2.1 ragged2e Package (MS)

(/usr/local/texlive/2015/texmf-dist/tex/latex/ms/everysel.sty
Package: everysel 2011/10/28 v1.2 EverySelectfont Package (MS)
)
\CenteringLeftskip=\skip44
\RaggedLeftLeftskip=\skip45
\RaggedRightLeftskip=\skip46
\CenteringRightskip=\skip47
\RaggedLeftRightskip=\skip48
\RaggedRightRightskip=\skip49
\CenteringParfillskip=\skip50
\RaggedLeftParfillskip=\skip51
\RaggedRightParfillskip=\skip52
\JustifyingParfillskip=\skip53
\CenteringParindent=\skip54
\RaggedLeftParindent=\skip55
\RaggedRightParindent=\skip56
\JustifyingParindent=\skip57
)
(/usr/local/texlive/2015/texmf-dist/tex/latex/rotating/rotating.sty
Package: rotating 2009/03/28 v2.16a rotated objects in LaTeX

(/usr/local/texlive/2015/texmf-dist/tex/latex/base/ifthen.sty
Package: ifthen 2014/09/29 v1.1c Standard LaTeX ifthen package (DPC)
)
\c@r@tfl@t=\count102
\rotFPtop=\skip58
\rotFPbot=\skip59
\rot@float@box=\box29
\rot@mess@toks=\toks22
)
(/usr/local/texlive/2015/texmf-dist/tex/generic/ulem/ulem.sty
\UL@box=\box30
\UL@hyphenbox=\box31
\UL@skip=\skip60
\UL@hook=\toks23
\UL@height=\dimen119
\UL@pe=\count103
\UL@pixel=\dimen120
\ULC@box=\box32
Package: ulem 2012/05/18
\ULdepth=\dimen121
)
\draftskip=\count104
\c@section=\count105
\c@subsection=\count106
\c@subsubsection=\count107
\c@paragraph=\count108
\c@subparagraph=\count109
\c@figure=\count110
\c@table=\count111
\abovecaptionskip=\skip61
\belowcaptionskip=\skip62
\c@appendnum=\count112
\bibindent=\dimen122

(/usr/local/texlive/2015/texmf-dist/tex/latex/natbib/natbib.sty
Package: natbib 2010/09/13 8.31b (PWD, AO)
\bibhang=\skip63
\bibsep=\skip64
LaTeX Info: Redefining \cite on input line 694.
\c@NAT@ctr=\count113
)
\refchangenumber=\count114
\listchangenum=\count115
)
(/usr/local/texlive/2015/texmf-dist/tex/latex/soul/soul.sty
Package: soul 2003/11/17 v2.4 letterspacing/underlining (mf)
\SOUL@word=\toks24
\SOUL@lasttoken=\toks25
\SOUL@cmds=\toks26
\SOUL@buffer=\toks27
\SOUL@token=\toks28
\SOUL@spaceskip=\skip65
\SOUL@ttwidth=\dimen123
\SOUL@uldp=\dimen124
\SOUL@ulht=\dimen125
)
(/usr/local/texlive/2015/texmf-dist/tex/latex/breakcites/breakcites.sty)
LaTeX Font Info:    Try loading font information for T1+ntxtlf on input line 7.


(/usr/local/texlive/2015/texmf-dist/tex/latex/newtx/t1ntxtlf.fd
File: t1ntxtlf.fd 2015/01/17 v1.0 font definition file for T1/ntx/tlf
)
LaTeX Font Info:    Font shape `T1/ntxtlf/m/n' will be
(Font)              scaled to size 10.0pt on input line 7.

(./Haiti_agu_revised_nohighlight.aux)
\openout1 = `Haiti_agu_revised_nohighlight.aux'.

LaTeX Font Info:    Checking defaults for OML/ntxmi/m/it on input line 7.
LaTeX Font Info:    Try loading font information for OML+ntxmi on input line 7.


(/usr/local/texlive/2015/texmf-dist/tex/latex/newtx/omlntxmi.fd
File: omlntxmi.fd 2012/03/22 Fontinst v1.933 font definitions for OML/ntxmi.
)
LaTeX Font Info:    ... okay on input line 7.
LaTeX Font Info:    Checking defaults for T1/cmr/m/n on input line 7.
LaTeX Font Info:    ... okay on input line 7.
LaTeX Font Info:    Checking defaults for OT1/cmr/m/n on input line 7.
LaTeX Font Info:    ... okay on input line 7.
LaTeX Font Info:    Checking defaults for OMS/ntxsy/m/n on input line 7.
LaTeX Font Info:    Try loading font information for OMS+ntxsy on input line 7.


(/usr/local/texlive/2015/texmf-dist/tex/latex/newtx/omsntxsy.fd
File: omsntxsy.fd 2012/11/14 Fontinst v1.933 font definitions for OMS/ntxsy.
)
LaTeX Font Info:    ... okay on input line 7.
LaTeX Font Info:    Checking defaults for OMX/cmex/m/n on input line 7.
LaTeX Font Info:    ... okay on input line 7.
LaTeX Font Info:    Checking defaults for U/ntxexa/m/n on input line 7.
LaTeX Font Info:    Try loading font information for U+ntxexa on input line 7.

(/usr/local/texlive/2015/texmf-dist/tex/latex/newtx/untxexa.fd
File: untxexa.fd 2012/04/16 Fontinst v1.933 font definitions for U/ntxexa.
)
LaTeX Font Info:    ... okay on input line 7.
LaTeX Font Info:    Checking defaults for TS1/cmr/m/n on input line 7.
LaTeX Font Info:    Try loading font information for TS1+cmr on input line 7.

(/usr/local/texlive/2015/texmf-dist/tex/latex/base/ts1cmr.fd
File: ts1cmr.fd 2014/09/29 v2.5h Standard LaTeX font definitions
)
LaTeX Font Info:    ... okay on input line 7.
LaTeX Font Info:    Checking defaults for LMX/ntxexx/m/n on input line 7.
LaTeX Font Info:    ... okay on input line 7.
\c@mv@tabular=\count116
\c@mv@boldtabular=\count117

(/usr/local/texlive/2015/texmf-dist/tex/context/base/supp-pdf.mkii
[Loading MPS to PDF converter (version 2006.09.02).]
\scratchcounter=\count118
\scratchdimen=\dimen126
\scratchbox=\box33
\nofMPsegments=\count119
\nofMParguments=\count120
\everyMPshowfont=\toks29
\MPscratchCnt=\count121
\MPscratchDim=\dimen127
\MPnumerator=\count122
\makeMPintoPDFobject=\count123
\everyMPtoPDFconversion=\toks30
) (/usr/local/texlive/2015/texmf-dist/tex/generic/oberdiek/pdftexcmds.sty
Package: pdftexcmds 2011/11/29 v0.20 Utility functions of pdfTeX for LuaTeX (HO
)

(/usr/local/texlive/2015/texmf-dist/tex/generic/oberdiek/ifpdf.sty
Package: ifpdf 2011/01/30 v2.3 Provides the ifpdf switch (HO)
Package ifpdf Info: pdfTeX in PDF mode is detected.
)
Package pdftexcmds Info: LuaTeX not detected.
Package pdftexcmds Info: \pdf@primitive is available.
Package pdftexcmds Info: \pdf@ifprimitive is available.
Package pdftexcmds Info: \pdfdraftmode found.
)
(/usr/local/texlive/2015/texmf-dist/tex/latex/oberdiek/epstopdf-base.sty
Package: epstopdf-base 2010/02/09 v2.5 Base part for package epstopdf

(/usr/local/texlive/2015/texmf-dist/tex/latex/oberdiek/grfext.sty
Package: grfext 2010/08/19 v1.1 Manage graphics extensions (HO)

(/usr/local/texlive/2015/texmf-dist/tex/generic/oberdiek/kvdefinekeys.sty
Package: kvdefinekeys 2011/04/07 v1.3 Define keys (HO)
))
(/usr/local/texlive/2015/texmf-dist/tex/latex/oberdiek/kvoptions.sty
Package: kvoptions 2011/06/30 v3.11 Key value format for package options (HO)

(/usr/local/texlive/2015/texmf-dist/tex/generic/oberdiek/kvsetkeys.sty
Package: kvsetkeys 2012/04/25 v1.16 Key value parser (HO)

(/usr/local/texlive/2015/texmf-dist/tex/generic/oberdiek/etexcmds.sty
Package: etexcmds 2011/02/16 v1.5 Avoid name clashes with e-TeX commands (HO)
Package etexcmds Info: Could not find \expanded.
(etexcmds)             That can mean that you are not using pdfTeX 1.50 or
(etexcmds)             that some package has redefined \expanded.
(etexcmds)             In the latter case, load this package earlier.
)))
Package grfext Info: Graphics extension search list:
(grfext)             [.png,.pdf,.jpg,.mps,.jpeg,.jbig2,.jb2,.PNG,.PDF,.JPG,.JPE
G,.JBIG2,.JB2,.eps]
(grfext)             \AppendGraphicsExtensions on input line 452.

(/usr/local/texlive/2015/texmf-dist/tex/latex/latexconfig/epstopdf-sys.cfg
File: epstopdf-sys.cfg 2010/07/13 v1.3 Configuration of (r)epstopdf for TeX Liv
e
))
ABD: EverySelectfont initializing macros
LaTeX Info: Redefining \selectfont on input line 7.
LaTeX Font Info:    Font shape `T1/ntxtlf/m/n' will be
(Font)              scaled to size 14.4pt on input line 9.
LaTeX Font Info:    Font shape `T1/ntxtlf/bx/n' in size <14.4> not available
(Font)              Font shape `T1/ntxtlf/b/n' tried instead on input line 9.
LaTeX Font Info:    Font shape `T1/ntxtlf/b/n' will be
(Font)              scaled to size 14.4pt on input line 9.
LaTeX Font Info:    Font shape `T1/ntxtlf/m/n' will be
(Font)              scaled to size 5.0pt on input line 9.
LaTeX Font Info:    Try loading font information for T1+qhv on input line 9.

(/usr/local/texlive/2015/texmf-dist/tex/latex/tex-gyre/t1qhv.fd
File: t1qhv.fd 2009/09/25 v1.2 font definition file for T1/qhv
)
LaTeX Font Info:    Font shape `T1/qhv/m/n' will be
(Font)              scaled to size 4.49997pt on input line 9.
LaTeX Font Info:    Font shape `T1/ntxtlf/bx/n' in size <10> not available
(Font)              Font shape `T1/ntxtlf/b/n' tried instead on input line 11.
LaTeX Font Info:    Font shape `T1/ntxtlf/b/n' will be
(Font)              scaled to size 10.0pt on input line 11.
LaTeX Font Info:    Font shape `T1/ntxtlf/m/n' will be
(Font)              scaled to size 8.0pt on input line 12.
LaTeX Font Info:    Font shape `T1/ntxtlf/m/n' will be
(Font)              scaled to size 6.2pt on input line 12.
LaTeX Font Info:    Font shape `T1/ntxtlf/m/n' will be
(Font)              scaled to size 5.5pt on input line 12.
LaTeX Font Info:    Try loading font information for U+ntxmia on input line 12.


(/usr/local/texlive/2015/texmf-dist/tex/latex/newtx/untxmia.fd
File: untxmia.fd 2012/04/16 Fontinst v1.933 font definitions for U/ntxmia.
)
LaTeX Font Info:    Try loading font information for U+ntxsym on input line 12.


(/usr/local/texlive/2015/texmf-dist/tex/latex/newtx/untxsym.fd
File: untxsym.fd 2015/03/20 Fontinst v1.933 font definitions for U/ntxsym.
)
LaTeX Font Info:    Try loading font information for U+ntxsyc on input line 12.


(/usr/local/texlive/2015/texmf-dist/tex/latex/newtx/untxsyc.fd
File: untxsyc.fd 2012/04/12 Fontinst v1.933 font definitions for U/ntxsyc.
)
LaTeX Font Info:    Try loading font information for T1+ntxsups on input line 1
4.

(/usr/local/texlive/2015/texmf-dist/tex/latex/newtx/t1ntxsups.fd
File: t1ntxsups.fd 2015/01/17 v1.0
)
LaTeX Font Info:    Font shape `T1/ntxsups/m/n' will be
(Font)              scaled to size 8.0pt on input line 14.
LaTeX Font Info:    Font shape `T1/ntxtlf/m/n' will be
(Font)              scaled to size 9.0pt on input line 14.
LaTeX Font Info:    Try loading font information for T1+ntxtt on input line 14.


(/usr/local/texlive/2015/texmf-dist/tex/latex/newtx/t1ntxtt.fd
File: t1ntxtt.fd 2012/04/20 v3.1
)
LaTeX Font Info:    Font shape `T1/ntxtt/m/n' will be
(Font)              scaled to size 9.0pt on input line 14.
LaTeX Font Info:    Font shape `T1/ntxtlf/m/n' will be
(Font)              scaled to size 7.3pt on input line 16.
LaTeX Font Info:    Font shape `T1/ntxtlf/m/it' will be
(Font)              scaled to size 9.0pt on input line 23.
 [1{/usr/local/texlive/2015/texmf-var/fonts/map/pdftex/updmap/pdftex.map}]
Overfull \hbox (2.4352pt too wide) in paragraph at lines 23--25
\T1/ntxtlf/m/n/10 slightly re-ac-ti-vated dur-ing the 2010 earth-quake. How-eve
r, the EPGFZ still formed a bound- 
 []

LaTeX Font Info:    Font shape `T1/ntxtlf/m/n' will be
(Font)              scaled to size 10.5pt on input line 27.
LaTeX Font Info:    Font shape `T1/ntxtlf/bx/n' in size <10.5> not available
(Font)              Font shape `T1/ntxtlf/b/n' tried instead on input line 27.
LaTeX Font Info:    Font shape `T1/ntxtlf/b/n' will be
(Font)              scaled to size 10.5pt on input line 27.
LaTeX Font Info:    Font shape `T1/ntxtlf/m/it' will be
(Font)              scaled to size 10.0pt on input line 29.

Underfull \vbox (badness 10000) has occurred while \output is active []

 [2]
Underfull \vbox (badness 10000) has occurred while \output is active []

 [3]
Overfull \hbox (5.19019pt too wide) in paragraph at lines 33--34
\T1/ntxtlf/m/n/10 obliquely-trending, north-dipping, Léogâne fault in the east 
and the more obliquely-trending, 
 []


Underfull \vbox (badness 10000) has occurred while \output is active []

 [4]
Underfull \vbox (badness 10000) has occurred while \output is active []

 [5]
Underfull \vbox (badness 10000) has occurred while \output is active []

 [6]
LaTeX Font Info:    Font shape `T1/ntxtlf/bx/it' in size <10> not available
(Font)              Font shape `T1/ntxtlf/b/it' tried instead on input line 60.

LaTeX Font Info:    Font shape `T1/ntxtlf/b/it' will be
(Font)              scaled to size 10.0pt on input line 60.

Underfull \vbox (badness 10000) has occurred while \output is active []

 [7]
Underfull \vbox (badness 10000) has occurred while \output is active []

 [8]
Overfull \hbox (6.58267pt too wide) in paragraph at lines 69--70
[]\T1/ntxtlf/m/n/10 Following the 2010 earth-quake and the recog-ni-tion of the
 north-dipping blind Léogâne 
 []


Overfull \hbox (6.61028pt too wide) in paragraph at lines 72--73
\T1/ntxtlf/m/n/10 fold-and-thrust belt: 1) the dip of the fault gen-er-at-ing t
he main thrust, de-rived by \T1/ntxtlf/m/it/10 Mercier de 
 []

LaTeX Font Info:    Font shape `T1/ntxtlf/b/n' will be
(Font)              scaled to size 7.3pt on input line 75.
LaTeX Font Info:    Font shape `T1/ntxtlf/b/n' will be
(Font)              scaled to size 5.5pt on input line 75.

Overfull \hbox (18.5852pt too wide) in paragraph at lines 76--77
[]\T1/ntxtlf/m/n/10 The pres-ence of a strike-slip fault at any scale is in-di-
cated by the pres-ence of $\OML/ntxmi/m/it/10 en []echelon$ 
 []


Underfull \vbox (badness 10000) has occurred while \output is active []

 [9]
Overfull \hbox (1.00513pt too wide) in paragraph at lines 78--79
\T1/ntxtlf/m/n/10 2010; \T1/ntxtlf/m/it/10 Hashimoto et al.\T1/ntxtlf/m/n/10 , 
2011; \T1/ntxtlf/m/it/10 Bil-ham and Field-ing\T1/ntxtlf/m/n/10 , 2013] (Fig-ur
e 2[]A). \T1/ntxtlf/m/it/10 Douilly et al. \T1/ntxtlf/m/n/10 [2013, 
 []


Underfull \vbox (badness 10000) has occurred while \output is active []

 [10]
Underfull \vbox (badness 10000) has occurred while \output is active []

 [11]
Underfull \vbox (badness 10000) has occurred while \output is active []

 [12]
Underfull \vbox (badness 10000) has occurred while \output is active []

 [13]
Underfull \vbox (badness 10000) has occurred while \output is active []

 [14]
Underfull \vbox (badness 10000) has occurred while \output is active []

 [15]
Underfull \vbox (badness 10000) has occurred while \output is active []

 [16]
Overfull \hbox (10.70284pt too wide) in paragraph at lines 123--124
[]\T1/ntxtlf/m/n/10 We ap-plied a low-pass fil-ter on the pollen log data (from
 the core ac-quired by \T1/ntxtlf/m/it/10 Higuera- 
 []


Underfull \vbox (badness 10000) has occurred while \output is active []

 [17]
Underfull \vbox (badness 10000) has occurred while \output is active []

 [18]
Underfull \vbox (badness 10000) has occurred while \output is active []

 [19]
Overfull \hbox (0.71518pt too wide) in paragraph at lines 148--149
\T1/ntxtlf/m/n/10 fault to the south dur-ing the 2010 earth-quake is the east-w
est-striking, sub-vertical EPGFZ.  
 []


Underfull \vbox (badness 10000) has occurred while \output is active []

 [20]
[21] (./Haiti_agu_revised_nohighlight.bbl
Underfull \vbox (badness 10000) has occurred while \output is active []

 [22

]
Underfull \vbox (badness 10000) has occurred while \output is active []

 [23]
Underfull \vbox (badness 10000) has occurred while \output is active []

 [24]
Underfull \vbox (badness 10000) has occurred while \output is active []

 [25]
Underfull \vbox (badness 10000) has occurred while \output is active []

 [26])
Package epstopdf Info: Source file: <Haiti_figure1.eps>
(epstopdf)                    date: 2018-03-27 22:10:33
(epstopdf)                    size: 31786530 bytes
(epstopdf)             Output file: <Haiti_figure1-eps-converted-to.pdf>
(epstopdf)                    date: 2018-03-27 22:22:46
(epstopdf)                    size: 3765206 bytes
(epstopdf)             Command: <repstopdf --outfile=Haiti_figure1-eps-converte
d-to.pdf Haiti_figure1.eps>
(epstopdf)             \includegraphics on input line 167.
Package epstopdf Info: Output file is already uptodate.

<Haiti_figure1-eps-converted-to.pdf, id=96, 1108.14pt x 822.07124pt>
File: Haiti_figure1-eps-converted-to.pdf Graphic file (type pdf)

<use Haiti_figure1-eps-converted-to.pdf>
Package pdftex.def Info: Haiti_figure1-eps-converted-to.pdf used on input line 
167.
(pdftex.def)             Requested size: 357.73405pt x 265.37622pt.
LaTeX Font Info:    Font shape `T1/ntxtlf/bx/n' in size <9> not available
(Font)              Font shape `T1/ntxtlf/b/n' tried instead on input line 169.

LaTeX Font Info:    Font shape `T1/ntxtlf/b/n' will be
(Font)              scaled to size 9.0pt on input line 169.

Underfull \hbox (badness 10000) in paragraph at lines 169--169
[]\T1/ntxtlf/b/n/9 Figure  1. Tec-tonic set-ting of the north-east-ern Caribbea
n and EPGFZ in south-ern Haiti. A: \T1/ntxtlf/m/n/9 Free-air
 []


Underfull \hbox (badness 10000) in paragraph at lines 169--169
\T1/ntxtlf/m/n/9 grav-ity anomaly map of the Greater An-tilles (Cuba, Ja-maica,
 His-pan-iola, Puerto Rico) in the north-east-ern
 []


Underfull \hbox (badness 10000) in paragraph at lines 169--169
\T1/ntxtlf/m/n/9 Caribbean (http://topex.ucsd.edu) with grav-ity lows mark-ing 
zones of sub-duc-tion or thrust-ing along ma-
 []


Underfull \hbox (badness 10000) in paragraph at lines 169--169
\T1/ntxtlf/m/n/9 jor faults (black lines) of the North America-Caribbean plate 
bound-ary. Ar-rows with er-ror el-lipses from
 []


Underfull \hbox (badness 10000) in paragraph at lines 169--169
\T1/ntxtlf/m/it/9 Calais et al. \T1/ntxtlf/m/n/9 [2010] are GPS vec-tors show-i
ng the di-rec-tion and ve-loc-ity of the large North Amer-i-can plate,
 []


Underfull \hbox (badness 10000) in paragraph at lines 169--169
\T1/ntxtlf/m/n/9 the Ba-hamas plat-form (\T1/ntxtlf/b/n/9 BP\T1/ntxtlf/m/n/9 ),
 and in-ter-ven-ing mi-croplates rel-a-tive to a fixed Caribbean plate. Mi-crop
lates
 []


Underfull \hbox (badness 10000) in paragraph at lines 169--169
\T1/ntxtlf/m/n/9 with vari-able rel-a-tive mo-tions oc-cupy the 200 km-wide pla
te bound-ary zone and in-clude: \T1/ntxtlf/b/n/9 NHM \T1/ntxtlf/m/n/9 = North H
is-
 []


Underfull \hbox (badness 10000) in paragraph at lines 169--169
\T1/ntxtlf/m/n/9 pan-iola mi-croplate; \T1/ntxtlf/b/n/9 HM \T1/ntxtlf/m/n/9 = H
is-pan-iola mi-croplate; \T1/ntxtlf/b/n/9 GM \T1/ntxtlf/m/n/9 = Gonâve mi-cropl
ate; \T1/ntxtlf/b/n/9 PRVIM \T1/ntxtlf/m/n/9 = Puerto Rico-Virgin
 []


Underfull \hbox (badness 10000) in paragraph at lines 169--169
\T1/ntxtlf/m/n/9 Is-lands mi-croplate. Box shows more de-tailed map of the EPGF
Z shown in B. \T1/ntxtlf/b/n/9 B: \T1/ntxtlf/m/n/9 Re-gional struc-ture map of
 []


Underfull \hbox (badness 10000) in paragraph at lines 169--169
\T1/ntxtlf/m/n/9 the south-ern penin-sula of Haiti with the ac-tive, left-later
al Enriquillo-Plantain Gar-den fault zone (EPGFZ)
 []


Underfull \hbox (badness 10000) in paragraph at lines 169--169
\T1/ntxtlf/m/n/9 from the Lake En-riquillo in the east to the west-ern tip of t
he south-ern penin-sula. The cen-troid mo-ment ten-sor
 []


Underfull \hbox (badness 10000) in paragraph at lines 169--169
\T1/ntxtlf/m/n/9 (CMT) mech-a-nism is from \T1/ntxtlf/m/it/9 Douilly et al. \T1
/ntxtlf/m/n/9 [2013]. From east to west, key lakes and ma-rine em-bay-ments ali
gned
 []


Underfull \hbox (badness 10000) in paragraph at lines 169--169
\T1/ntxtlf/m/n/9 par-al-lel and over-ly-ing the EPGFZ in-clude: \T1/ntxtlf/b/n/
9 LE \T1/ntxtlf/m/n/9 = Lake En-riquillo, Do-mini-can Re-pub-lic; \T1/ntxtlf/b/
n/9 LA \T1/ntxtlf/m/n/9 = Lake Azuey,
 []


Underfull \hbox (badness 10000) in paragraph at lines 169--169
\T1/ntxtlf/m/n/9 Haiti; \T1/ntxtlf/b/n/9 PAPB \T1/ntxtlf/m/n/9 = Port-au-Prince
 Bay; \T1/ntxtlf/b/n/9 CS \T1/ntxtlf/m/n/9 = Canal du Sud; and \T1/ntxtlf/b/n/9
 LM \T1/ntxtlf/m/n/9 = Lake Mi-ragoâne; \T1/ntxtlf/b/n/9 LF \T1/ntxtlf/m/n/9 = 
Léogâne fault.
 []


Underfull \hbox (badness 10000) in paragraph at lines 169--169
\T1/ntxtlf/m/n/9 Boxes shows more de-tailed maps of the struc-ture of the EPGFZ
 and its sec-ondary faults shown in Fig-ure 2[]A
 []


Underfull \hbox (badness 10000) in paragraph at lines 169--169
\T1/ntxtlf/m/n/9 and Fig-ure 7[]A. \T1/ntxtlf/b/n/9 C: \T1/ntxtlf/m/n/9 Com-pos
-ite, mul-ti-chan-nel seis-mic re-flec-tion line (ac-quired by Cana-dian Su-pe-
rior En-ergy
 []


Underfull \hbox (badness 10000) in paragraph at lines 169--169
\T1/ntxtlf/m/n/9 Inc.) lo-cated as the red line X-X' in B that shows an un-fold
ed area of high-angle faults in the Canal du Sud
 []


Underfull \hbox (badness 10000) in paragraph at lines 169--169
\T1/ntxtlf/m/n/9 tied to the off-shore Cul-de-Sac-1 well, the TBFZ, the EPGFZ, 
the an-ti-cli-nal struc-ture of the south-ern penin-
 []


Underfull \hbox (badness 10000) in paragraph at lines 169--169
\T1/ntxtlf/m/n/9 sula, and a large, south-verging ac-cre-tionary prism along th
e south coast of the south-ern penin-sula. The depth
 []


LaTeX Warning: Float too large for page by 8.82722pt on input line 171.

Package epstopdf Info: Source file: <Haiti_figure2.eps>
(epstopdf)                    date: 2018-05-04 19:26:45
(epstopdf)                    size: 31537362 bytes
(epstopdf)             Output file: <Haiti_figure2-eps-converted-to.pdf>
(epstopdf)                    date: 2018-05-04 20:05:23
(epstopdf)                    size: 3089295 bytes
(epstopdf)             Command: <repstopdf --outfile=Haiti_figure2-eps-converte
d-to.pdf Haiti_figure2.eps>
(epstopdf)             \includegraphics on input line 175.
Package epstopdf Info: Output file is already uptodate.
<Haiti_figure2-eps-converted-to.pdf, id=97, 1360.08125pt x 1146.2825pt>
File: Haiti_figure2-eps-converted-to.pdf Graphic file (type pdf)

<use Haiti_figure2-eps-converted-to.pdf>
Package pdftex.def Info: Haiti_figure2-eps-converted-to.pdf used on input line 
175.
(pdftex.def)             Requested size: 397.48499pt x 335.00206pt.

Underfull \hbox (badness 10000) in paragraph at lines 176--176
[]\T1/ntxtlf/b/n/9 Figure  2. Struc-ture of the EPGFZ in east-ern Haiti. A: \T1
/ntxtlf/m/n/9 Ge-o-logic faults and folds along a 15 km-wide
 []


Underfull \hbox (badness 10000) in paragraph at lines 176--176
\T1/ntxtlf/m/n/9 cor-ri-dor par-al-lel to the EPGFZ su-per-im-posed on a mod-i-
fied DEM and In-SAR sur-face de-for-ma-tion map
 []


Underfull \hbox (badness 10000) in paragraph at lines 176--176
\T1/ntxtlf/m/n/9 [\T1/ntxtlf/m/it/9 Bil-ham and Field-ing\T1/ntxtlf/m/n/9 , 201
3]. Chirp bathymetry of the Lake Azuey is also shown. GPS vec-tors are from
 []


Underfull \hbox (badness 10000) in paragraph at lines 176--176
\T1/ntxtlf/m/it/9 Calais et al. \T1/ntxtlf/m/n/9 [2010]. \T1/ntxtlf/b/n/9 PFZ \
T1/ntxtlf/m/n/9 = Port-au-Prince fault zone; \T1/ntxtlf/b/n/9 DFZ \T1/ntxtlf/m/
n/9 = Du-may fault zone; \T1/ntxtlf/b/n/9 DT \T1/ntxtlf/m/n/9 = Du-may thrust; 
\T1/ntxtlf/b/n/9 NaC
 []


Underfull \hbox (badness 10000) in paragraph at lines 176--176
\T1/ntxtlf/m/n/9 = Nan Cadas-tre thrust; \T1/ntxtlf/b/n/9 JFZ \T1/ntxtlf/m/n/9 
= Jacquet fault zone; \T1/ntxtlf/b/n/9 GFZ \T1/ntxtlf/m/n/9 = Gan-thier fault z
one; \T1/ntxtlf/b/n/9 LF \T1/ntxtlf/m/n/9 = Léogâne fault. Line A
 []


Underfull \hbox (badness 10000) in paragraph at lines 176--176
\T1/ntxtlf/m/n/9 -- A': Cross-section along the blind Léogâne thrust fault (sho
wn in Fig-ure 3[]); Line B -- B': Cross-section of
 []


Underfull \hbox (badness 10000) in paragraph at lines 176--176
\T1/ntxtlf/m/n/9 north Port-au-Prince ur-ban area (shown in Fig-ure 3[]). \T1/n
txtlf/b/n/9 B: \T1/ntxtlf/m/n/9 Shaded DEM of the north-ern de-formed belt in t
he
 []


Underfull \hbox (badness 10000) in paragraph at lines 176--176
\T1/ntxtlf/m/n/9 Cul-de-Sac basin with il-lu-mi-na-tion from the Fig-ure 2[]A s
how-ing $\OML/ntxmi/m/it/9 en []echelon$ \T1/ntxtlf/m/n/9 and curvi-lin-ear fol
ds strik-ing
 []


Underfull \hbox (badness 10000) in paragraph at lines 176--176
\T1/ntxtlf/m/n/9 west-northwest obliquely with re-spect to the EPGFZ and plung-
ing be-neath un-de-formed sed-i-ments oc-cu-py-ing
 []

Package epstopdf Info: Source file: <Haiti_figure4.eps>
(epstopdf)                    date: 2018-04-11 00:43:38
(epstopdf)                    size: 4367514 bytes
(epstopdf)             Output file: <Haiti_figure4-eps-converted-to.pdf>
(epstopdf)                    date: 2018-04-11 01:02:57
(epstopdf)                    size: 420892 bytes
(epstopdf)             Command: <repstopdf --outfile=Haiti_figure4-eps-converte
d-to.pdf Haiti_figure4.eps>
(epstopdf)             \includegraphics on input line 182.
Package epstopdf Info: Output file is already uptodate.
<Haiti_figure4-eps-converted-to.pdf, id=98, 450.68375pt x 414.54875pt>
File: Haiti_figure4-eps-converted-to.pdf Graphic file (type pdf)

<use Haiti_figure4-eps-converted-to.pdf>
Package pdftex.def Info: Haiti_figure4-eps-converted-to.pdf used on input line 
182.
(pdftex.def)             Requested size: 397.48499pt x 365.63266pt.

Underfull \hbox (badness 10000) in paragraph at lines 183--183
[]\T1/ntxtlf/b/n/9 Figure  3. Style of late Neo-gene de-for-ma-tion in the nort
h-ern belt along three tran-sects shown in Fig-
 []


Underfull \hbox (badness 10000) in paragraph at lines 183--183
\T1/ntxtlf/b/n/9 ure 2[]. A-A': \T1/ntxtlf/m/n/9 Af-ter-shocks of the 2010 eart
h-quake [\T1/ntxtlf/m/it/9 Douilly et al.\T1/ntxtlf/m/n/9 , 2013, 2015] along t
he blind Léogâne thrust
 []


Underfull \hbox (badness 10000) in paragraph at lines 183--183
\T1/ntxtlf/m/n/9 fault re-veals con-ju-gate re-verse faults with the dom-i-nant
 slip oc-cur-ring on the north-dipping fault. The red tri-
 []


Underfull \hbox (badness 10000) in paragraph at lines 183--183
\T1/ntxtlf/m/n/9 an-gle in-di-cates Léogâne city. \T1/ntxtlf/b/n/9 B-B': \T1/nt
xtlf/m/n/9 Cross sec-tion based on sur-face map-ping [\T1/ntxtlf/m/it/9 Mas-son
i\T1/ntxtlf/m/n/9 , 1955; \T1/ntxtlf/m/it/9 Cox et al.\T1/ntxtlf/m/n/9 , 2011;
 []


Underfull \hbox (badness 10000) in paragraph at lines 183--183
\T1/ntxtlf/m/it/9 McHugh et al.\T1/ntxtlf/m/n/9 , 2011; \T1/ntxtlf/m/it/9 Saint
 Fleur et al.\T1/ntxtlf/m/n/9 , 2015] show-ing north- and south-dipping re-vers
e faults de-form-ing
 []

Package epstopdf Info: Source file: <Haiti_figure5.eps>
(epstopdf)                    date: 2018-03-28 21:14:14
(epstopdf)                    size: 12844562 bytes
(epstopdf)             Output file: <Haiti_figure5-eps-converted-to.pdf>
(epstopdf)                    date: 2018-03-28 21:14:35
(epstopdf)                    size: 624705 bytes
(epstopdf)             Command: <repstopdf --outfile=Haiti_figure5-eps-converte
d-to.pdf Haiti_figure5.eps>
(epstopdf)             \includegraphics on input line 189.
Package epstopdf Info: Output file is already uptodate.
<Haiti_figure5-eps-converted-to.pdf, id=99, 1325.95375pt x 1044.90375pt>
File: Haiti_figure5-eps-converted-to.pdf Graphic file (type pdf)

<use Haiti_figure5-eps-converted-to.pdf>
Package pdftex.def Info: Haiti_figure5-eps-converted-to.pdf used on input line 
189.
(pdftex.def)             Requested size: 397.48499pt x 313.23438pt.

Underfull \hbox (badness 10000) in paragraph at lines 190--190
[]\T1/ntxtlf/b/n/9 Figure  4. Ge-o-logic set-ting of Lake Azuey, Haiti. A: \T1/
ntxtlf/m/n/9 To the south, the green brack-ish wa-ters of Lake
 []


Underfull \hbox (badness 10000) in paragraph at lines 190--190
\T1/ntxtlf/m/n/9 Azuey are bound by the EPGFZ which forms a sharp bound-ary wit
h 2 km-high, folded lime-stone of Pa-le-o-
 []


Underfull \hbox (badness 10000) in paragraph at lines 190--190
\T1/ntxtlf/m/n/9 gene age that forms the smooth sur-faces on the sky-line. One 
scarp is present along the edge of the lake while
 []


Underfull \hbox (badness 10000) in paragraph at lines 190--190
\T1/ntxtlf/m/n/9 other par-al-lel strands of the EPGFZ are be-neath the south-e
rn part of the lake as schemat-i-cally shown. \T1/ntxtlf/b/n/9 B: \T1/ntxtlf/m/
n/9 To
 []


Underfull \hbox (badness 10000) in paragraph at lines 190--190
\T1/ntxtlf/m/n/9 the north of the lake folded, Plio-Pleistocene strata form the
 up-lifted, 0 -- 30 m-high isth-mus sep-a-rat-ing the
 []

Package epstopdf Info: Source file: <Haiti_figure3.eps>
(epstopdf)                    date: 2018-05-05 18:49:44
(epstopdf)                    size: 13257162 bytes
(epstopdf)             Output file: <Haiti_figure3-eps-converted-to.pdf>
(epstopdf)                    date: 2018-05-05 18:50:11
(epstopdf)                    size: 729611 bytes
(epstopdf)             Command: <repstopdf --outfile=Haiti_figure3-eps-converte
d-to.pdf Haiti_figure3.eps>
(epstopdf)             \includegraphics on input line 196.
Package epstopdf Info: Output file is already uptodate.
<Haiti_figure3-eps-converted-to.pdf, id=100, 639.38875pt x 958.58125pt>
File: Haiti_figure3-eps-converted-to.pdf Graphic file (type pdf)

<use Haiti_figure3-eps-converted-to.pdf>
Package pdftex.def Info: Haiti_figure3-eps-converted-to.pdf used on input line 
196.
(pdftex.def)             Requested size: 317.9892pt x 476.72977pt.

Underfull \hbox (badness 10000) in paragraph at lines 197--197
[]\T1/ntxtlf/b/n/9 Figure  5. Chirp sonar pro-files show-ing the re-la-tion-shi
p of the trace of the EPGFZ and a newly de-
 []


Underfull \hbox (badness 10000) in paragraph at lines 197--197
\T1/ntxtlf/b/n/9 scribed thrust we have named the Ji-mani thrust. \T1/ntxtlf/m/
n/9 Cross sec-tions of A, and B are in-di-cated in Fig-ure 2[]A.
 []


Underfull \hbox (badness 10000) in paragraph at lines 197--197
\T1/ntxtlf/m/n/9 The EPGFZ be-neath Lake Azuey forms a 10 m-wide zone that can 
be traced as a lin-ea-ment to the east and
 []


Underfull \hbox (badness 10000) in paragraph at lines 197--197
\T1/ntxtlf/m/n/9 west of Lake Azuey (Fig-ure 2[]). The green and red hori-zons 
rep-re-sent two dis-tin-guish strati-graphic lay-ers. The
 []


Underfull \hbox (badness 10000) in paragraph at lines 197--197
\T1/ntxtlf/m/n/9 two strands of the EPGFZ are buried by 0.7 m of Holocene sed-i
-ment and are ex-trap-o-lated to be 270 years old
 []


Underfull \hbox (badness 10000) in paragraph at lines 197--197
\T1/ntxtlf/m/n/9 since their last rup-ture when a sed-i-men-ta-tion rate of 2.6
 mm/yr is as-sumed. Folds as-so-ciate with the Ji-mani
 []


Underfull \hbox (badness 10000) in paragraph at lines 197--197
\T1/ntxtlf/m/n/9 thrust are in-ter-preted as fault prop-a-ga-tion folds. \T1/nt
xtlf/b/n/9 C: \T1/ntxtlf/m/n/9 Cross sec-tion based on both sonar sur-vey and t
he sur-face
 []


Underfull \hbox (badness 10000) in paragraph at lines 197--197
\T1/ntxtlf/m/n/9 map-ping [\T1/ntxtlf/m/it/9 Mann et al.\T1/ntxtlf/m/n/9 , 1991
] show-ing north- and south-dipping, re-verse faults de-form-ing Plio-Pleistoce
ne
 []


LaTeX Warning: Float too large for page by 0.18077pt on input line 199.

Package epstopdf Info: Source file: <Haiti_figure6.eps>
(epstopdf)                    date: 2018-03-28 20:12:23
(epstopdf)                    size: 47210010 bytes
(epstopdf)             Output file: <Haiti_figure6-eps-converted-to.pdf>
(epstopdf)                    date: 2018-03-28 20:12:33
(epstopdf)                    size: 5137756 bytes
(epstopdf)             Command: <repstopdf --outfile=Haiti_figure6-eps-converte
d-to.pdf Haiti_figure6.eps>
(epstopdf)             \includegraphics on input line 203.
Package epstopdf Info: Output file is already uptodate.
<Haiti_figure6-eps-converted-to.pdf, id=101, 921.4425pt x 825.0825pt>
File: Haiti_figure6-eps-converted-to.pdf Graphic file (type pdf)

<use Haiti_figure6-eps-converted-to.pdf>
Package pdftex.def Info: Haiti_figure6-eps-converted-to.pdf used on input line 
203.
(pdftex.def)             Requested size: 397.48499pt x 355.91164pt.

Underfull \hbox (badness 10000) in paragraph at lines 204--204
[]\T1/ntxtlf/b/n/9 Figure  6. Struc-ture of the EPGFZ in east-ern Haiti and wes
tern-most Do-mini-can Re-pub-lic. A: \T1/ntxtlf/m/n/9 Struc-
 []


Underfull \hbox (badness 10000) in paragraph at lines 204--204
\T1/ntxtlf/m/n/9 tural map of Lakes Azuey (sur-face 15 m ASL) and Lake En-riqui
llo (sur-face 46 m BSL) are presently sep-a-
 []


Underfull \hbox (badness 10000) in paragraph at lines 204--204
\T1/ntxtlf/m/n/9 rated by a shal-low sill 30 m ASL in the isth-mus near the tow
n of Ji-mani. \T1/ntxtlf/b/n/9 B: \T1/ntxtlf/m/n/9 Com-par-i-son of two Chirp l
ines
 []


Underfull \hbox (badness 10000) in paragraph at lines 204--204
\T1/ntxtlf/m/n/9 from Lake En-riquillo by \T1/ntxtlf/m/it/9 Rios et al. \T1/ntx
tlf/m/n/9 [2013] (3 km-long Line L19) and from our study of Lake Azuey (4 km-
 []


Underfull \hbox (badness 10000) in paragraph at lines 204--204
\T1/ntxtlf/m/n/9 long Line B6). Iden-ti-cal se-quences present on both lines su
g-gest that the two lakes were once part of a sin-gle
 []


Underfull \hbox (badness 10000) in paragraph at lines 204--204
\T1/ntxtlf/m/n/9 lake that has been re-cently sep-a-rated by crustal move-ments
 re-lated to the EPGFZ near the Ji-mani area. Ages
 []


Underfull \hbox (badness 10000) in paragraph at lines 204--204
\T1/ntxtlf/m/n/9 of units are known from Lake En-riquillo through both ex-po-su
res around the sub-sea level lake and from
 []

Package epstopdf Info: Source file: <Haiti_figure7.eps>
(epstopdf)                    date: 2018-04-11 21:51:57
(epstopdf)                    size: 52072510 bytes
(epstopdf)             Output file: <Haiti_figure7-eps-converted-to.pdf>
(epstopdf)                    date: 2018-04-11 22:05:43
(epstopdf)                    size: 5112268 bytes
(epstopdf)             Command: <repstopdf --outfile=Haiti_figure7-eps-converte
d-to.pdf Haiti_figure7.eps>
(epstopdf)             \includegraphics on input line 210.
Package epstopdf Info: Output file is already uptodate.
<Haiti_figure7-eps-converted-to.pdf, id=102, 1416.29124pt x 1121.18875pt>
File: Haiti_figure7-eps-converted-to.pdf Graphic file (type pdf)

<use Haiti_figure7-eps-converted-to.pdf>
Package pdftex.def Info: Haiti_figure7-eps-converted-to.pdf used on input line 
210.
(pdftex.def)             Requested size: 397.48499pt x 314.64925pt.

Underfull \hbox (badness 10000) in paragraph at lines 211--211
[]\T1/ntxtlf/b/n/9 Figure  7. Struc-ture and 2010 co-seis-mic sur-face de-for-m
a-tion of the west-ern seg-ments of the EPGFZ.
 []


Underfull \hbox (badness 10000) in paragraph at lines 211--211
\T1/ntxtlf/b/n/9 A: \T1/ntxtlf/m/n/9 Struc-ture [\T1/ntxtlf/m/it/9 Pren-tice et
 al.\T1/ntxtlf/m/n/9 , 2010; \T1/ntxtlf/m/it/9 Cowgill et al.\T1/ntxtlf/m/n/9 ,
 2012] and af-ter-shock [\T1/ntxtlf/m/it/9 Douilly et al.\T1/ntxtlf/m/n/9 , 201
3] map of
 []


Underfull \hbox (badness 10000) in paragraph at lines 211--211
\T1/ntxtlf/m/n/9 Miragoâne-Léogâne re-gion over-lain with an In-SAR im-age [\T1
/ntxtlf/m/it/9 Bil-ham and Field-ing\T1/ntxtlf/m/n/9 , 2013]. \T1/ntxtlf/b/n/9 
B: \T1/ntxtlf/m/n/9 Zoom of the
 []


Underfull \hbox (badness 10000) in paragraph at lines 211--211
\T1/ntxtlf/m/n/9 area of Pe-tit Goave and Lake Mi-ragoâne show-ing the struc-tu
re and bathymetry of the 14 km$[]$, pull-apart basin
 []


Underfull \hbox (badness 10000) in paragraph at lines 211--211
\T1/ntxtlf/m/n/9 mapped be-neath Lake Mi-ragoâne dur-ing this study and de-tail
s of the 2010 sur-face frac-tur-ing and co-seis-mic
 []

Package epstopdf Info: Source file: <Haiti_figure8.eps>
(epstopdf)                    date: 2018-04-08 16:19:17
(epstopdf)                    size: 128728978 bytes
(epstopdf)             Output file: <Haiti_figure8-eps-converted-to.pdf>
(epstopdf)                    date: 2018-04-08 16:20:28
(epstopdf)                    size: 32290527 bytes
(epstopdf)             Command: <repstopdf --outfile=Haiti_figure8-eps-converte
d-to.pdf Haiti_figure8.eps>
(epstopdf)             \includegraphics on input line 217.
Package epstopdf Info: Output file is already uptodate.
<Haiti_figure8-eps-converted-to.pdf, id=103, 1254.6875pt x 549.05125pt>
File: Haiti_figure8-eps-converted-to.pdf Graphic file (type pdf)

<use Haiti_figure8-eps-converted-to.pdf>
Package pdftex.def Info: Haiti_figure8-eps-converted-to.pdf used on input line 
217.
(pdftex.def)             Requested size: 397.48499pt x 173.94064pt.

Underfull \hbox (badness 10000) in paragraph at lines 218--218
[]\T1/ntxtlf/b/n/9 Figure  8. Ge-o-logic set-ting and sonar pro-files from Lake
 Mi-ragoâne. A: \T1/ntxtlf/m/n/9 View look-ing south across the
 []


Underfull \hbox (badness 10000) in paragraph at lines 218--218
\T1/ntxtlf/m/n/9 12 km-wide and 42.8 m deep, fresh-wa-ter lake. The 2 km-high, 
ridge along the south-ern edge of the lake is
 []


Underfull \hbox (badness 10000) in paragraph at lines 218--218
\T1/ntxtlf/m/n/9 the cu-mu-la-tive to-po-graphic scarp as-so-ci-ated to the sou
th-ern-most strand of the EPGFZ. The core was taken by
 []


Underfull \hbox (badness 10000) in paragraph at lines 218--218
\T1/ntxtlf/m/it/9 Higuera-Gundy et al. \T1/ntxtlf/m/n/9 [1999] and was not col-
lected from the deep-est part of the lake. \T1/ntxtlf/b/n/9 B: \T1/ntxtlf/m/n/9
 North-south trend-ing
 []

Package epstopdf Info: Source file: <Haiti_figure9.eps>
(epstopdf)                    date: 2017-10-05 10:06:33
(epstopdf)                    size: 3013078 bytes
(epstopdf)             Output file: <Haiti_figure9-eps-converted-to.pdf>
(epstopdf)                    date: 2017-10-11 19:28:58
(epstopdf)                    size: 113340 bytes
(epstopdf)             Command: <repstopdf --outfile=Haiti_figure9-eps-converte
d-to.pdf Haiti_figure9.eps>
(epstopdf)             \includegraphics on input line 224.
Package epstopdf Info: Output file is already uptodate.
<Haiti_figure9-eps-converted-to.pdf, id=104, 817.0525pt x 600.2425pt>
File: Haiti_figure9-eps-converted-to.pdf Graphic file (type pdf)

<use Haiti_figure9-eps-converted-to.pdf>
Package pdftex.def Info: Haiti_figure9-eps-converted-to.pdf used on input line 
224.
(pdftex.def)             Requested size: 397.48499pt x 292.01483pt.

Underfull \hbox (badness 10000) in paragraph at lines 225--225
[]\T1/ntxtlf/b/n/9 Figure  9. Core data from Lake Mi-ragoâne. A: \T1/ntxtlf/m/n
/9 Tie be-tween chirp sonar and core [\T1/ntxtlf/m/it/9 Higuera-Gundy et al.\T1
/ntxtlf/m/n/9 ,
 []


Underfull \hbox (badness 10000) in paragraph at lines 225--225
\T1/ntxtlf/m/n/9 1999] ex-tend-ing to la-cus-trine sed-i-ments de-formed by the
 EPGFZ in 1770 A.D.. \T1/ntxtlf/b/n/9 B: \T1/ntxtlf/m/n/9 Low-pass fil-tered E/
P
 []


Underfull \hbox (badness 10000) in paragraph at lines 225--225
\T1/ntxtlf/m/n/9 log (red) and the syn-thetic sonar pro-file gen-er-ated from t
he low-pass fil-tered E/P log used as an acous-tic
 []

Package epstopdf Info: Source file: <Haiti_figure10.eps>
(epstopdf)                    date: 2017-11-19 17:12:46
(epstopdf)                    size: 6365034 bytes
(epstopdf)             Output file: <Haiti_figure10-eps-converted-to.pdf>
(epstopdf)                    date: 2017-11-21 17:27:28
(epstopdf)                    size: 858856 bytes
(epstopdf)             Command: <repstopdf --outfile=Haiti_figure10-eps-convert
ed-to.pdf Haiti_figure10.eps>
(epstopdf)             \includegraphics on input line 231.
Package epstopdf Info: Output file is already uptodate.
<Haiti_figure10-eps-converted-to.pdf, id=105, 819.06pt x 695.59875pt>
File: Haiti_figure10-eps-converted-to.pdf Graphic file (type pdf)

<use Haiti_figure10-eps-converted-to.pdf>
Package pdftex.def Info: Haiti_figure10-eps-converted-to.pdf used on input line
 231.
(pdftex.def)             Requested size: 397.48499pt x 337.57727pt.

Underfull \hbox (badness 10000) in paragraph at lines 232--232
[]\T1/ntxtlf/b/n/9 Figure  10. Three-dimensional block di-a-gram show-ing the s
truc-tural, af-ter-shocks, and the late
 []


Underfull \hbox (badness 10000) in paragraph at lines 232--232
\T1/ntxtlf/b/n/9 Holocene strain par-ti-tion-ing in a 40-km-wide zone along a 1
20 km-long seg-ment of the EPGFZ. \T1/ntxtlf/m/n/9 Black
 []


Underfull \hbox (badness 10000) in paragraph at lines 232--232
\T1/ntxtlf/m/n/9 ar-rows show south-west di-rec-tion of the Gonâve mi-croplate 
rel-a-tive to the Caribbean plate [\T1/ntxtlf/m/it/9 Calais et al.\T1/ntxtlf/m/
n/9 ,
 []


Underfull \hbox (badness 10000) in paragraph at lines 232--232
\T1/ntxtlf/m/n/9 2010]. The 2010 InSAR-derived sur-face de-for-ma-tion map show
 a large com-po-nent of short-en-ing ac-com-mo-
 []


Underfull \hbox (badness 10000) in paragraph at lines 232--232
\T1/ntxtlf/m/n/9 dated on a 40 km-wide zone of oblique thrusts and folds north 
of the EPGFZ. \T1/ntxtlf/b/n/9 PaP \T1/ntxtlf/m/n/9 = Port-au-Prince; \T1/ntxtl
f/b/n/9 PG \T1/ntxtlf/m/n/9 =
 []


Underfull \hbox (badness 10000) in paragraph at lines 232--232
\T1/ntxtlf/m/n/9 Pe-tit Goave; \T1/ntxtlf/b/n/9 LA \T1/ntxtlf/m/n/9 = Lake Azue
y; \T1/ntxtlf/b/n/9 LM \T1/ntxtlf/m/n/9 = Lake Miragoâne-Léogâne; \T1/ntxtlf/b/
n/9 JF \T1/ntxtlf/m/n/9 = Ji-mani thrust fault; \T1/ntxtlf/b/n/9 LMF \T1/ntxtlf
/m/n/9 = Lamartin
 []


Underfull \hbox (badness 10000) in paragraph at lines 232--232
\T1/ntxtlf/m/n/9 thrust fault; \T1/ntxtlf/b/n/9 TBF \T1/ntxtlf/m/n/9 = Trois Ba
ies thrust fault; \T1/ntxtlf/b/n/9 LF \T1/ntxtlf/m/n/9 = Léogâne fault. The in-
serted schematic di-a-gram, mod-i-fied
 []

Package epstopdf Info: Source file: <Haiti_figure11.eps>
(epstopdf)                    date: 2017-11-19 17:49:10
(epstopdf)                    size: 44862194 bytes
(epstopdf)             Output file: <Haiti_figure11-eps-converted-to.pdf>
(epstopdf)                    date: 2017-11-21 17:27:30
(epstopdf)                    size: 2086796 bytes
(epstopdf)             Command: <repstopdf --outfile=Haiti_figure11-eps-convert
ed-to.pdf Haiti_figure11.eps>
(epstopdf)             \includegraphics on input line 238.
Package epstopdf Info: Output file is already uptodate.
<Haiti_figure11-eps-converted-to.pdf, id=106, 820.06375pt x 574.145pt>
File: Haiti_figure11-eps-converted-to.pdf Graphic file (type pdf)

<use Haiti_figure11-eps-converted-to.pdf>
Package pdftex.def Info: Haiti_figure11-eps-converted-to.pdf used on input line
 238.
(pdftex.def)             Requested size: 397.48499pt x 278.29353pt.

Underfull \hbox (badness 10000) in paragraph at lines 239--239
[]\T1/ntxtlf/b/n/9 Figure  11. Struc-tural map of the south-ern San Fran-cisco 
Bay re-gion, the cos-seismic el-e-va-tion and
 []


Underfull \hbox (badness 10000) in paragraph at lines 239--239
\T1/ntxtlf/b/n/9 the af-ter-shock cross-section of 1989 $\OML/ntxmi/m/it/9 M[]$
 \T1/ntxtlf/b/n/9 6.9 Loma Pri-eta earth-quake. \T1/ntxtlf/m/n/9 The se-lected 
GPS vec-tors rel-a-tive
 []


Underfull \hbox (badness 10000) in paragraph at lines 239--239
\T1/ntxtlf/m/n/9 to a fixed North Amer-ica plate are from \T1/ntxtlf/m/it/9 UN-
AVCO (Uni-ver-sity Navs-tar Con-sor-tium) \T1/ntxtlf/m/n/9 [2009]. The cos-seis
mic
 []


Underfull \hbox (badness 10000) in paragraph at lines 239--239
\T1/ntxtlf/m/n/9 el-e-va-tion change and af-ter-shock cross-section are mod-i-f
ied from \T1/ntxtlf/m/it/9 Mar-shall et al. \T1/ntxtlf/m/n/9 [1991]. \T1/ntxtlf
/b/n/9 SAF\T1/ntxtlf/m/n/9 : San An-dreas
 []

[27] [28 <./Haiti_figure1-eps-converted-to.pdf>] [29 <./Haiti_figure2-eps-conve
rted-to.pdf>] [30 <./Haiti_figure4-eps-converted-to.pdf>] [31 <./Haiti_figure5-
eps-converted-to.pdf>] [32 <./Haiti_figure3-eps-converted-to.pdf>] [33 <./Haiti
_figure6-eps-converted-to.pdf>] [34 <./Haiti_figure7-eps-converted-to.pdf>]
[35 <./Haiti_figure8-eps-converted-to.pdf>] [36 <./Haiti_figure9-eps-converted-
to.pdf>] [37 <./Haiti_figure10-eps-converted-to.pdf>] [38 <./Haiti_figure11-eps
-converted-to.pdf>] (./Haiti_agu_revised_nohighlight.aux) ) 
Here is how much of TeX's memory you used:
 6444 strings out of 493089
 89099 string characters out of 6134842
 163547 words of memory out of 5000000
 9736 multiletter control sequences out of 15000+600000
 89514 words of font info for 116 fonts, out of 8000000 for 9000
 1147 hyphenation exceptions out of 8191
 41i,8n,37p,2901b,435s stack positions out of 5000i,500n,10000p,200000b,80000s
{/usr/local/texlive/
2015/texmf-dist/fonts/enc/dvips/newtx/ntx-ec-tlf.enc}{/usr/local/texlive/2015/t
exmf-dist/fonts/enc/dvips/base/8r.enc}{/usr/local/texlive/2015/texmf-dist/fonts
/enc/dvips/tex-gyre/q-ec.enc}</usr/local/texlive/2015/texmf-dist/fonts/type1/pu
blic/tex-gyre/qhvr.pfb></usr/local/texlive/2015/texmf-dist/fonts/type1/public/t
ex-gyre/qtmb.pfb></usr/local/texlive/2015/texmf-dist/fonts/type1/public/tex-gyr
e/qtmbi.pfb></usr/local/texlive/2015/texmf-dist/fonts/type1/public/tex-gyre/qtm
r.pfb></usr/local/texlive/2015/texmf-dist/fonts/type1/public/tex-gyre/qtmri.pfb
></usr/local/texlive/2015/texmf-dist/fonts/type1/public/newtx/rntxbmi.pfb></usr
/local/texlive/2015/texmf-dist/fonts/type1/public/newtx/rntxmi7.pfb></usr/local
/texlive/2015/texmf-dist/fonts/type1/public/txfonts/rtxmi.pfb></usr/local/texli
ve/2015/texmf-dist/fonts/type1/public/txfonts/t1xtt.pfb></usr/local/texlive/201
5/texmf-dist/fonts/type1/public/txfonts/txsy.pfb></usr/local/texlive/2015/texmf
-dist/fonts/type1/urw/times/utmri8a.pfb>
Output written on Haiti_agu_revised_nohighlight.pdf (38 pages, 54363092 bytes).

PDF statistics:
 790 PDF objects out of 1000 (max. 8388607)
 290 compressed objects within 3 object streams
 0 named destinations out of 1000 (max. 500000)
 56 words of extra memory for PDF output out of 10000 (max. 10000000)

