This is pdfTeX, Version 3.14159265-2.6-1.40.16 (TeX Live 2015) (preloaded format=pdflatex 2015.5.24)  18 SEP 2018 20:19
entering extended mode
 restricted \write18 enabled.
 file:line:error style messages enabled.
 %&-line parsing enabled.
**Haiti_agu_revised_3_clean.tex
(./Haiti_agu_revised_3_clean.tex
LaTeX2e <2015/01/01>
Babel <3.9l> and hyphenation patterns for 79 languages loaded.
(./agujournal.cls
Document Class: agujournal 08/06/2016
(/usr/local/texlive/2015/texmf-dist/tex/latex/newtx/newtxtext.sty
Package: newtxtext 2015/05/01 v1.437

`newtxtext' v1.437, 2015/05/01 Text macros taking advantage of TeX-Gyre Termes 
fonts (msharpe)
(/usr/local/texlive/2015/texmf-dist/tex/latex/fontaxes/fontaxes.sty
Package: fontaxes 2014/03/23 v1.0d Font selection axes
LaTeX Info: Redefining \upshape on input line 29.
LaTeX Info: Redefining \itshape on input line 31.
LaTeX Info: Redefining \slshape on input line 33.
LaTeX Info: Redefining \scshape on input line 37.
)
\ntx@fs=\dimen102

(/usr/local/texlive/2015/texmf-dist/tex/latex/xkeyval/xkeyval.sty
Package: xkeyval 2014/12/03 v2.7a package option processing (HA)

(/usr/local/texlive/2015/texmf-dist/tex/generic/xkeyval/xkeyval.tex
(/usr/local/texlive/2015/texmf-dist/tex/generic/xkeyval/xkvutils.tex
\XKV@toks=\toks14
\XKV@tempa@toks=\toks15

(/usr/local/texlive/2015/texmf-dist/tex/generic/xkeyval/keyval.tex))
\XKV@depth=\count79
File: xkeyval.tex 2014/12/03 v2.7a key=value parser (HA)
))
(/usr/local/texlive/2015/texmf-dist/tex/latex/etoolbox/etoolbox.sty
Package: etoolbox 2015/05/04 v2.2 e-TeX tools for LaTeX (JAW)
\etb@tempcnta=\count80
)
(/usr/local/texlive/2015/texmf-dist/tex/latex/base/fontenc.sty
Package: fontenc 2005/09/27 v1.99g Standard LaTeX package

(/usr/local/texlive/2015/texmf-dist/tex/latex/base/t1enc.def
File: t1enc.def 2005/09/27 v1.99g Standard LaTeX file
LaTeX Font Info:    Redeclaring font encoding T1 on input line 48.
))
(/usr/local/texlive/2015/texmf-dist/tex/latex/base/textcomp.sty
Package: textcomp 2005/09/27 v1.99g Standard LaTeX package
Package textcomp Info: Sub-encoding information:
(textcomp)               5 = only ISO-Adobe without \textcurrency
(textcomp)               4 = 5 + \texteuro
(textcomp)               3 = 4 + \textohm
(textcomp)               2 = 3 + \textestimated + \textcurrency
(textcomp)               1 = TS1 - \textcircled - \t
(textcomp)               0 = TS1 (full)
(textcomp)             Font families with sub-encoding setting implement
(textcomp)             only a restricted character set as indicated.
(textcomp)             Family '?' is the default used for unknown fonts.
(textcomp)             See the documentation for details.
Package textcomp Info: Setting ? sub-encoding to TS1/1 on input line 79.
Package textcomp Info: Changing ? sub-encoding to TS1/0 on input line 80.

(/usr/local/texlive/2015/texmf-dist/tex/latex/base/ts1enc.def
File: ts1enc.def 2001/06/05 v3.0e (jk/car/fm) Standard LaTeX file
)
LaTeX Info: Redefining \oldstylenums on input line 334.
Package textcomp Info: Setting cmr sub-encoding to TS1/0 on input line 349.
Package textcomp Info: Setting cmss sub-encoding to TS1/0 on input line 350.
Package textcomp Info: Setting cmtt sub-encoding to TS1/0 on input line 351.
Package textcomp Info: Setting cmvtt sub-encoding to TS1/0 on input line 352.
Package textcomp Info: Setting cmbr sub-encoding to TS1/0 on input line 353.
Package textcomp Info: Setting cmtl sub-encoding to TS1/0 on input line 354.
Package textcomp Info: Setting ccr sub-encoding to TS1/0 on input line 355.
Package textcomp Info: Setting ptm sub-encoding to TS1/4 on input line 356.
Package textcomp Info: Setting pcr sub-encoding to TS1/4 on input line 357.
Package textcomp Info: Setting phv sub-encoding to TS1/4 on input line 358.
Package textcomp Info: Setting ppl sub-encoding to TS1/3 on input line 359.
Package textcomp Info: Setting pag sub-encoding to TS1/4 on input line 360.
Package textcomp Info: Setting pbk sub-encoding to TS1/4 on input line 361.
Package textcomp Info: Setting pnc sub-encoding to TS1/4 on input line 362.
Package textcomp Info: Setting pzc sub-encoding to TS1/4 on input line 363.
Package textcomp Info: Setting bch sub-encoding to TS1/4 on input line 364.
Package textcomp Info: Setting put sub-encoding to TS1/5 on input line 365.
Package textcomp Info: Setting uag sub-encoding to TS1/5 on input line 366.
Package textcomp Info: Setting ugq sub-encoding to TS1/5 on input line 367.
Package textcomp Info: Setting ul8 sub-encoding to TS1/4 on input line 368.
Package textcomp Info: Setting ul9 sub-encoding to TS1/4 on input line 369.
Package textcomp Info: Setting augie sub-encoding to TS1/5 on input line 370.
Package textcomp Info: Setting dayrom sub-encoding to TS1/3 on input line 371.
Package textcomp Info: Setting dayroms sub-encoding to TS1/3 on input line 372.

Package textcomp Info: Setting pxr sub-encoding to TS1/0 on input line 373.
Package textcomp Info: Setting pxss sub-encoding to TS1/0 on input line 374.
Package textcomp Info: Setting pxtt sub-encoding to TS1/0 on input line 375.
Package textcomp Info: Setting txr sub-encoding to TS1/0 on input line 376.
Package textcomp Info: Setting txss sub-encoding to TS1/0 on input line 377.
Package textcomp Info: Setting txtt sub-encoding to TS1/0 on input line 378.
Package textcomp Info: Setting lmr sub-encoding to TS1/0 on input line 379.
Package textcomp Info: Setting lmdh sub-encoding to TS1/0 on input line 380.
Package textcomp Info: Setting lmss sub-encoding to TS1/0 on input line 381.
Package textcomp Info: Setting lmssq sub-encoding to TS1/0 on input line 382.
Package textcomp Info: Setting lmvtt sub-encoding to TS1/0 on input line 383.
Package textcomp Info: Setting lmtt sub-encoding to TS1/0 on input line 384.
Package textcomp Info: Setting qhv sub-encoding to TS1/0 on input line 385.
Package textcomp Info: Setting qag sub-encoding to TS1/0 on input line 386.
Package textcomp Info: Setting qbk sub-encoding to TS1/0 on input line 387.
Package textcomp Info: Setting qcr sub-encoding to TS1/0 on input line 388.
Package textcomp Info: Setting qcs sub-encoding to TS1/0 on input line 389.
Package textcomp Info: Setting qpl sub-encoding to TS1/0 on input line 390.
Package textcomp Info: Setting qtm sub-encoding to TS1/0 on input line 391.
Package textcomp Info: Setting qzc sub-encoding to TS1/0 on input line 392.
Package textcomp Info: Setting qhvc sub-encoding to TS1/0 on input line 393.
Package textcomp Info: Setting futs sub-encoding to TS1/4 on input line 394.
Package textcomp Info: Setting futx sub-encoding to TS1/4 on input line 395.
Package textcomp Info: Setting futj sub-encoding to TS1/4 on input line 396.
Package textcomp Info: Setting hlh sub-encoding to TS1/3 on input line 397.
Package textcomp Info: Setting hls sub-encoding to TS1/3 on input line 398.
Package textcomp Info: Setting hlst sub-encoding to TS1/3 on input line 399.
Package textcomp Info: Setting hlct sub-encoding to TS1/5 on input line 400.
Package textcomp Info: Setting hlx sub-encoding to TS1/5 on input line 401.
Package textcomp Info: Setting hlce sub-encoding to TS1/5 on input line 402.
Package textcomp Info: Setting hlcn sub-encoding to TS1/5 on input line 403.
Package textcomp Info: Setting hlcw sub-encoding to TS1/5 on input line 404.
Package textcomp Info: Setting hlcf sub-encoding to TS1/5 on input line 405.
Package textcomp Info: Setting pplx sub-encoding to TS1/3 on input line 406.
Package textcomp Info: Setting pplj sub-encoding to TS1/3 on input line 407.
Package textcomp Info: Setting ptmx sub-encoding to TS1/4 on input line 408.
Package textcomp Info: Setting ptmj sub-encoding to TS1/4 on input line 409.
))
(/usr/local/texlive/2015/texmf-dist/tex/latex/newtx/newtxmath.sty
Package: newtxmath 2015/05/01 v1.437

`newtxmath' v1.437, 2015/05/01 Math macros based on txfonts (msharpe)
(/usr/local/texlive/2015/texmf-dist/tex/latex/amsmath/amsmath.sty
Package: amsmath 2013/01/14 v2.14 AMS math features
\@mathmargin=\skip41

For additional information on amsmath, use the `?' option.
(/usr/local/texlive/2015/texmf-dist/tex/latex/amsmath/amstext.sty
Package: amstext 2000/06/29 v2.01

(/usr/local/texlive/2015/texmf-dist/tex/latex/amsmath/amsgen.sty
File: amsgen.sty 1999/11/30 v2.0
\@emptytoks=\toks16
\ex@=\dimen103
))
(/usr/local/texlive/2015/texmf-dist/tex/latex/amsmath/amsbsy.sty
Package: amsbsy 1999/11/29 v1.2d
\pmbraise@=\dimen104
)
(/usr/local/texlive/2015/texmf-dist/tex/latex/amsmath/amsopn.sty
Package: amsopn 1999/12/14 v2.01 operator names
)
\inf@bad=\count81
LaTeX Info: Redefining \frac on input line 210.
\uproot@=\count82
\leftroot@=\count83
LaTeX Info: Redefining \overline on input line 306.
\classnum@=\count84
\DOTSCASE@=\count85
LaTeX Info: Redefining \ldots on input line 378.
LaTeX Info: Redefining \dots on input line 381.
LaTeX Info: Redefining \cdots on input line 466.
\Mathstrutbox@=\box26
\strutbox@=\box27
\big@size=\dimen105
LaTeX Font Info:    Redeclaring font encoding OML on input line 566.
LaTeX Font Info:    Redeclaring font encoding OMS on input line 567.
\macc@depth=\count86
\c@MaxMatrixCols=\count87
\dotsspace@=\muskip10
\c@parentequation=\count88
\dspbrk@lvl=\count89
\tag@help=\toks17
\row@=\count90
\column@=\count91
\maxfields@=\count92
\andhelp@=\toks18
\eqnshift@=\dimen106
\alignsep@=\dimen107
\tagshift@=\dimen108
\tagwidth@=\dimen109
\totwidth@=\dimen110
\lineht@=\dimen111
\@envbody=\toks19
\multlinegap=\skip42
\multlinetaggap=\skip43
\mathdisplay@stack=\toks20
LaTeX Info: Redefining \[ on input line 2665.
LaTeX Info: Redefining \] on input line 2666.
)
(/usr/local/texlive/2015/texmf-dist/tex/generic/ifxetex/ifxetex.sty
Package: ifxetex 2010/09/12 v0.6 Provides ifxetex conditional
)
(/usr/local/texlive/2015/texmf-dist/tex/generic/oberdiek/ifluatex.sty
Package: ifluatex 2010/03/01 v1.3 Provides the ifluatex switch (HO)
Package ifluatex Info: LuaTeX not detected.
)
(/usr/local/texlive/2015/texmf-dist/tex/generic/kastrup/binhex.tex)
\tx@Isdigit=\count93
LaTeX Font Info:    Redeclaring symbol font `operators' on input line 107.
LaTeX Font Info:    Encoding `OT1' has changed to `T1' for symbol font
(Font)              `operators' in the math version `normal' on input line 107.

LaTeX Font Info:    Overwriting symbol font `operators' in version `normal'
(Font)                  OT1/cmr/m/n --> T1/ntxtlf/m/n on input line 107.
LaTeX Font Info:    Encoding `OT1' has changed to `T1' for symbol font
(Font)              `operators' in the math version `bold' on input line 107.
LaTeX Font Info:    Overwriting symbol font `operators' in version `bold'
(Font)                  OT1/cmr/bx/n --> T1/ntxtlf/m/n on input line 107.
LaTeX Font Info:    Overwriting symbol font `operators' in version `bold'
(Font)                  T1/ntxtlf/m/n --> T1/ntxtlf/b/n on input line 108.
LaTeX Font Info:    Redeclaring math alphabet \mathsf on input line 114.
LaTeX Font Info:    Overwriting math alphabet `\mathsf' in version `normal'
(Font)                  OT1/cmss/m/n --> T1/qhv/m/n on input line 114.
LaTeX Font Info:    Overwriting math alphabet `\mathsf' in version `bold'
(Font)                  OT1/cmss/bx/n --> T1/qhv/m/n on input line 114.
LaTeX Font Info:    Redeclaring math alphabet \mathit on input line 115.
LaTeX Font Info:    Overwriting math alphabet `\mathit' in version `normal'
(Font)                  OT1/cmr/m/it --> T1/ntxtlf/m/it on input line 115.
LaTeX Font Info:    Overwriting math alphabet `\mathit' in version `bold'
(Font)                  OT1/cmr/bx/it --> T1/ntxtlf/m/it on input line 115.
LaTeX Font Info:    Redeclaring math alphabet \mathtt on input line 116.
LaTeX Font Info:    Overwriting math alphabet `\mathtt' in version `normal'
(Font)                  OT1/cmtt/m/n --> T1/ntxtt/m/n on input line 116.
LaTeX Font Info:    Overwriting math alphabet `\mathtt' in version `bold'
(Font)                  OT1/cmtt/m/n --> T1/ntxtt/m/n on input line 116.
LaTeX Font Info:    Redeclaring math alphabet \mathbf on input line 118.
LaTeX Font Info:    Overwriting math alphabet `\mathbf' in version `normal'
(Font)                  OT1/cmr/bx/n --> T1/ntxtlf/b/n on input line 118.
LaTeX Font Info:    Overwriting math alphabet `\mathbf' in version `bold'
(Font)                  OT1/cmr/bx/n --> T1/ntxtlf/b/n on input line 118.
LaTeX Font Info:    Overwriting math alphabet `\mathit' in version `bold'
(Font)                  T1/ntxtlf/m/it --> T1/ntxtlf/b/it on input line 119.
LaTeX Font Info:    Overwriting math alphabet `\mathsf' in version `bold'
(Font)                  T1/qhv/m/n --> T1/qhv/b/n on input line 120.
LaTeX Font Info:    Overwriting math alphabet `\mathtt' in version `bold'
(Font)                  T1/ntxtt/m/n --> T1/ntxtt/b/n on input line 121.
LaTeX Font Info:    Redeclaring symbol font `letters' on input line 162.
LaTeX Font Info:    Overwriting symbol font `letters' in version `normal'
(Font)                  OML/cmm/m/it --> OML/ntxmi/m/it on input line 162.
LaTeX Font Info:    Overwriting symbol font `letters' in version `bold'
(Font)                  OML/cmm/b/it --> OML/ntxmi/m/it on input line 162.
LaTeX Font Info:    Overwriting symbol font `letters' in version `bold'
(Font)                  OML/ntxmi/m/it --> OML/ntxmi/b/it on input line 163.
\symlettersA=\mathgroup4
LaTeX Font Info:    Overwriting symbol font `lettersA' in version `bold'
(Font)                  U/ntxmia/m/it --> U/ntxmia/b/it on input line 177.
LaTeX Font Info:    Redeclaring symbol font `symbols' on input line 185.
LaTeX Font Info:    Overwriting symbol font `symbols' in version `normal'
(Font)                  OMS/cmsy/m/n --> OMS/ntxsy/m/n on input line 185.
LaTeX Font Info:    Overwriting symbol font `symbols' in version `bold'
(Font)                  OMS/cmsy/b/n --> OMS/ntxsy/m/n on input line 185.
LaTeX Font Info:    Overwriting symbol font `symbols' in version `bold'
(Font)                  OMS/ntxsy/m/n --> OMS/ntxsy/b/n on input line 186.
\symAMSm=\mathgroup5
LaTeX Font Info:    Overwriting symbol font `AMSm' in version `bold'
(Font)                  U/ntxsym/m/n --> U/ntxsym/b/n on input line 206.
\symsymbolsC=\mathgroup6
LaTeX Font Info:    Overwriting symbol font `symbolsC' in version `bold'
(Font)                  U/ntxsyc/m/n --> U/ntxsyc/b/n on input line 227.
LaTeX Font Info:    Redeclaring symbol font `largesymbols' on input line 240.
LaTeX Font Info:    Encoding `OMX' has changed to `LMX' for symbol font
(Font)              `largesymbols' in the math version `normal' on input line 2
40.
LaTeX Font Info:    Overwriting symbol font `largesymbols' in version `normal'
(Font)                  OMX/cmex/m/n --> LMX/ntxexx/m/n on input line 240.
LaTeX Font Info:    Encoding `OMX' has changed to `LMX' for symbol font
(Font)              `largesymbols' in the math version `bold' on input line 240
.
LaTeX Font Info:    Overwriting symbol font `largesymbols' in version `bold'
(Font)                  OMX/cmex/m/n --> LMX/ntxexx/m/n on input line 240.
LaTeX Font Info:    Overwriting symbol font `largesymbols' in version `bold'
(Font)                  LMX/ntxexx/m/n --> LMX/ntxexx/b/n on input line 241.
\symlargesymbolsTXA=\mathgroup7
LaTeX Font Info:    Overwriting symbol font `largesymbolsTXA' in version `bold'

(Font)                  U/ntxexa/m/n --> U/ntxexa/b/n on input line 255.
LaTeX Info: Redefining \not on input line 1638.
)
(/usr/local/texlive/2015/texmf-dist/tex/latex/graphics/graphicx.sty
Package: graphicx 2014/10/28 v1.0g Enhanced LaTeX Graphics (DPC,SPQR)

(/usr/local/texlive/2015/texmf-dist/tex/latex/graphics/graphics.sty
Package: graphics 2014/10/28 v1.0p Standard LaTeX Graphics (DPC,SPQR)

(/usr/local/texlive/2015/texmf-dist/tex/latex/graphics/trig.sty
Package: trig 1999/03/16 v1.09 sin cos tan (DPC)
)
(/usr/local/texlive/2015/texmf-dist/tex/latex/latexconfig/graphics.cfg
File: graphics.cfg 2010/04/23 v1.9 graphics configuration of TeX Live
)
Package graphics Info: Driver file: pdftex.def on input line 94.

(/usr/local/texlive/2015/texmf-dist/tex/latex/pdftex-def/pdftex.def
File: pdftex.def 2011/05/27 v0.06d Graphics/color for pdfTeX

(/usr/local/texlive/2015/texmf-dist/tex/generic/oberdiek/infwarerr.sty
Package: infwarerr 2010/04/08 v1.3 Providing info/warning/error messages (HO)
)
(/usr/local/texlive/2015/texmf-dist/tex/generic/oberdiek/ltxcmds.sty
Package: ltxcmds 2011/11/09 v1.22 LaTeX kernel commands for general use (HO)
)
\Gread@gobject=\count94
))
\Gin@req@height=\dimen112
\Gin@req@width=\dimen113
)
(/usr/local/texlive/2015/texmf-dist/tex/latex/xcolor/xcolor.sty
Package: xcolor 2007/01/21 v2.11 LaTeX color extensions (UK)

(/usr/local/texlive/2015/texmf-dist/tex/latex/latexconfig/color.cfg
File: color.cfg 2007/01/18 v1.5 color configuration of teTeX/TeXLive
)
Package xcolor Info: Driver file: pdftex.def on input line 225.
Package xcolor Info: Model `cmy' substituted by `cmy0' on input line 1337.
Package xcolor Info: Model `hsb' substituted by `rgb' on input line 1341.
Package xcolor Info: Model `RGB' extended on input line 1353.
Package xcolor Info: Model `HTML' substituted by `rgb' on input line 1355.
Package xcolor Info: Model `Hsb' substituted by `hsb' on input line 1356.
Package xcolor Info: Model `tHsb' substituted by `hsb' on input line 1357.
Package xcolor Info: Model `HSB' substituted by `hsb' on input line 1358.
Package xcolor Info: Model `Gray' substituted by `gray' on input line 1359.
Package xcolor Info: Model `wave' substituted by `hsb' on input line 1360.
)
(/usr/local/texlive/2015/texmf-dist/tex/latex/lineno/lineno.sty
Package: lineno 2005/11/02 line numbers on paragraphs v4.41
\linenopenalty=\count95
\output=\toks21
\linenoprevgraf=\count96
\linenumbersep=\dimen114
\linenumberwidth=\dimen115
\c@linenumber=\count97
\c@pagewiselinenumber=\count98
\c@LN@truepage=\count99
\c@internallinenumber=\count100
\c@internallinenumbers=\count101
\quotelinenumbersep=\dimen116
\bframerule=\dimen117
\bframesep=\dimen118
\bframebox=\box28
LaTeX Info: Redefining \\ on input line 3056.
)
(/usr/local/texlive/2015/texmf-dist/tex/latex/tools/indentfirst.sty
Package: indentfirst 1995/11/23 v1.03 Indent first paragraph (DPC)
)
(/usr/local/texlive/2015/texmf-dist/tex/latex/ms/ragged2e.sty
Package: ragged2e 2009/05/21 v2.1 ragged2e Package (MS)

(/usr/local/texlive/2015/texmf-dist/tex/latex/ms/everysel.sty
Package: everysel 2011/10/28 v1.2 EverySelectfont Package (MS)
)
\CenteringLeftskip=\skip44
\RaggedLeftLeftskip=\skip45
\RaggedRightLeftskip=\skip46
\CenteringRightskip=\skip47
\RaggedLeftRightskip=\skip48
\RaggedRightRightskip=\skip49
\CenteringParfillskip=\skip50
\RaggedLeftParfillskip=\skip51
\RaggedRightParfillskip=\skip52
\JustifyingParfillskip=\skip53
\CenteringParindent=\skip54
\RaggedLeftParindent=\skip55
\RaggedRightParindent=\skip56
\JustifyingParindent=\skip57
)
(/usr/local/texlive/2015/texmf-dist/tex/latex/rotating/rotating.sty
Package: rotating 2009/03/28 v2.16a rotated objects in LaTeX

(/usr/local/texlive/2015/texmf-dist/tex/latex/base/ifthen.sty
Package: ifthen 2014/09/29 v1.1c Standard LaTeX ifthen package (DPC)
)
\c@r@tfl@t=\count102
\rotFPtop=\skip58
\rotFPbot=\skip59
\rot@float@box=\box29
\rot@mess@toks=\toks22
)
(/usr/local/texlive/2015/texmf-dist/tex/generic/ulem/ulem.sty
\UL@box=\box30
\UL@hyphenbox=\box31
\UL@skip=\skip60
\UL@hook=\toks23
\UL@height=\dimen119
\UL@pe=\count103
\UL@pixel=\dimen120
\ULC@box=\box32
Package: ulem 2012/05/18
\ULdepth=\dimen121
)
\draftskip=\count104
\c@section=\count105
\c@subsection=\count106
\c@subsubsection=\count107
\c@paragraph=\count108
\c@subparagraph=\count109
\c@figure=\count110
\c@table=\count111
\abovecaptionskip=\skip61
\belowcaptionskip=\skip62
\c@appendnum=\count112
\bibindent=\dimen122

(/usr/local/texlive/2015/texmf-dist/tex/latex/natbib/natbib.sty
Package: natbib 2010/09/13 8.31b (PWD, AO)
\bibhang=\skip63
\bibsep=\skip64
LaTeX Info: Redefining \cite on input line 694.
\c@NAT@ctr=\count113
)
\refchangenumber=\count114
\listchangenum=\count115
)
(/usr/local/texlive/2015/texmf-dist/tex/latex/soul/soul.sty
Package: soul 2003/11/17 v2.4 letterspacing/underlining (mf)
\SOUL@word=\toks24
\SOUL@lasttoken=\toks25
\SOUL@cmds=\toks26
\SOUL@buffer=\toks27
\SOUL@token=\toks28
\SOUL@spaceskip=\skip65
\SOUL@ttwidth=\dimen123
\SOUL@uldp=\dimen124
\SOUL@ulht=\dimen125
)
(/usr/local/texlive/2015/texmf-dist/tex/latex/breakcites/breakcites.sty)
(/usr/local/texlive/2015/texmf-dist/tex/latex/hyperref/hyperref.sty
Package: hyperref 2012/11/06 v6.83m Hypertext links for LaTeX

(/usr/local/texlive/2015/texmf-dist/tex/generic/oberdiek/hobsub-hyperref.sty
Package: hobsub-hyperref 2012/05/28 v1.13 Bundle oberdiek, subset hyperref (HO)


(/usr/local/texlive/2015/texmf-dist/tex/generic/oberdiek/hobsub-generic.sty
Package: hobsub-generic 2012/05/28 v1.13 Bundle oberdiek, subset generic (HO)
Package: hobsub 2012/05/28 v1.13 Construct package bundles (HO)
Package hobsub Info: Skipping package `infwarerr' (already loaded).
Package hobsub Info: Skipping package `ltxcmds' (already loaded).
Package hobsub Info: Skipping package `ifluatex' (already loaded).
Package: ifvtex 2010/03/01 v1.5 Detect VTeX and its facilities (HO)
Package ifvtex Info: VTeX not detected.
Package: intcalc 2007/09/27 v1.1 Expandable calculations with integers (HO)
Package: ifpdf 2011/01/30 v2.3 Provides the ifpdf switch (HO)
Package ifpdf Info: pdfTeX in PDF mode is detected.
Package: etexcmds 2011/02/16 v1.5 Avoid name clashes with e-TeX commands (HO)
Package etexcmds Info: Could not find \expanded.
(etexcmds)             That can mean that you are not using pdfTeX 1.50 or
(etexcmds)             that some package has redefined \expanded.
(etexcmds)             In the latter case, load this package earlier.
Package: kvsetkeys 2012/04/25 v1.16 Key value parser (HO)
Package: kvdefinekeys 2011/04/07 v1.3 Define keys (HO)
Package: pdftexcmds 2011/11/29 v0.20 Utility functions of pdfTeX for LuaTeX (HO
)
Package pdftexcmds Info: LuaTeX not detected.
Package pdftexcmds Info: \pdf@primitive is available.
Package pdftexcmds Info: \pdf@ifprimitive is available.
Package pdftexcmds Info: \pdfdraftmode found.
Package: pdfescape 2011/11/25 v1.13 Implements pdfTeX's escape features (HO)
Package: bigintcalc 2012/04/08 v1.3 Expandable calculations on big integers (HO
)
Package: bitset 2011/01/30 v1.1 Handle bit-vector datatype (HO)
Package: uniquecounter 2011/01/30 v1.2 Provide unlimited unique counter (HO)
)
Package hobsub Info: Skipping package `hobsub' (already loaded).
Package: letltxmacro 2010/09/02 v1.4 Let assignment for LaTeX macros (HO)
Package: hopatch 2012/05/28 v1.2 Wrapper for package hooks (HO)
Package: xcolor-patch 2011/01/30 xcolor patch
Package: atveryend 2011/06/30 v1.8 Hooks at the very end of document (HO)
Package: atbegshi 2011/10/05 v1.16 At begin shipout hook (HO)
Package: refcount 2011/10/16 v3.4 Data extraction from label references (HO)
Package: hycolor 2011/01/30 v1.7 Color options for hyperref/bookmark (HO)
)
(/usr/local/texlive/2015/texmf-dist/tex/latex/oberdiek/auxhook.sty
Package: auxhook 2011/03/04 v1.3 Hooks for auxiliary files (HO)
)
(/usr/local/texlive/2015/texmf-dist/tex/latex/oberdiek/kvoptions.sty
Package: kvoptions 2011/06/30 v3.11 Key value format for package options (HO)
)
\@linkdim=\dimen126
\Hy@linkcounter=\count116
\Hy@pagecounter=\count117

(/usr/local/texlive/2015/texmf-dist/tex/latex/hyperref/pd1enc.def
File: pd1enc.def 2012/11/06 v6.83m Hyperref: PDFDocEncoding definition (HO)
)
\Hy@SavedSpaceFactor=\count118

(/usr/local/texlive/2015/texmf-dist/tex/latex/latexconfig/hyperref.cfg
File: hyperref.cfg 2002/06/06 v1.2 hyperref configuration of TeXLive
)
Package hyperref Info: Option `draft' set `true' on input line 4319.
Package hyperref Info: Option `colorlinks' set `true' on input line 4319.
Package hyperref Info: Hyper figures OFF on input line 4443.
Package hyperref Info: Link nesting OFF on input line 4448.
Package hyperref Info: Hyper index ON on input line 4451.
Package hyperref Info: Plain pages OFF on input line 4458.
Package hyperref Info: Backreferencing OFF on input line 4463.
Package hyperref Info: Implicit mode ON; LaTeX internals redefined.
Package hyperref Info: Bookmarks ON on input line 4688.
\c@Hy@tempcnt=\count119

(/usr/local/texlive/2015/texmf-dist/tex/latex/url/url.sty
\Urlmuskip=\muskip11
Package: url 2013/09/16  ver 3.4  Verb mode for urls, etc.
)
LaTeX Info: Redefining \url on input line 5041.
\XeTeXLinkMargin=\dimen127
\Fld@menulength=\count120
\Field@Width=\dimen128
\Fld@charsize=\dimen129
Package hyperref Info: Hyper figures OFF on input line 6295.
Package hyperref Info: Link nesting OFF on input line 6300.
Package hyperref Info: Hyper index ON on input line 6303.
Package hyperref Info: backreferencing OFF on input line 6310.
Package hyperref Info: Link coloring ON on input line 6313.
Package hyperref Info: Link coloring with OCG OFF on input line 6320.
Package hyperref Info: PDF/A mode OFF on input line 6325.
LaTeX Info: Redefining \ref on input line 6365.
LaTeX Info: Redefining \pageref on input line 6369.
\Hy@abspage=\count121
\c@Item=\count122
\c@Hfootnote=\count123
)

Package hyperref Message: Driver (autodetected): hpdftex.

(/usr/local/texlive/2015/texmf-dist/tex/latex/hyperref/hpdftex.def
File: hpdftex.def 2012/11/06 v6.83m Hyperref driver for pdfTeX
\Fld@listcount=\count124
\c@bookmark@seq@number=\count125

(/usr/local/texlive/2015/texmf-dist/tex/latex/oberdiek/rerunfilecheck.sty
Package: rerunfilecheck 2011/04/15 v1.7 Rerun checks for auxiliary files (HO)
Package uniquecounter Info: New unique counter `rerunfilecheck' on input line 2
82.
)
\Hy@SectionHShift=\skip66
)
LaTeX Font Info:    Try loading font information for T1+ntxtlf on input line 12
.

(/usr/local/texlive/2015/texmf-dist/tex/latex/newtx/t1ntxtlf.fd
File: t1ntxtlf.fd 2015/01/17 v1.0 font definition file for T1/ntx/tlf
)
LaTeX Font Info:    Font shape `T1/ntxtlf/m/n' will be
(Font)              scaled to size 10.0pt on input line 12.

(./Haiti_agu_revised_3_clean.aux)
\openout1 = `Haiti_agu_revised_3_clean.aux'.

LaTeX Font Info:    Checking defaults for OML/ntxmi/m/it on input line 12.
LaTeX Font Info:    Try loading font information for OML+ntxmi on input line 12
.

(/usr/local/texlive/2015/texmf-dist/tex/latex/newtx/omlntxmi.fd
File: omlntxmi.fd 2012/03/22 Fontinst v1.933 font definitions for OML/ntxmi.
)
LaTeX Font Info:    ... okay on input line 12.
LaTeX Font Info:    Checking defaults for T1/cmr/m/n on input line 12.
LaTeX Font Info:    ... okay on input line 12.
LaTeX Font Info:    Checking defaults for OT1/cmr/m/n on input line 12.
LaTeX Font Info:    ... okay on input line 12.
LaTeX Font Info:    Checking defaults for OMS/ntxsy/m/n on input line 12.
LaTeX Font Info:    Try loading font information for OMS+ntxsy on input line 12
.

(/usr/local/texlive/2015/texmf-dist/tex/latex/newtx/omsntxsy.fd
File: omsntxsy.fd 2012/11/14 Fontinst v1.933 font definitions for OMS/ntxsy.
)
LaTeX Font Info:    ... okay on input line 12.
LaTeX Font Info:    Checking defaults for OMX/cmex/m/n on input line 12.
LaTeX Font Info:    ... okay on input line 12.
LaTeX Font Info:    Checking defaults for U/ntxexa/m/n on input line 12.
LaTeX Font Info:    Try loading font information for U+ntxexa on input line 12.


(/usr/local/texlive/2015/texmf-dist/tex/latex/newtx/untxexa.fd
File: untxexa.fd 2012/04/16 Fontinst v1.933 font definitions for U/ntxexa.
)
LaTeX Font Info:    ... okay on input line 12.
LaTeX Font Info:    Checking defaults for TS1/cmr/m/n on input line 12.
LaTeX Font Info:    Try loading font information for TS1+cmr on input line 12.

(/usr/local/texlive/2015/texmf-dist/tex/latex/base/ts1cmr.fd
File: ts1cmr.fd 2014/09/29 v2.5h Standard LaTeX font definitions
)
LaTeX Font Info:    ... okay on input line 12.
LaTeX Font Info:    Checking defaults for LMX/ntxexx/m/n on input line 12.
LaTeX Font Info:    ... okay on input line 12.
LaTeX Font Info:    Checking defaults for PD1/pdf/m/n on input line 12.
LaTeX Font Info:    ... okay on input line 12.
\c@mv@tabular=\count126
\c@mv@boldtabular=\count127

(/usr/local/texlive/2015/texmf-dist/tex/context/base/supp-pdf.mkii
[Loading MPS to PDF converter (version 2006.09.02).]
\scratchcounter=\count128
\scratchdimen=\dimen130
\scratchbox=\box33
\nofMPsegments=\count129
\nofMParguments=\count130
\everyMPshowfont=\toks29
\MPscratchCnt=\count131
\MPscratchDim=\dimen131
\MPnumerator=\count132
\makeMPintoPDFobject=\count133
\everyMPtoPDFconversion=\toks30
) (/usr/local/texlive/2015/texmf-dist/tex/latex/oberdiek/epstopdf-base.sty
Package: epstopdf-base 2010/02/09 v2.5 Base part for package epstopdf

(/usr/local/texlive/2015/texmf-dist/tex/latex/oberdiek/grfext.sty
Package: grfext 2010/08/19 v1.1 Manage graphics extensions (HO)
)
Package grfext Info: Graphics extension search list:
(grfext)             [.png,.pdf,.jpg,.mps,.jpeg,.jbig2,.jb2,.PNG,.PDF,.JPG,.JPE
G,.JBIG2,.JB2,.eps]
(grfext)             \AppendGraphicsExtensions on input line 452.

(/usr/local/texlive/2015/texmf-dist/tex/latex/latexconfig/epstopdf-sys.cfg
File: epstopdf-sys.cfg 2010/07/13 v1.3 Configuration of (r)epstopdf for TeX Liv
e
))
ABD: EverySelectfont initializing macros
LaTeX Info: Redefining \selectfont on input line 12.
\AtBeginShipoutBox=\box34


Package hyperref Warning: Height of page (\paperheight) is invalid (0.0pt),
(hyperref)                using 11in.


Package hyperref Warning: Draft mode on.

Package hyperref Info: Link coloring ON on input line 12.
(/usr/local/texlive/2015/texmf-dist/tex/latex/hyperref/nameref.sty
Package: nameref 2012/10/27 v2.43 Cross-referencing by name of section

(/usr/local/texlive/2015/texmf-dist/tex/generic/oberdiek/gettitlestring.sty
Package: gettitlestring 2010/12/03 v1.4 Cleanup title references (HO)
)
\c@section@level=\count134
)
LaTeX Info: Redefining \ref on input line 12.
LaTeX Info: Redefining \pageref on input line 12.
LaTeX Info: Redefining \nameref on input line 12.
LaTeX Font Info:    Font shape `T1/ntxtlf/m/n' will be
(Font)              scaled to size 14.4pt on input line 14.
LaTeX Font Info:    Font shape `T1/ntxtlf/bx/n' in size <14.4> not available
(Font)              Font shape `T1/ntxtlf/b/n' tried instead on input line 14.
LaTeX Font Info:    Font shape `T1/ntxtlf/b/n' will be
(Font)              scaled to size 14.4pt on input line 14.
LaTeX Font Info:    Font shape `T1/ntxtlf/m/n' will be
(Font)              scaled to size 5.0pt on input line 14.
LaTeX Font Info:    Try loading font information for T1+qhv on input line 14.

(/usr/local/texlive/2015/texmf-dist/tex/latex/tex-gyre/t1qhv.fd
File: t1qhv.fd 2009/09/25 v1.2 font definition file for T1/qhv
)
LaTeX Font Info:    Font shape `T1/qhv/m/n' will be
(Font)              scaled to size 4.49997pt on input line 14.
LaTeX Font Info:    Font shape `T1/ntxtlf/bx/n' in size <10> not available
(Font)              Font shape `T1/ntxtlf/b/n' tried instead on input line 16.
LaTeX Font Info:    Font shape `T1/ntxtlf/b/n' will be
(Font)              scaled to size 10.0pt on input line 16.
LaTeX Font Info:    Font shape `T1/ntxtlf/m/n' will be
(Font)              scaled to size 8.0pt on input line 17.
LaTeX Font Info:    Font shape `T1/ntxtlf/m/n' will be
(Font)              scaled to size 6.2pt on input line 17.
LaTeX Font Info:    Font shape `T1/ntxtlf/m/n' will be
(Font)              scaled to size 5.5pt on input line 17.
LaTeX Font Info:    Try loading font information for U+ntxmia on input line 17.


(/usr/local/texlive/2015/texmf-dist/tex/latex/newtx/untxmia.fd
File: untxmia.fd 2012/04/16 Fontinst v1.933 font definitions for U/ntxmia.
)
LaTeX Font Info:    Try loading font information for U+ntxsym on input line 17.


(/usr/local/texlive/2015/texmf-dist/tex/latex/newtx/untxsym.fd
File: untxsym.fd 2015/03/20 Fontinst v1.933 font definitions for U/ntxsym.
)
LaTeX Font Info:    Try loading font information for U+ntxsyc on input line 17.


(/usr/local/texlive/2015/texmf-dist/tex/latex/newtx/untxsyc.fd
File: untxsyc.fd 2012/04/12 Fontinst v1.933 font definitions for U/ntxsyc.
)
LaTeX Font Info:    Try loading font information for T1+ntxsups on input line 1
9.

(/usr/local/texlive/2015/texmf-dist/tex/latex/newtx/t1ntxsups.fd
File: t1ntxsups.fd 2015/01/17 v1.0
)
LaTeX Font Info:    Font shape `T1/ntxsups/m/n' will be
(Font)              scaled to size 8.0pt on input line 19.
LaTeX Font Info:    Font shape `T1/ntxtlf/m/n' will be
(Font)              scaled to size 9.0pt on input line 19.
LaTeX Font Info:    Try loading font information for T1+ntxtt on input line 19.


(/usr/local/texlive/2015/texmf-dist/tex/latex/newtx/t1ntxtt.fd
File: t1ntxtt.fd 2012/04/20 v3.1
)
LaTeX Font Info:    Font shape `T1/ntxtt/m/n' will be
(Font)              scaled to size 9.0pt on input line 19.
LaTeX Font Info:    Font shape `T1/ntxtlf/m/n' will be
(Font)              scaled to size 7.3pt on input line 21.
LaTeX Font Info:    Font shape `T1/ntxtlf/m/it' will be
(Font)              scaled to size 10.0pt on input line 23.
LaTeX Font Info:    Font shape `T1/ntxtlf/m/it' will be
(Font)              scaled to size 9.0pt on input line 28.
 [1{/usr/local/texlive/2015/texmf-var/fonts/map/pdftex/updmap/pdftex.map}]
LaTeX Font Info:    Font shape `T1/ntxtlf/m/n' will be
(Font)              scaled to size 10.5pt on input line 32.
LaTeX Font Info:    Font shape `T1/ntxtlf/bx/n' in size <10.5> not available
(Font)              Font shape `T1/ntxtlf/b/n' tried instead on input line 32.
LaTeX Font Info:    Font shape `T1/ntxtlf/b/n' will be
(Font)              scaled to size 10.5pt on input line 32.

Underfull \vbox (badness 10000) has occurred while \output is active []

 [2]
Underfull \vbox (badness 10000) has occurred while \output is active []

 [3]
Overfull \hbox (5.19019pt too wide) in paragraph at lines 38--39
\T1/ntxtlf/m/n/10 obliquely-trending, north-dipping, Léogâne fault in the east 
and the more obliquely-trending, 
 []


Underfull \vbox (badness 10000) has occurred while \output is active []

 [4]
Underfull \vbox (badness 10000) has occurred while \output is active []

 [5]
Underfull \vbox (badness 10000) has occurred while \output is active []

 [6]
Overfull \hbox (1.26022pt too wide) in paragraph at lines 63--64
[]\T1/ntxtlf/m/n/10 There are two, previously-proposed, re-gional struc-tural m
od-els to ex-plain the present- 
 []

LaTeX Font Info:    Font shape `T1/ntxtlf/bx/it' in size <10> not available
(Font)              Font shape `T1/ntxtlf/b/it' tried instead on input line 65.

LaTeX Font Info:    Font shape `T1/ntxtlf/b/it' will be
(Font)              scaled to size 10.0pt on input line 65.

Underfull \vbox (badness 10000) has occurred while \output is active []

 [7]
Underfull \vbox (badness 10000) has occurred while \output is active []

 [8]
Overfull \hbox (6.58267pt too wide) in paragraph at lines 78--79
[]\T1/ntxtlf/m/n/10 Following the 2010 earth-quake and the recog-ni-tion of the
 north-dipping blind Léogâne 
 []


Overfull \hbox (17.6228pt too wide) in paragraph at lines 81--82
\T1/ntxtlf/m/n/10 fold-and-thrust belt: 1) the dip of the fault gen-er-at-ing t
he main thrust, as im-aged by \T1/ntxtlf/m/it/10 Mercier de 
 []


Underfull \vbox (badness 10000) has occurred while \output is active []

 [9]
Overfull \hbox (3.11497pt too wide) in paragraph at lines 84--84
[]\T1/ntxtlf/b/n/10 Significance of \T1/ntxtlf/b/it/10 en ech-e-lon \T1/ntxtlf/
b/n/10 thrust-ing and fold-ing north and south of the EPGFZ  
 []


Overfull \hbox (0.49283pt too wide) in paragraph at lines 85--86
[]\T1/ntxtlf/m/n/10 The pres-ence of a strike-slip fault at any scale is in-di-
cated by the pres-ence of \T1/ntxtlf/m/it/10 en ech- 
 []


Overfull \hbox (1.00513pt too wide) in paragraph at lines 87--88
\T1/ntxtlf/m/n/10 2010; \T1/ntxtlf/m/it/10 Hashimoto et al.\T1/ntxtlf/m/n/10 , 
2011; \T1/ntxtlf/m/it/10 Bil-ham and Field-ing\T1/ntxtlf/m/n/10 , 2013] (Fig-ur
e 2A). \T1/ntxtlf/m/it/10 Douilly et al. \T1/ntxtlf/m/n/10 [2013, 
 []


Underfull \vbox (badness 10000) has occurred while \output is active []

 [10]
Underfull \vbox (badness 10000) has occurred while \output is active []

 [11]
Underfull \vbox (badness 10000) has occurred while \output is active []

 [12]
Underfull \vbox (badness 10000) has occurred while \output is active []

 [13]
Underfull \vbox (badness 10000) has occurred while \output is active []

 [14]
Underfull \vbox (badness 10000) has occurred while \output is active []

 [15]
Underfull \vbox (badness 10000) has occurred while \output is active []

 [16]
Overfull \hbox (10.70284pt too wide) in paragraph at lines 136--137
[]\T1/ntxtlf/m/n/10 We ap-plied a low-pass fil-ter on the pollen log data (from
 the core ac-quired by \T1/ntxtlf/m/it/10 Higuera- 
 []


Underfull \vbox (badness 10000) has occurred while \output is active []

 [17]
Underfull \vbox (badness 10000) has occurred while \output is active []

 [18]
Underfull \vbox (badness 10000) has occurred while \output is active []

 [19]
Overfull \hbox (3.9977pt too wide) in paragraph at lines 154--155
\T1/ntxtlf/m/n/10 dev-as-tat-ing re-sults, es-pe-cially when cou-pled with in-a
d-e-quate con-struc-tion prac-tices [\T1/ntxtlf/m/it/10 Symithe 
 []


Overfull \hbox (1.52777pt too wide) in paragraph at lines 154--155
\T1/ntxtlf/m/n/10 is about 250 years. There-fore, in the highly trans-pres-sion
al set-ting of His-pan-iola, the earth- 
 []


Underfull \vbox (badness 10000) has occurred while \output is active []

 [20]
Underfull \vbox (badness 10000) has occurred while \output is active []

 [21]
[22] (./Haiti_agu_revised_3_clean.bbl
LaTeX Font Info:    Font shape `T1/ntxtt/m/n' will be
(Font)              scaled to size 10.0pt on input line 12.

Underfull \vbox (badness 10000) has occurred while \output is active []

 [23

]
Underfull \vbox (badness 10000) has occurred while \output is active []

 [24]
Underfull \vbox (badness 10000) has occurred while \output is active []

 [25]
Underfull \vbox (badness 10000) has occurred while \output is active []

 [26]
Underfull \vbox (badness 10000) has occurred while \output is active []

 [27])
[28]
LaTeX Font Info:    Font shape `T1/ntxtlf/bx/n' in size <9> not available
(Font)              Font shape `T1/ntxtlf/b/n' tried instead on input line 188.

LaTeX Font Info:    Font shape `T1/ntxtlf/b/n' will be
(Font)              scaled to size 9.0pt on input line 188.

Underfull \hbox (badness 10000) in paragraph at lines 188--188
[]\T1/ntxtlf/b/n/9 Figure  1. []Tectonic set-ting of the north-east-ern Caribbe
an and Enriquillo-Plantain Gar-den fault zone
 []


Underfull \hbox (badness 10000) in paragraph at lines 188--188
\T1/ntxtlf/b/n/9 (EPGFZ) in south-ern Haiti. A: \T1/ntxtlf/m/n/9 Free-air grav-
ity anomaly map of the Greater An-tilles (Cuba, Ja-maica, His-
 []


Underfull \hbox (badness 10000) in paragraph at lines 188--188
\T1/ntxtlf/m/n/9 pan-iola, Puerto Rico) in the north-east-ern Caribbean (http:/
/topex.ucsd.edu) with grav-ity lows mark-ing zones
 []


Underfull \hbox (badness 10000) in paragraph at lines 188--188
\T1/ntxtlf/m/n/9 of sub-duc-tion or thrust-ing along ma-jor faults (black lines
) of the North America-Caribbean plate bound-ary.
 []


Underfull \hbox (badness 10000) in paragraph at lines 188--188
\T1/ntxtlf/m/n/9 Ar-rows with er-ror el-lipses from \T1/ntxtlf/m/it/9 Calais et
 al. \T1/ntxtlf/m/n/9 [2010] are GPS vec-tors show-ing the di-rec-tion and ve-l
oc-ity
 []


Underfull \hbox (badness 10000) in paragraph at lines 188--188
\T1/ntxtlf/m/n/9 of the large North Amer-i-can plate, the Ba-hamas plat-form, a
nd in-ter-ven-ing mi-croplates rel-a-tive to a fixed
 []


Underfull \hbox (badness 10000) in paragraph at lines 188--188
\T1/ntxtlf/m/n/9 Caribbean plate. Mi-croplates with vari-able rel-a-tive mo-tio
ns oc-cupy the 200 km-wide, trans-pres-sional, plate
 []


Underfull \hbox (badness 10000) in paragraph at lines 188--188
\T1/ntxtlf/m/n/9 bound-ary zone and in-clude: \T1/ntxtlf/b/n/9 NHM \T1/ntxtlf/m
/n/9 = North His-pan-iola mi-croplate; \T1/ntxtlf/b/n/9 HM \T1/ntxtlf/m/n/9 = H
is-pan-iola mi-croplate; \T1/ntxtlf/b/n/9 GM \T1/ntxtlf/m/n/9 =
 []


Underfull \hbox (badness 10000) in paragraph at lines 188--188
\T1/ntxtlf/m/n/9 Gonâve mi-croplate; \T1/ntxtlf/b/n/9 PRVIM \T1/ntxtlf/m/n/9 = 
Puerto Rico-Virgin Is-lands mi-croplate. Box shows more de-tailed map of the
 []


Underfull \hbox (badness 10000) in paragraph at lines 188--188
\T1/ntxtlf/m/n/9 EPGFZ shown in B. \T1/ntxtlf/b/n/9 B: \T1/ntxtlf/m/n/9 Re-gion
al struc-ture map of the south-ern penin-sula of Haiti with the ac-tive, left-l
ateral
 []


Underfull \hbox (badness 10000) in paragraph at lines 188--188
\T1/ntxtlf/m/n/9 Enriquillo-Plantain Gar-den fault zone (EPGFZ) from the Lake E
n-riquillo in the east to the west-ern tip of the
 []


Underfull \hbox (badness 10000) in paragraph at lines 188--188
\T1/ntxtlf/m/n/9 south-ern penin-sula. The cen-troid mo-ment ten-sor (CMT) mech
-a-nism is from \T1/ntxtlf/m/it/9 Douilly et al. \T1/ntxtlf/m/n/9 [2013]. From 
east
 []


Underfull \hbox (badness 10000) in paragraph at lines 188--188
\T1/ntxtlf/m/n/9 to west, key lakes and ma-rine em-bay-ments aligned par-al-lel
 and over-ly-ing the EPGFZ in-clude: \T1/ntxtlf/b/n/9 LE \T1/ntxtlf/m/n/9 = Lak
e
 []


Underfull \hbox (badness 10000) in paragraph at lines 188--188
\T1/ntxtlf/m/n/9 En-riquillo, Do-mini-can Re-pub-lic; \T1/ntxtlf/b/n/9 LA \T1/n
txtlf/m/n/9 = Lake Azuey, Haiti; \T1/ntxtlf/b/n/9 PAPB \T1/ntxtlf/m/n/9 = Port-
au-Prince Bay; \T1/ntxtlf/b/n/9 CS \T1/ntxtlf/m/n/9 = Canal du Sud;
 []


Underfull \hbox (badness 10000) in paragraph at lines 188--188
\T1/ntxtlf/b/n/9 TBF \T1/ntxtlf/m/n/9 = Trois Baies fault; and \T1/ntxtlf/b/n/9
 LM \T1/ntxtlf/m/n/9 = Lake Mi-ragoâne; \T1/ntxtlf/b/n/9 LF \T1/ntxtlf/m/n/9 = 
Léogâne fault. Boxes shows more de-tailed maps
 []


Underfull \hbox (badness 10000) in paragraph at lines 188--188
\T1/ntxtlf/m/n/9 of the struc-ture of the EPGFZ and its sec-ondary faults shown
 in Fig-ure 2A and Fig-ure 7A. \T1/ntxtlf/b/n/9 C: \T1/ntxtlf/m/n/9 Com-pos-ite
,
 []


Underfull \hbox (badness 10000) in paragraph at lines 188--188
\T1/ntxtlf/m/n/9 mul-ti-chan-nel seis-mic re-flec-tion line (ac-quired by Cana-
dian Su-pe-rior En-ergy Inc.) lo-cated as the red line X-X'
 []


Underfull \hbox (badness 10000) in paragraph at lines 188--188
\T1/ntxtlf/m/n/9 in B that shows an un-folded area of high-angle faults in the 
Canal du Sud tied to the off-shore Cul-de-Sac-1
 []


Underfull \hbox (badness 10000) in paragraph at lines 188--188
\T1/ntxtlf/m/n/9 well, the Trois Baies fault, the EPGFZ, the an-ti-cli-nal stru
c-ture of the south-ern penin-sula, and a large, south-
 []


Underfull \hbox (badness 10000) in paragraph at lines 188--188
\T1/ntxtlf/m/n/9 verging ac-cre-tionary prism along the south coast of the sout
h-ern penin-sula. The depth scale for this sec-tion is
 []


Underfull \hbox (badness 10000) in paragraph at lines 195--195
[]\T1/ntxtlf/b/n/9 Figure  2. []Structure of the EPGFZ in east-ern Haiti. A: \T
1/ntxtlf/m/n/9 Faults and folds along a 15 km-wide cor-ri-dor par-
 []


Underfull \hbox (badness 10000) in paragraph at lines 195--195
\T1/ntxtlf/m/n/9 al-lel to the EPGFZ su-per-im-posed on a mod-i-fied DEM and In
-SAR sur-face de-for-ma-tion map (cour-tesy of Eric
 []


Underfull \hbox (badness 10000) in paragraph at lines 195--195
\T1/ntxtlf/m/n/9 Field-ing at JPL) [\T1/ntxtlf/m/it/9 Hayes et al.\T1/ntxtlf/m/
n/9 , 2010]. Chirp bathymetry of the Lake Azuey is also shown. GPS vec-tors are

 []


Underfull \hbox (badness 10000) in paragraph at lines 195--195
\T1/ntxtlf/m/n/9 from \T1/ntxtlf/m/it/9 Calais et al. \T1/ntxtlf/m/n/9 [2010]. 
\T1/ntxtlf/b/n/9 PFZ \T1/ntxtlf/m/n/9 = Port-au-Prince fault zone; \T1/ntxtlf/b
/n/9 DFZ \T1/ntxtlf/m/n/9 = Du-may fault zone; \T1/ntxtlf/b/n/9 DT \T1/ntxtlf/m
/n/9 = Du-may thrust;
 []


Underfull \hbox (badness 10000) in paragraph at lines 195--195
\T1/ntxtlf/b/n/9 NaC \T1/ntxtlf/m/n/9 = Nan Cadas-tre thrust; \T1/ntxtlf/b/n/9 
JFZ \T1/ntxtlf/m/n/9 = Jacquet fault zone; \T1/ntxtlf/b/n/9 GFZ \T1/ntxtlf/m/n/
9 = Gan-thier fault zone; \T1/ntxtlf/b/n/9 LF \T1/ntxtlf/m/n/9 = Léogâne fault.
 Line
 []


Underfull \hbox (badness 10000) in paragraph at lines 195--195
\T1/ntxtlf/m/n/9 A -- A': Cross-section along the blind Léogâne thrust fault (s
hown in Fig-ure 3); Line B -- B': Cross-section of
 []


Underfull \hbox (badness 10000) in paragraph at lines 195--195
\T1/ntxtlf/m/n/9 north Port-au-Prince ur-ban area (shown in Fig-ure 3). \T1/ntx
tlf/b/n/9 B: \T1/ntxtlf/m/n/9 Shaded DEM of the north-ern de-formed belt in the

 []


Underfull \hbox (badness 10000) in paragraph at lines 195--195
\T1/ntxtlf/m/n/9 Cul-de-Sac basin with North-Eastern il-lu-mi-na-tion from Fig-
ure 2A show-ing \T1/ntxtlf/m/it/9 en ech-e-lon \T1/ntxtlf/m/n/9 and curvi-lin-e
ar folds
 []


Underfull \hbox (badness 10000) in paragraph at lines 195--195
\T1/ntxtlf/m/n/9 strik-ing west-northwest obliquely with re-spect to the EPGFZ 
and plung-ing be-neath un-de-formed sed-i-ments
 []


Underfull \hbox (badness 10000) in paragraph at lines 195--195
\T1/ntxtlf/m/n/9 oc-cu-py-ing the cen-ter of the Cul-de-Sac Val-ley. The in-set
 schematic di-a-gram of shear-ing along a strike-slip
 []


Underfull \hbox (badness 10000) in paragraph at lines 202--202
[]\T1/ntxtlf/b/n/9 Figure  3. []Style of late Neo-gene, trans-pres-sional de-fo
r-ma-tion in the north-ern belt along two tran-sects
 []


Underfull \hbox (badness 10000) in paragraph at lines 202--202
\T1/ntxtlf/b/n/9 shown in Fig-ure 2. A-A': \T1/ntxtlf/m/n/9 Af-ter-shocks of th
e 2010 earth-quake [\T1/ntxtlf/m/it/9 Douilly et al.\T1/ntxtlf/m/n/9 , 2013, 20
15] along the blind
 []


Underfull \hbox (badness 10000) in paragraph at lines 202--202
\T1/ntxtlf/m/n/9 Léogâne thrust fault re-veals con-ju-gate re-verse faults with
 the dom-i-nant slip oc-cur-ring on the north-dipping
 []


Underfull \hbox (badness 10000) in paragraph at lines 202--202
\T1/ntxtlf/m/n/9 fault. The red tri-an-gle in-di-cates the lo-ca-tion of Léogân
e city. Co-seis-mic up-lift dur-ing the 2010 earth-quake
 []


Underfull \hbox (badness 10000) in paragraph at lines 202--202
\T1/ntxtlf/m/n/9 el-e-vated the north-ern basi-nal area and de-pressed the moun
-tains south of the EPGFZ. \T1/ntxtlf/b/n/9 B-B': \T1/ntxtlf/m/n/9 Cross sec-ti
on
 []


Underfull \hbox (badness 10000) in paragraph at lines 202--202
\T1/ntxtlf/m/n/9 based on sur-face map-ping [\T1/ntxtlf/m/it/9 Bach-hu-ber et a
l.\T1/ntxtlf/m/n/9 , 2010; \T1/ntxtlf/m/it/9 Rathje et al.\T1/ntxtlf/m/n/9 , 20
11; \T1/ntxtlf/m/it/9 Cox et al.\T1/ntxtlf/m/n/9 , 2011; \T1/ntxtlf/m/it/9 McHu
gh et al.\T1/ntxtlf/m/n/9 , 2011;
 []


Underfull \hbox (badness 10000) in paragraph at lines 202--202
\T1/ntxtlf/m/it/9 Saint Fleur et al.\T1/ntxtlf/m/n/9 , 2015] show-ing both nort
h- and south-dipping re-verse faults de-form-ing Plio-Pleistocene
 []


Underfull \hbox (badness 10000) in paragraph at lines 209--209
[]\T1/ntxtlf/b/n/9 Figure  4. []Geologic set-ting of Lake Azuey, Haiti. A: \T1/
ntxtlf/m/n/9 To the south, the green-colored, brack-ish wa-ters of
 []


Underfull \hbox (badness 10000) in paragraph at lines 209--209
\T1/ntxtlf/m/n/9 Lake Azuey are bound by the EPGFZ which forms a sharp bound-ar
y with 2 km-high, folded lime-stone of Pa-
 []


Underfull \hbox (badness 10000) in paragraph at lines 209--209
\T1/ntxtlf/m/n/9 le-o-gene age that forms the smooth sur-faces on the sky-line.
 A fault strand of the EPGFZ marks the south edge
 []


Underfull \hbox (badness 10000) in paragraph at lines 209--209
\T1/ntxtlf/m/n/9 of Lake Azuey while other par-al-lel strands of the EPGFZ un-d
er-lie the south-ern part of the lake as schemat-
 []


Underfull \hbox (badness 10000) in paragraph at lines 209--209
\T1/ntxtlf/m/n/9 i-cally shown. \T1/ntxtlf/b/n/9 B: \T1/ntxtlf/m/n/9 To the nor
th of the lake folded, Plio-Pleistocene strata form the up-lifted, 0 -- 30 m-hi
gh
 []


Underfull \hbox (badness 10000) in paragraph at lines 209--209
\T1/ntxtlf/m/n/9 isth-mus that sep-a-rates Lake Azuey (15 m ASL) from Lake En-r
iquillo (46 m BSL) lo-cated 1 km to the east.
 []


Underfull \hbox (badness 10000) in paragraph at lines 216--216
[]\T1/ntxtlf/b/n/9 Figure  5. []Chirp sonar pro-files show-ing the trace of the
 EPGFZ in the south-ern part of Lake Azuey
 []


Underfull \hbox (badness 10000) in paragraph at lines 216--216
\T1/ntxtlf/b/n/9 and its re-la-tion-ship with a newly de-scribed thrust we have
 named the Ji-mani thrust. \T1/ntxtlf/m/n/9 Cross sec-tions of
 []


Underfull \hbox (badness 10000) in paragraph at lines 216--216
\T1/ntxtlf/m/n/9 A, B, C, and D are in-di-cated in Fig-ure 2A. The EPGFZ be-nea
th Lake Azuey forms a 250--500 m-wide zone
 []


Underfull \hbox (badness 10000) in paragraph at lines 216--216
\T1/ntxtlf/m/n/9 that can be traced as a lin-ea-ment to the east and west of La
ke Azuey (Fig-ure 2). The green and red hori-zons
 []


Underfull \hbox (badness 10000) in paragraph at lines 216--216
\T1/ntxtlf/m/n/9 rep-re-sent two dis-tin-guish strati-graphic lay-ers. The two 
strands of the EPGFZ are buried by 0.7 m of Holocene
 []


Underfull \hbox (badness 10000) in paragraph at lines 216--216
\T1/ntxtlf/m/n/9 sed-i-ment and are ex-trap-o-lated to be 270 years old since t
heir last rup-ture when an av-er-age sed-i-men-ta-tion rate
 []


Underfull \hbox (badness 10000) in paragraph at lines 216--216
\T1/ntxtlf/m/n/9 of 2.6 mm/yr based on cores from Lake En-riquillo is as-sumed.
 Folds as-so-ciate with the Ji-mani thrust are
 []


Underfull \hbox (badness 10000) in paragraph at lines 216--216
\T1/ntxtlf/m/n/9 in-ter-preted as fault prop-a-ga-tion folds above northeast-di
pping thrust faults. \T1/ntxtlf/b/n/9 E: \T1/ntxtlf/m/n/9 Cross sec-tion based 
on both
 []


Underfull \hbox (badness 10000) in paragraph at lines 216--216
\T1/ntxtlf/m/n/9 sonar sur-vey and the sur-face map-ping [\T1/ntxtlf/m/it/9 Man
n et al.\T1/ntxtlf/m/n/9 , 1991] show-ing north- and south-dipping, re-verse fa
ults
 []


Underfull \hbox (badness 10000) in paragraph at lines 223--223
[]\T1/ntxtlf/b/n/9 Figure  6. []Structure of the EPGFZ in east-ern Haiti and we
stern-most Do-mini-can Re-pub-lic. A: \T1/ntxtlf/m/n/9 Struc-
 []


Underfull \hbox (badness 10000) in paragraph at lines 223--223
\T1/ntxtlf/m/n/9 tural map of Lakes Azuey (sur-face 15 m ASL) and Lake En-riqui
llo (sur-face 46 m BSL) are presently sep-a-
 []


Underfull \hbox (badness 10000) in paragraph at lines 223--223
\T1/ntxtlf/m/n/9 rated by a shal-low sill 30 m ASL in the isth-mus near the tow
n of Ji-mani. \T1/ntxtlf/b/n/9 B: \T1/ntxtlf/m/n/9 Com-par-i-son of two Chirp l
ines
 []


Underfull \hbox (badness 10000) in paragraph at lines 223--223
\T1/ntxtlf/m/n/9 from Lake En-riquillo by \T1/ntxtlf/m/it/9 Rios et al. \T1/ntx
tlf/m/n/9 [2013] (3 km-long Line L19) and from our study of Lake Azuey (4 km-
 []


Underfull \hbox (badness 10000) in paragraph at lines 223--223
\T1/ntxtlf/m/n/9 long Line B6). Chirp pro-files from both lakes show sim-i-lar 
se-quences. Ages of units are known from Lake
 []


Underfull \hbox (badness 10000) in paragraph at lines 230--230
[]\T1/ntxtlf/b/n/9 Figure  7. []Structure and 2010 co-seis-mic sur-face de-for-
ma-tion of the west-ern seg-ments of the EPGFZ.
 []


Underfull \hbox (badness 10000) in paragraph at lines 230--230
\T1/ntxtlf/b/n/9 A: \T1/ntxtlf/m/n/9 Fault map [\T1/ntxtlf/m/it/9 Pren-tice et 
al.\T1/ntxtlf/m/n/9 , 2010; \T1/ntxtlf/m/it/9 Cowgill et al.\T1/ntxtlf/m/n/9 , 
2012] and map of 2010 af-ter-shocks [\T1/ntxtlf/m/it/9 Douilly et al.\T1/ntxtlf
/m/n/9 , 2013]
 []


Underfull \hbox (badness 10000) in paragraph at lines 230--230
\T1/ntxtlf/m/n/9 in Miragoâne-Léogâne re-gion over-lain with an In-SAR im-age (
cour-tesy of Eric Field-ing at JPL) [\T1/ntxtlf/m/it/9 Hayes et al.\T1/ntxtlf/m
/n/9 ,
 []


Underfull \hbox (badness 10000) in paragraph at lines 230--230
\T1/ntxtlf/m/n/9 2010]. \T1/ntxtlf/b/n/9 B: \T1/ntxtlf/m/n/9 Zoom of the area o
f Pe-tit Goave and Lake Mi-ragoâne show-ing the struc-ture and bathymetry of th
e
 []


Underfull \hbox (badness 10000) in paragraph at lines 230--230
\T1/ntxtlf/m/n/9 14 km$[]$, pull-apart basin un-der-ly-ing Lake Mi-ragoâne dur-
ing this study and de-tails of the 2010 sur-face frac-
 []


Underfull \hbox (badness 10000) in paragraph at lines 230--230
\T1/ntxtlf/m/n/9 tur-ing and co-seis-mic sub-si-dence in the Pe-tit Goâve Bay [
\T1/ntxtlf/m/it/9 Pren-tice et al.\T1/ntxtlf/m/n/9 , 2010; \T1/ntxtlf/m/it/9 Ho
rn-bach et al.\T1/ntxtlf/m/n/9 , 2010]. \T1/ntxtlf/b/n/9 LM \T1/ntxtlf/m/n/9 =
 []


Underfull \hbox (badness 10000) in paragraph at lines 237--237
[]\T1/ntxtlf/b/n/9 Figure  8. []Geologic set-ting and sonar pro-files from Lake
 Mi-ragoâne. A: \T1/ntxtlf/m/n/9 View look-ing south across
 []


Underfull \hbox (badness 10000) in paragraph at lines 237--237
\T1/ntxtlf/m/n/9 the 12 km-wide and 42.8 m deep, fresh-wa-ter lake. The 2 km-hi
gh, ridge along the south-ern edge of the lake
 []


Underfull \hbox (badness 10000) in paragraph at lines 237--237
\T1/ntxtlf/m/n/9 is the cu-mu-la-tive to-po-graphic scarp as-so-ci-ated with th
e south-ern-most strand of the EPGFZ. The 7 m-long
 []


Underfull \hbox (badness 10000) in paragraph at lines 237--237
\T1/ntxtlf/m/n/9 core was taken by \T1/ntxtlf/m/it/9 Higuera-Gundy et al. \T1/n
txtlf/m/n/9 [1999], but was not col-lected from the deep-est part of the lake. 
\T1/ntxtlf/b/n/9 B:
 []


Underfull \hbox (badness 10000) in paragraph at lines 237--237
\T1/ntxtlf/m/n/9 North-south trend-ing line M1 (lo-ca-tion shown on Fig-ure 7B)
. \T1/ntxtlf/b/n/9 C: \T1/ntxtlf/m/n/9 East-west trend-ing line M5 (lo-ca-tion 
shown
 []


Underfull \hbox (badness 10000) in paragraph at lines 244--244
[]\T1/ntxtlf/b/n/9 Figure  9. []Core data from Lake Mi-ragoâne. A: \T1/ntxtlf/m
/n/9 Tie be-tween chirp sonar and core with ra-dio-car-bon age
 []


Underfull \hbox (badness 10000) in paragraph at lines 244--244
\T1/ntxtlf/m/n/9 con-trol back to 10,230 years BP. [\T1/ntxtlf/m/it/9 Higuera-G
undy et al.\T1/ntxtlf/m/n/9 , 1999] Cyclic-ity is re-lated to changes in lithol
-ogy
 []


Underfull \hbox (badness 10000) in paragraph at lines 244--244
\T1/ntxtlf/m/n/9 re-lated to al-ter-nat-ing wet and dry pe-ri-ods as shown. Yel
-low ar-eas are shal-low ma-rine to fresh-wa-ter and green
 []


Underfull \hbox (badness 10000) in paragraph at lines 244--244
\T1/ntxtlf/m/n/9 ar-eas con-tain wood de-bris and may mark a pe-riod when the l
ake was dry. \T1/ntxtlf/b/n/9 B: \T1/ntxtlf/m/n/9 Low-pass fil-tered E/P log (r
ed)
 []


Underfull \hbox (badness 10000) in paragraph at lines 244--244
\T1/ntxtlf/m/n/9 and the syn-thetic sonar pro-file gen-er-ated from the low-pas
s fil-tered E/P log used as an acous-tic impedance.
 []


Underfull \hbox (badness 10000) in paragraph at lines 251--251
[]\T1/ntxtlf/b/n/9 Figure  10. []Schematic di-a-gram of the conjugate-thrust-fa
ult model for the 10--15 km-wide belt of
 []


Underfull \hbox (badness 10000) in paragraph at lines 251--251
\T1/ntxtlf/b/n/9 trans-pres-sional de-for-ma-tion along the north-ern edge of t
he EPGFZ. A: \T1/ntxtlf/m/n/9 Three-dimensional block di-a-gram
 []


Underfull \hbox (badness 10000) in paragraph at lines 251--251
\T1/ntxtlf/m/n/9 show-ing the struc-tural, af-ter-shocks, and the late Holocene
 strain par-ti-tion-ing in a 40-km-wide zone along a
 []


Underfull \hbox (badness 10000) in paragraph at lines 251--251
\T1/ntxtlf/m/n/9 120 km-long seg-ment of the EPGFZ. Black ar-rows show the sout
h-west di-rec-tion of the GPS vec-tors rel-a-tive
 []


Underfull \hbox (badness 10000) in paragraph at lines 251--251
\T1/ntxtlf/m/n/9 to the Caribbean plate [\T1/ntxtlf/m/it/9 Calais et al.\T1/ntx
tlf/m/n/9 , 2010]. The 2010 InSAR-derived sur-face de-for-ma-tion map (pro-vide
d
 []


Underfull \hbox (badness 10000) in paragraph at lines 251--251
\T1/ntxtlf/m/n/9 by Eric Field-ing at JPL) [\T1/ntxtlf/m/it/9 Hayes et al.\T1/n
txtlf/m/n/9 , 2010] shows a large com-po-nent of short-en-ing ac-com-mo-dated o
n a
 []


Underfull \hbox (badness 10000) in paragraph at lines 251--251
\T1/ntxtlf/m/n/9 40 km-wide zone of oblique thrusts and folds north of the EPGF
Z. Af-ter-shock pat-tern shown in the cross
 []


Underfull \hbox (badness 10000) in paragraph at lines 251--251
\T1/ntxtlf/m/n/9 sec-tion show that the north-east-ward dip of the \T1/ntxtlf/m
/it/9 en ech-e-lon\T1/ntxtlf/m/n/9 . Léogâne thrust ad-ja-cent to the EPGFZ up-
lifted
 []


Underfull \hbox (badness 10000) in paragraph at lines 251--251
\T1/ntxtlf/m/n/9 the topographically-lower, basi-nal area to the north of the E
PGFZ and de-pressed the moun-tain-ous area to the
 []


Underfull \hbox (badness 10000) in paragraph at lines 251--251
\T1/ntxtlf/m/n/9 south of the EPGFZ. The al-ter-nat-ing dip of the \T1/ntxtlf/m
/it/9 en ech-e-lon \T1/ntxtlf/m/n/9 thrusts is re-lated to their ori-gin as con
-ju-gate thrust
 []


Underfull \hbox (badness 10000) in paragraph at lines 251--251
\T1/ntxtlf/m/n/9 faults in a highly trans-pres-sional set-ting. \T1/ntxtlf/b/n/
9 PaP \T1/ntxtlf/m/n/9 = Port-au-Prince; \T1/ntxtlf/b/n/9 PG \T1/ntxtlf/m/n/9 =
 Pe-tit Goave; \T1/ntxtlf/b/n/9 LA \T1/ntxtlf/m/n/9 = Lake Azuey; \T1/ntxtlf/b/
n/9 LM
 []


Underfull \hbox (badness 10000) in paragraph at lines 251--251
\T1/ntxtlf/m/n/9 = Lake Miragoâne-Léogâne; \T1/ntxtlf/b/n/9 JF \T1/ntxtlf/m/n/9
 = Ji-mani thrust fault; \T1/ntxtlf/b/n/9 DT \T1/ntxtlf/m/n/9 = Du-may thrust; 
\T1/ntxtlf/b/n/9 PFZ \T1/ntxtlf/m/n/9 = Port-au-Prince fault zone;
 []


Underfull \hbox (badness 10000) in paragraph at lines 251--251
\T1/ntxtlf/b/n/9 LMF \T1/ntxtlf/m/n/9 = Lamartin thrust fault; \T1/ntxtlf/b/n/9
 TBF \T1/ntxtlf/m/n/9 = Trois Baies thrust fault; \T1/ntxtlf/b/n/9 LF \T1/ntxtl
f/m/n/9 = Léogâne fault. \T1/ntxtlf/b/n/9 B: \T1/ntxtlf/m/n/9 Schematic di-a-gr
am,
 []


Underfull \hbox (badness 10000) in paragraph at lines 258--258
[]\T1/ntxtlf/b/n/9 Figure  11. []Structural map of the south-ern San Fran-cisco
 Bay re-gion, the co-seismic el-e-va-tion and
 []


Underfull \hbox (badness 10000) in paragraph at lines 258--258
\T1/ntxtlf/b/n/9 the af-ter-shock cross-section of 1989 $\OML/ntxmi/m/it/9 M[]$
 \T1/ntxtlf/b/n/9 6.9 Loma Pri-eta earth-quake. \T1/ntxtlf/m/n/9 The se-lected 
GPS vec-tors rel-a-tive
 []


Underfull \hbox (badness 10000) in paragraph at lines 258--258
\T1/ntxtlf/m/n/9 to a fixed North Amer-ica plate are from \T1/ntxtlf/m/it/9 UN-
AVCO (Uni-ver-sity Navs-tar Con-sor-tium) \T1/ntxtlf/m/n/9 [2009]. The co-seis-
mic
 []


Underfull \hbox (badness 10000) in paragraph at lines 258--258
\T1/ntxtlf/m/n/9 el-e-va-tion change and af-ter-shock cross-section are mod-i-f
ied from \T1/ntxtlf/m/it/9 Mar-shall et al. \T1/ntxtlf/m/n/9 [1991]. \T1/ntxtlf
/b/n/9 SAF\T1/ntxtlf/m/n/9 : San An-dreas
 []


Underfull \hbox (badness 10000) in paragraph at lines 258--258
\T1/ntxtlf/m/n/9 Fault; \T1/ntxtlf/b/n/9 SF\T1/ntxtlf/m/n/9 : Sar-gent Fault. A
f-ter-shock pat-tern in the cross-section shows that the south-west dip of the 
\T1/ntxtlf/m/it/9 en ech-e-
 []


Underfull \hbox (badness 10000) in paragraph at lines 258--258
\T1/ntxtlf/m/it/9 lon \T1/ntxtlf/m/n/9 thrust ad-ja-cent to the San An-dreas fa
ult up-lifted the topographically-lower basi-nal area and de-pressed the
 []

Package atveryend Info: Empty hook `BeforeClearDocument' on input line 262.
[29] [30] [31] [32]
Package atveryend Info: Empty hook `AfterLastShipout' on input line 262.
 (./Haiti_agu_revised_3_clean.aux)
Package atveryend Info: Executing hook `AtVeryEndDocument' on input line 262.
Package atveryend Info: Empty hook `AtEndAfterFileList' on input line 262.
 ) 
Here is how much of TeX's memory you used:
 9805 strings out of 493089
 140057 string characters out of 6134842
 275843 words of memory out of 5000000
 13116 multiletter control sequences out of 15000+600000
 75871 words of font info for 92 fonts, out of 8000000 for 9000
 1147 hyphenation exceptions out of 8191
 41i,8n,37p,2904b,575s stack positions out of 5000i,500n,10000p,200000b,80000s
{/usr/local/texlive/2015/texmf-dist/fonts/enc/dvips/newtx/ntx-ec-tlf.enc}{/us
r/local/texlive/2015/texmf-dist/fonts/enc/dvips/base/8r.enc}{/usr/local/texlive
/2015/texmf-dist/fonts/enc/dvips/tex-gyre/q-ec.enc}</usr/local/texlive/2015/tex
mf-dist/fonts/type1/public/tex-gyre/qhvr.pfb></usr/local/texlive/2015/texmf-dis
t/fonts/type1/public/tex-gyre/qtmb.pfb></usr/local/texlive/2015/texmf-dist/font
s/type1/public/tex-gyre/qtmbi.pfb></usr/local/texlive/2015/texmf-dist/fonts/typ
e1/public/tex-gyre/qtmr.pfb></usr/local/texlive/2015/texmf-dist/fonts/type1/pub
lic/tex-gyre/qtmri.pfb></usr/local/texlive/2015/texmf-dist/fonts/type1/public/n
ewtx/rntxmi7.pfb></usr/local/texlive/2015/texmf-dist/fonts/type1/public/txfonts
/rtxmi.pfb></usr/local/texlive/2015/texmf-dist/fonts/type1/public/txfonts/t1xtt
.pfb></usr/local/texlive/2015/texmf-dist/fonts/type1/public/txfonts/txsy.pfb></
usr/local/texlive/2015/texmf-dist/fonts/type1/urw/times/utmri8a.pfb>
Output written on Haiti_agu_revised_3_clean.pdf (32 pages, 229656 bytes).
PDF statistics:
 151 PDF objects out of 1000 (max. 8388607)
 105 compressed objects within 2 object streams
 0 named destinations out of 1000 (max. 500000)
 1 words of extra memory for PDF output out of 10000 (max. 10000000)

