This is pdfTeX, Version 3.14159265-2.6-1.40.18 (TeX Live 2017) (preloaded format=pdflatex 2018.3.31)  17 AUG 2018 03:58
entering extended mode
 restricted \write18 enabled.
 file:line:error style messages enabled.
 %&-line parsing enabled.
**Haiti_agu_revised_2_clean.tex
(./Haiti_agu_revised_2_clean.tex
LaTeX2e <2017-04-15>
Babel <3.18> and hyphenation patterns for 84 language(s) loaded.
(./agujournal.cls
Document Class: agujournal 08/06/2016
(/usr/local/texlive/2017/texmf-dist/tex/latex/newtx/newtxtext.sty
Package: newtxtext 2017/08/18 v1.526

`newtxtext' v1.526, 2017/08/18 Text macros taking advantage of TeX-Gyre Termes 
fonts (msharpe)
(/usr/local/texlive/2017/texmf-dist/tex/latex/fontaxes/fontaxes.sty
Package: fontaxes 2014/03/23 v1.0d Font selection axes
LaTeX Info: Redefining \upshape on input line 29.
LaTeX Info: Redefining \itshape on input line 31.
LaTeX Info: Redefining \slshape on input line 33.
LaTeX Info: Redefining \scshape on input line 37.
)
\ntx@fs=\dimen102

(/usr/local/texlive/2017/texmf-dist/tex/latex/xkeyval/xkeyval.sty
Package: xkeyval 2014/12/03 v2.7a package option processing (HA)

(/usr/local/texlive/2017/texmf-dist/tex/generic/xkeyval/xkeyval.tex
(/usr/local/texlive/2017/texmf-dist/tex/generic/xkeyval/xkvutils.tex
\XKV@toks=\toks14
\XKV@tempa@toks=\toks15

(/usr/local/texlive/2017/texmf-dist/tex/generic/xkeyval/keyval.tex))
\XKV@depth=\count79
File: xkeyval.tex 2014/12/03 v2.7a key=value parser (HA)
))
(/usr/local/texlive/2017/texmf-dist/tex/latex/etoolbox/etoolbox.sty
Package: etoolbox 2018/02/11 v2.5e e-TeX tools for LaTeX (JAW)
\etb@tempcnta=\count80
)
(/usr/local/texlive/2017/texmf-dist/tex/latex/base/fontenc.sty
Package: fontenc 2017/04/05 v2.0i Standard LaTeX package

(/usr/local/texlive/2017/texmf-dist/tex/latex/base/t1enc.def
File: t1enc.def 2017/04/05 v2.0i Standard LaTeX file
LaTeX Font Info:    Redeclaring font encoding T1 on input line 48.
))
(/usr/local/texlive/2017/texmf-dist/tex/latex/base/textcomp.sty
Package: textcomp 2017/04/05 v2.0i Standard LaTeX package
Package textcomp Info: Sub-encoding information:
(textcomp)               5 = only ISO-Adobe without \textcurrency
(textcomp)               4 = 5 + \texteuro
(textcomp)               3 = 4 + \textohm
(textcomp)               2 = 3 + \textestimated + \textcurrency
(textcomp)               1 = TS1 - \textcircled - \t
(textcomp)               0 = TS1 (full)
(textcomp)             Font families with sub-encoding setting implement
(textcomp)             only a restricted character set as indicated.
(textcomp)             Family '?' is the default used for unknown fonts.
(textcomp)             See the documentation for details.
Package textcomp Info: Setting ? sub-encoding to TS1/1 on input line 79.
Package textcomp Info: Changing ? sub-encoding to TS1/0 on input line 80.

(/usr/local/texlive/2017/texmf-dist/tex/latex/base/ts1enc.def
File: ts1enc.def 2001/06/05 v3.0e (jk/car/fm) Standard LaTeX file
)
LaTeX Info: Redefining \oldstylenums on input line 334.
Package textcomp Info: Setting cmr sub-encoding to TS1/0 on input line 349.
Package textcomp Info: Setting cmss sub-encoding to TS1/0 on input line 350.
Package textcomp Info: Setting cmtt sub-encoding to TS1/0 on input line 351.
Package textcomp Info: Setting cmvtt sub-encoding to TS1/0 on input line 352.
Package textcomp Info: Setting cmbr sub-encoding to TS1/0 on input line 353.
Package textcomp Info: Setting cmtl sub-encoding to TS1/0 on input line 354.
Package textcomp Info: Setting ccr sub-encoding to TS1/0 on input line 355.
Package textcomp Info: Setting ptm sub-encoding to TS1/4 on input line 356.
Package textcomp Info: Setting pcr sub-encoding to TS1/4 on input line 357.
Package textcomp Info: Setting phv sub-encoding to TS1/4 on input line 358.
Package textcomp Info: Setting ppl sub-encoding to TS1/3 on input line 359.
Package textcomp Info: Setting pag sub-encoding to TS1/4 on input line 360.
Package textcomp Info: Setting pbk sub-encoding to TS1/4 on input line 361.
Package textcomp Info: Setting pnc sub-encoding to TS1/4 on input line 362.
Package textcomp Info: Setting pzc sub-encoding to TS1/4 on input line 363.
Package textcomp Info: Setting bch sub-encoding to TS1/4 on input line 364.
Package textcomp Info: Setting put sub-encoding to TS1/5 on input line 365.
Package textcomp Info: Setting uag sub-encoding to TS1/5 on input line 366.
Package textcomp Info: Setting ugq sub-encoding to TS1/5 on input line 367.
Package textcomp Info: Setting ul8 sub-encoding to TS1/4 on input line 368.
Package textcomp Info: Setting ul9 sub-encoding to TS1/4 on input line 369.
Package textcomp Info: Setting augie sub-encoding to TS1/5 on input line 370.
Package textcomp Info: Setting dayrom sub-encoding to TS1/3 on input line 371.
Package textcomp Info: Setting dayroms sub-encoding to TS1/3 on input line 372.

Package textcomp Info: Setting pxr sub-encoding to TS1/0 on input line 373.
Package textcomp Info: Setting pxss sub-encoding to TS1/0 on input line 374.
Package textcomp Info: Setting pxtt sub-encoding to TS1/0 on input line 375.
Package textcomp Info: Setting txr sub-encoding to TS1/0 on input line 376.
Package textcomp Info: Setting txss sub-encoding to TS1/0 on input line 377.
Package textcomp Info: Setting txtt sub-encoding to TS1/0 on input line 378.
Package textcomp Info: Setting lmr sub-encoding to TS1/0 on input line 379.
Package textcomp Info: Setting lmdh sub-encoding to TS1/0 on input line 380.
Package textcomp Info: Setting lmss sub-encoding to TS1/0 on input line 381.
Package textcomp Info: Setting lmssq sub-encoding to TS1/0 on input line 382.
Package textcomp Info: Setting lmvtt sub-encoding to TS1/0 on input line 383.
Package textcomp Info: Setting lmtt sub-encoding to TS1/0 on input line 384.
Package textcomp Info: Setting qhv sub-encoding to TS1/0 on input line 385.
Package textcomp Info: Setting qag sub-encoding to TS1/0 on input line 386.
Package textcomp Info: Setting qbk sub-encoding to TS1/0 on input line 387.
Package textcomp Info: Setting qcr sub-encoding to TS1/0 on input line 388.
Package textcomp Info: Setting qcs sub-encoding to TS1/0 on input line 389.
Package textcomp Info: Setting qpl sub-encoding to TS1/0 on input line 390.
Package textcomp Info: Setting qtm sub-encoding to TS1/0 on input line 391.
Package textcomp Info: Setting qzc sub-encoding to TS1/0 on input line 392.
Package textcomp Info: Setting qhvc sub-encoding to TS1/0 on input line 393.
Package textcomp Info: Setting futs sub-encoding to TS1/4 on input line 394.
Package textcomp Info: Setting futx sub-encoding to TS1/4 on input line 395.
Package textcomp Info: Setting futj sub-encoding to TS1/4 on input line 396.
Package textcomp Info: Setting hlh sub-encoding to TS1/3 on input line 397.
Package textcomp Info: Setting hls sub-encoding to TS1/3 on input line 398.
Package textcomp Info: Setting hlst sub-encoding to TS1/3 on input line 399.
Package textcomp Info: Setting hlct sub-encoding to TS1/5 on input line 400.
Package textcomp Info: Setting hlx sub-encoding to TS1/5 on input line 401.
Package textcomp Info: Setting hlce sub-encoding to TS1/5 on input line 402.
Package textcomp Info: Setting hlcn sub-encoding to TS1/5 on input line 403.
Package textcomp Info: Setting hlcw sub-encoding to TS1/5 on input line 404.
Package textcomp Info: Setting hlcf sub-encoding to TS1/5 on input line 405.
Package textcomp Info: Setting pplx sub-encoding to TS1/3 on input line 406.
Package textcomp Info: Setting pplj sub-encoding to TS1/3 on input line 407.
Package textcomp Info: Setting ptmx sub-encoding to TS1/4 on input line 408.
Package textcomp Info: Setting ptmj sub-encoding to TS1/4 on input line 409.
))
(/usr/local/texlive/2017/texmf-dist/tex/latex/newtx/newtxmath.sty
Package: newtxmath 2017/12/14 v1.53

`newtxmath' v1.53, 2017/12/14 Math macros based on txfonts (msharpe)
(/usr/local/texlive/2017/texmf-dist/tex/latex/amsmath/amsmath.sty
Package: amsmath 2017/09/02 v2.17a AMS math features
\@mathmargin=\skip41

For additional information on amsmath, use the `?' option.
(/usr/local/texlive/2017/texmf-dist/tex/latex/amsmath/amstext.sty
Package: amstext 2000/06/29 v2.01 AMS text

(/usr/local/texlive/2017/texmf-dist/tex/latex/amsmath/amsgen.sty
File: amsgen.sty 1999/11/30 v2.0 generic functions
\@emptytoks=\toks16
\ex@=\dimen103
))
(/usr/local/texlive/2017/texmf-dist/tex/latex/amsmath/amsbsy.sty
Package: amsbsy 1999/11/29 v1.2d Bold Symbols
\pmbraise@=\dimen104
)
(/usr/local/texlive/2017/texmf-dist/tex/latex/amsmath/amsopn.sty
Package: amsopn 2016/03/08 v2.02 operator names
)
\inf@bad=\count81
LaTeX Info: Redefining \frac on input line 213.
\uproot@=\count82
\leftroot@=\count83
LaTeX Info: Redefining \overline on input line 375.
\classnum@=\count84
\DOTSCASE@=\count85
LaTeX Info: Redefining \ldots on input line 472.
LaTeX Info: Redefining \dots on input line 475.
LaTeX Info: Redefining \cdots on input line 596.
\Mathstrutbox@=\box26
\strutbox@=\box27
\big@size=\dimen105
LaTeX Font Info:    Redeclaring font encoding OML on input line 712.
LaTeX Font Info:    Redeclaring font encoding OMS on input line 713.
\macc@depth=\count86
\c@MaxMatrixCols=\count87
\dotsspace@=\muskip10
\c@parentequation=\count88
\dspbrk@lvl=\count89
\tag@help=\toks17
\row@=\count90
\column@=\count91
\maxfields@=\count92
\andhelp@=\toks18
\eqnshift@=\dimen106
\alignsep@=\dimen107
\tagshift@=\dimen108
\tagwidth@=\dimen109
\totwidth@=\dimen110
\lineht@=\dimen111
\@envbody=\toks19
\multlinegap=\skip42
\multlinetaggap=\skip43
\mathdisplay@stack=\toks20
LaTeX Info: Redefining \[ on input line 2817.
LaTeX Info: Redefining \] on input line 2818.
)
(/usr/local/texlive/2017/texmf-dist/tex/generic/ifxetex/ifxetex.sty
Package: ifxetex 2010/09/12 v0.6 Provides ifxetex conditional
)
(/usr/local/texlive/2017/texmf-dist/tex/generic/oberdiek/ifluatex.sty
Package: ifluatex 2016/05/16 v1.4 Provides the ifluatex switch (HO)
Package ifluatex Info: LuaTeX not detected.
)
(/usr/local/texlive/2017/texmf-dist/tex/latex/oberdiek/centernot.sty
Package: centernot 2016/05/16 v1.4 Centers the not symbol horizontally (HO)
)
(/usr/local/texlive/2017/texmf-dist/tex/generic/kastrup/binhex.tex)
\tx@Isdigit=\count93
LaTeX Font Info:    Redeclaring symbol font `operators' on input line 156.
LaTeX Font Info:    Overwriting symbol font `operators' in version `normal'
(Font)                  OT1/cmr/m/n --> OT1/ntxtlf/m/n on input line 156.
LaTeX Font Info:    Overwriting symbol font `operators' in version `bold'
(Font)                  OT1/cmr/bx/n --> OT1/ntxtlf/m/n on input line 156.
LaTeX Font Info:    Overwriting symbol font `operators' in version `bold'
(Font)                  OT1/ntxtlf/m/n --> OT1/ntxtlf/b/n on input line 157.
LaTeX Font Info:    Redeclaring math alphabet \mathsf on input line 163.
LaTeX Font Info:    Overwriting math alphabet `\mathsf' in version `normal'
(Font)                  OT1/cmss/m/n --> T1/qhv/m/n on input line 163.
LaTeX Font Info:    Overwriting math alphabet `\mathsf' in version `bold'
(Font)                  OT1/cmss/bx/n --> T1/qhv/m/n on input line 163.
LaTeX Font Info:    Redeclaring math alphabet \mathit on input line 164.
LaTeX Font Info:    Overwriting math alphabet `\mathit' in version `normal'
(Font)                  OT1/cmr/m/it --> OT1/ntxtlf/m/it on input line 164.
LaTeX Font Info:    Overwriting math alphabet `\mathit' in version `bold'
(Font)                  OT1/cmr/bx/it --> OT1/ntxtlf/m/it on input line 164.
LaTeX Font Info:    Redeclaring math alphabet \mathtt on input line 165.
LaTeX Font Info:    Overwriting math alphabet `\mathtt' in version `normal'
(Font)                  OT1/cmtt/m/n --> T1/ntxtt/m/n on input line 165.
LaTeX Font Info:    Overwriting math alphabet `\mathtt' in version `bold'
(Font)                  OT1/cmtt/m/n --> T1/ntxtt/m/n on input line 165.
LaTeX Font Info:    Redeclaring math alphabet \mathbf on input line 167.
LaTeX Font Info:    Overwriting math alphabet `\mathbf' in version `normal'
(Font)                  OT1/cmr/bx/n --> OT1/ntxtlf/b/n on input line 167.
LaTeX Font Info:    Overwriting math alphabet `\mathbf' in version `bold'
(Font)                  OT1/cmr/bx/n --> OT1/ntxtlf/b/n on input line 167.
LaTeX Font Info:    Overwriting math alphabet `\mathit' in version `bold'
(Font)                  OT1/ntxtlf/m/it --> OT1/ntxtlf/b/it on input line 168.
LaTeX Font Info:    Overwriting math alphabet `\mathsf' in version `bold'
(Font)                  T1/qhv/m/n --> T1/qhv/b/n on input line 169.
LaTeX Font Info:    Overwriting math alphabet `\mathtt' in version `bold'
(Font)                  T1/ntxtt/m/n --> T1/ntxtt/b/n on input line 170.
LaTeX Font Info:    Redeclaring symbol font `letters' on input line 221.
LaTeX Font Info:    Overwriting symbol font `letters' in version `normal'
(Font)                  OML/cmm/m/it --> OML/ntxmi/m/it on input line 221.
LaTeX Font Info:    Overwriting symbol font `letters' in version `bold'
(Font)                  OML/cmm/b/it --> OML/ntxmi/m/it on input line 221.
LaTeX Font Info:    Overwriting symbol font `letters' in version `bold'
(Font)                  OML/ntxmi/m/it --> OML/ntxmi/b/it on input line 222.
\symlettersA=\mathgroup4
LaTeX Font Info:    Overwriting symbol font `lettersA' in version `bold'
(Font)                  U/ntxmia/m/it --> U/ntxmia/b/it on input line 238.
LaTeX Font Info:    Redeclaring symbol font `symbols' on input line 259.
LaTeX Font Info:    Encoding `OMS' has changed to `LMS' for symbol font
(Font)              `symbols' in the math version `normal' on input line 259.
LaTeX Font Info:    Overwriting symbol font `symbols' in version `normal'
(Font)                  OMS/cmsy/m/n --> LMS/ntxsy/m/n on input line 259.
LaTeX Font Info:    Encoding `OMS' has changed to `LMS' for symbol font
(Font)              `symbols' in the math version `bold' on input line 259.
LaTeX Font Info:    Overwriting symbol font `symbols' in version `bold'
(Font)                  OMS/cmsy/b/n --> LMS/ntxsy/m/n on input line 259.
LaTeX Font Info:    Overwriting symbol font `symbols' in version `bold'
(Font)                  LMS/ntxsy/m/n --> LMS/ntxsy/b/n on input line 260.
\symAMSm=\mathgroup5
LaTeX Font Info:    Overwriting symbol font `AMSm' in version `bold'
(Font)                  U/ntxsym/m/n --> U/ntxsym/b/n on input line 283.
\symsymbolsC=\mathgroup6
LaTeX Font Info:    Overwriting symbol font `symbolsC' in version `bold'
(Font)                  U/ntxsyc/m/n --> U/ntxsyc/b/n on input line 304.
LaTeX Font Info:    Redeclaring symbol font `largesymbols' on input line 317.
LaTeX Font Info:    Encoding `OMX' has changed to `LMX' for symbol font
(Font)              `largesymbols' in the math version `normal' on input line 3
17.
LaTeX Font Info:    Overwriting symbol font `largesymbols' in version `normal'
(Font)                  OMX/cmex/m/n --> LMX/ntxexx/m/n on input line 317.
LaTeX Font Info:    Encoding `OMX' has changed to `LMX' for symbol font
(Font)              `largesymbols' in the math version `bold' on input line 317
.
LaTeX Font Info:    Overwriting symbol font `largesymbols' in version `bold'
(Font)                  OMX/cmex/m/n --> LMX/ntxexx/m/n on input line 317.
LaTeX Font Info:    Overwriting symbol font `largesymbols' in version `bold'
(Font)                  LMX/ntxexx/m/n --> LMX/ntxexx/b/n on input line 318.
\symlargesymbolsTXA=\mathgroup7
LaTeX Font Info:    Overwriting symbol font `largesymbolsTXA' in version `bold'

(Font)                  U/ntxexa/m/n --> U/ntxexa/b/n on input line 332.
LaTeX Font Info:    Redeclaring math delimiter \lgroup on input line 503.
LaTeX Font Info:    Redeclaring math delimiter \rgroup on input line 504.
LaTeX Font Info:    Redeclaring math delimiter \lmoustache on input line 505.
LaTeX Font Info:    Redeclaring math delimiter \rmoustache on input line 506.
LaTeX Font Info:    Redeclaring math delimiter \lfloor on input line 512.
LaTeX Font Info:    Redeclaring math delimiter \rfloor on input line 513.
LaTeX Font Info:    Redeclaring math delimiter \lceil on input line 514.
LaTeX Font Info:    Redeclaring math delimiter \rceil on input line 515.
LaTeX Font Info:    Redeclaring math delimiter \lbrace on input line 516.
LaTeX Font Info:    Redeclaring math delimiter \rbrace on input line 517.
LaTeX Font Info:    Redeclaring math delimiter \langle on input line 518.
LaTeX Font Info:    Redeclaring math delimiter \rangle on input line 520.
LaTeX Font Info:    Redeclaring math symbol \mid on input line 522.
LaTeX Font Info:    Redeclaring math delimiter \arrowvert on input line 524.
LaTeX Font Info:    Redeclaring math delimiter \vert on input line 525.
LaTeX Font Info:    Redeclaring math symbol \parallel on input line 526.
LaTeX Font Info:    Redeclaring math delimiter \Arrowvert on input line 527.
LaTeX Font Info:    Redeclaring math delimiter \Vert on input line 528.
LaTeX Font Info:    Redeclaring math delimiter \updownarrow on input line 530.
LaTeX Font Info:    Redeclaring math delimiter \Updownarrow on input line 531.
LaTeX Font Info:    Redeclaring math delimiter \lvert on input line 536.
LaTeX Font Info:    Redeclaring math delimiter \rvert on input line 537.
LaTeX Font Info:    Redeclaring math delimiter \lVert on input line 538.
LaTeX Font Info:    Redeclaring math delimiter \rVert on input line 539.
LaTeX Info: Redefining \not on input line 2146.
)
(/usr/local/texlive/2017/texmf-dist/tex/latex/graphics/graphicx.sty
Package: graphicx 2017/06/01 v1.1a Enhanced LaTeX Graphics (DPC,SPQR)

(/usr/local/texlive/2017/texmf-dist/tex/latex/graphics/graphics.sty
Package: graphics 2017/06/25 v1.2c Standard LaTeX Graphics (DPC,SPQR)

(/usr/local/texlive/2017/texmf-dist/tex/latex/graphics/trig.sty
Package: trig 2016/01/03 v1.10 sin cos tan (DPC)
)
(/usr/local/texlive/2017/texmf-dist/tex/latex/graphics-cfg/graphics.cfg
File: graphics.cfg 2016/06/04 v1.11 sample graphics configuration
)
Package graphics Info: Driver file: pdftex.def on input line 99.

(/usr/local/texlive/2017/texmf-dist/tex/latex/graphics-def/pdftex.def
File: pdftex.def 2018/01/08 v1.0l Graphics/color driver for pdftex
))
\Gin@req@height=\dimen112
\Gin@req@width=\dimen113
)
(/usr/local/texlive/2017/texmf-dist/tex/latex/xcolor/xcolor.sty
Package: xcolor 2016/05/11 v2.12 LaTeX color extensions (UK)

(/usr/local/texlive/2017/texmf-dist/tex/latex/graphics-cfg/color.cfg
File: color.cfg 2016/01/02 v1.6 sample color configuration
)
Package xcolor Info: Driver file: pdftex.def on input line 225.
Package xcolor Info: Model `cmy' substituted by `cmy0' on input line 1348.
Package xcolor Info: Model `hsb' substituted by `rgb' on input line 1352.
Package xcolor Info: Model `RGB' extended on input line 1364.
Package xcolor Info: Model `HTML' substituted by `rgb' on input line 1366.
Package xcolor Info: Model `Hsb' substituted by `hsb' on input line 1367.
Package xcolor Info: Model `tHsb' substituted by `hsb' on input line 1368.
Package xcolor Info: Model `HSB' substituted by `hsb' on input line 1369.
Package xcolor Info: Model `Gray' substituted by `gray' on input line 1370.
Package xcolor Info: Model `wave' substituted by `hsb' on input line 1371.
)
(/usr/local/texlive/2017/texmf-dist/tex/latex/lineno/lineno.sty
Package: lineno 2005/11/02 line numbers on paragraphs v4.41
\linenopenalty=\count94
\output=\toks21
\linenoprevgraf=\count95
\linenumbersep=\dimen114
\linenumberwidth=\dimen115
\c@linenumber=\count96
\c@pagewiselinenumber=\count97
\c@LN@truepage=\count98
\c@internallinenumber=\count99
\c@internallinenumbers=\count100
\quotelinenumbersep=\dimen116
\bframerule=\dimen117
\bframesep=\dimen118
\bframebox=\box28
LaTeX Info: Redefining \\ on input line 3056.
)
(/usr/local/texlive/2017/texmf-dist/tex/latex/tools/indentfirst.sty
Package: indentfirst 1995/11/23 v1.03 Indent first paragraph (DPC)
)
(/usr/local/texlive/2017/texmf-dist/tex/latex/ms/ragged2e.sty
Package: ragged2e 2009/05/21 v2.1 ragged2e Package (MS)

(/usr/local/texlive/2017/texmf-dist/tex/latex/ms/everysel.sty
Package: everysel 2011/10/28 v1.2 EverySelectfont Package (MS)
)
\CenteringLeftskip=\skip44
\RaggedLeftLeftskip=\skip45
\RaggedRightLeftskip=\skip46
\CenteringRightskip=\skip47
\RaggedLeftRightskip=\skip48
\RaggedRightRightskip=\skip49
\CenteringParfillskip=\skip50
\RaggedLeftParfillskip=\skip51
\RaggedRightParfillskip=\skip52
\JustifyingParfillskip=\skip53
\CenteringParindent=\skip54
\RaggedLeftParindent=\skip55
\RaggedRightParindent=\skip56
\JustifyingParindent=\skip57
)
(/usr/local/texlive/2017/texmf-dist/tex/latex/graphics/rotating.sty
Package: rotating 2016/08/11 v2.16d rotated objects in LaTeX

(/usr/local/texlive/2017/texmf-dist/tex/latex/base/ifthen.sty
Package: ifthen 2014/09/29 v1.1c Standard LaTeX ifthen package (DPC)
)
\c@r@tfl@t=\count101
\rotFPtop=\skip58
\rotFPbot=\skip59
\rot@float@box=\box29
\rot@mess@toks=\toks22
)
(/usr/local/texlive/2017/texmf-dist/tex/generic/ulem/ulem.sty
\UL@box=\box30
\UL@hyphenbox=\box31
\UL@skip=\skip60
\UL@hook=\toks23
\UL@height=\dimen119
\UL@pe=\count102
\UL@pixel=\dimen120
\ULC@box=\box32
Package: ulem 2012/05/18
\ULdepth=\dimen121
)
\draftskip=\count103
\c@section=\count104
\c@subsection=\count105
\c@subsubsection=\count106
\c@paragraph=\count107
\c@subparagraph=\count108
\c@figure=\count109
\c@table=\count110
\abovecaptionskip=\skip61
\belowcaptionskip=\skip62
\c@appendnum=\count111
\bibindent=\dimen122

(/usr/local/texlive/2017/texmf-dist/tex/latex/natbib/natbib.sty
Package: natbib 2010/09/13 8.31b (PWD, AO)
\bibhang=\skip63
\bibsep=\skip64
LaTeX Info: Redefining \cite on input line 694.
\c@NAT@ctr=\count112
)
\refchangenumber=\count113
\listchangenum=\count114
)
(/usr/local/texlive/2017/texmf-dist/tex/latex/soul/soul.sty
Package: soul 2003/11/17 v2.4 letterspacing/underlining (mf)
\SOUL@word=\toks24
\SOUL@lasttoken=\toks25
\SOUL@cmds=\toks26
\SOUL@buffer=\toks27
\SOUL@token=\toks28
\SOUL@spaceskip=\skip65
\SOUL@ttwidth=\dimen123
\SOUL@uldp=\dimen124
\SOUL@ulht=\dimen125
)
(/usr/local/texlive/2017/texmf-dist/tex/latex/breakcites/breakcites.sty)
(/usr/local/texlive/2017/texmf-dist/tex/latex/hyperref/hyperref.sty
Package: hyperref 2018/02/06 v6.86b Hypertext links for LaTeX

(/usr/local/texlive/2017/texmf-dist/tex/generic/oberdiek/hobsub-hyperref.sty
Package: hobsub-hyperref 2016/05/16 v1.14 Bundle oberdiek, subset hyperref (HO)


(/usr/local/texlive/2017/texmf-dist/tex/generic/oberdiek/hobsub-generic.sty
Package: hobsub-generic 2016/05/16 v1.14 Bundle oberdiek, subset generic (HO)
Package: hobsub 2016/05/16 v1.14 Construct package bundles (HO)
Package: infwarerr 2016/05/16 v1.4 Providing info/warning/error messages (HO)
Package: ltxcmds 2016/05/16 v1.23 LaTeX kernel commands for general use (HO)
Package hobsub Info: Skipping package `ifluatex' (already loaded).
Package: ifvtex 2016/05/16 v1.6 Detect VTeX and its facilities (HO)
Package ifvtex Info: VTeX not detected.
Package: intcalc 2016/05/16 v1.2 Expandable calculations with integers (HO)
Package: ifpdf 2017/03/15 v3.2 Provides the ifpdf switch
Package: etexcmds 2016/05/16 v1.6 Avoid name clashes with e-TeX commands (HO)
Package etexcmds Info: Could not find \expanded.
(etexcmds)             That can mean that you are not using pdfTeX 1.50 or
(etexcmds)             that some package has redefined \expanded.
(etexcmds)             In the latter case, load this package earlier.
Package: kvsetkeys 2016/05/16 v1.17 Key value parser (HO)
Package: kvdefinekeys 2016/05/16 v1.4 Define keys (HO)
Package: pdftexcmds 2018/01/21 v0.26 Utility functions of pdfTeX for LuaTeX (HO
)
Package pdftexcmds Info: LuaTeX not detected.
Package pdftexcmds Info: \pdf@primitive is available.
Package pdftexcmds Info: \pdf@ifprimitive is available.
Package pdftexcmds Info: \pdfdraftmode found.
Package: pdfescape 2016/05/16 v1.14 Implements pdfTeX's escape features (HO)
Package: bigintcalc 2016/05/16 v1.4 Expandable calculations on big integers (HO
)
Package: bitset 2016/05/16 v1.2 Handle bit-vector datatype (HO)
Package: uniquecounter 2016/05/16 v1.3 Provide unlimited unique counter (HO)
)
Package hobsub Info: Skipping package `hobsub' (already loaded).
Package: letltxmacro 2016/05/16 v1.5 Let assignment for LaTeX macros (HO)
Package: hopatch 2016/05/16 v1.3 Wrapper for package hooks (HO)
Package: xcolor-patch 2016/05/16 xcolor patch
Package: atveryend 2016/05/16 v1.9 Hooks at the very end of document (HO)
Package: atbegshi 2016/06/09 v1.18 At begin shipout hook (HO)
Package: refcount 2016/05/16 v3.5 Data extraction from label references (HO)
Package: hycolor 2016/05/16 v1.8 Color options for hyperref/bookmark (HO)
)
(/usr/local/texlive/2017/texmf-dist/tex/latex/oberdiek/auxhook.sty
Package: auxhook 2016/05/16 v1.4 Hooks for auxiliary files (HO)
)
(/usr/local/texlive/2017/texmf-dist/tex/latex/oberdiek/kvoptions.sty
Package: kvoptions 2016/05/16 v3.12 Key value format for package options (HO)
)
\@linkdim=\dimen126
\Hy@linkcounter=\count115
\Hy@pagecounter=\count116

(/usr/local/texlive/2017/texmf-dist/tex/latex/hyperref/pd1enc.def
File: pd1enc.def 2018/02/06 v6.86b Hyperref: PDFDocEncoding definition (HO)
)
\Hy@SavedSpaceFactor=\count117

(/usr/local/texlive/2017/texmf-dist/tex/latex/latexconfig/hyperref.cfg
File: hyperref.cfg 2002/06/06 v1.2 hyperref configuration of TeXLive
)
Package hyperref Info: Option `draft' set `true' on input line 4383.
Package hyperref Info: Option `colorlinks' set `true' on input line 4383.
Package hyperref Info: Hyper figures OFF on input line 4509.
Package hyperref Info: Link nesting OFF on input line 4514.
Package hyperref Info: Hyper index ON on input line 4517.
Package hyperref Info: Plain pages OFF on input line 4524.
Package hyperref Info: Backreferencing OFF on input line 4529.
Package hyperref Info: Implicit mode ON; LaTeX internals redefined.
Package hyperref Info: Bookmarks ON on input line 4762.
\c@Hy@tempcnt=\count118

(/usr/local/texlive/2017/texmf-dist/tex/latex/url/url.sty
\Urlmuskip=\muskip11
Package: url 2013/09/16  ver 3.4  Verb mode for urls, etc.
)
LaTeX Info: Redefining \url on input line 5115.
\XeTeXLinkMargin=\dimen127
\Fld@menulength=\count119
\Field@Width=\dimen128
\Fld@charsize=\dimen129
Package hyperref Info: Hyper figures OFF on input line 6369.
Package hyperref Info: Link nesting OFF on input line 6374.
Package hyperref Info: Hyper index ON on input line 6377.
Package hyperref Info: backreferencing OFF on input line 6384.
Package hyperref Info: Link coloring ON on input line 6387.
Package hyperref Info: Link coloring with OCG OFF on input line 6394.
Package hyperref Info: PDF/A mode OFF on input line 6399.
LaTeX Info: Redefining \ref on input line 6439.
LaTeX Info: Redefining \pageref on input line 6443.
\Hy@abspage=\count120
\c@Item=\count121
\c@Hfootnote=\count122
)
Package hyperref Info: Driver (autodetected): hpdftex.

(/usr/local/texlive/2017/texmf-dist/tex/latex/hyperref/hpdftex.def
File: hpdftex.def 2018/02/06 v6.86b Hyperref driver for pdfTeX
\Fld@listcount=\count123
\c@bookmark@seq@number=\count124

(/usr/local/texlive/2017/texmf-dist/tex/latex/oberdiek/rerunfilecheck.sty
Package: rerunfilecheck 2016/05/16 v1.8 Rerun checks for auxiliary files (HO)
Package uniquecounter Info: New unique counter `rerunfilecheck' on input line 2
82.
)
\Hy@SectionHShift=\skip66
)
LaTeX Font Info:    Try loading font information for T1+ntxtlf on input line 12
.

(/usr/local/texlive/2017/texmf-dist/tex/latex/newtx/t1ntxtlf.fd
File: t1ntxtlf.fd 2015/01/17 v1.0 font definition file for T1/ntx/tlf
)
LaTeX Font Info:    Font shape `T1/ntxtlf/m/n' will be
(Font)              scaled to size 10.0pt on input line 12.

No file Haiti_agu_revised_2_clean.aux.
\openout1 = `Haiti_agu_revised_2_clean.aux'.

LaTeX Font Info:    Checking defaults for OML/ntxmi/m/it on input line 12.
LaTeX Font Info:    Try loading font information for OML+ntxmi on input line 12
.
(/usr/local/texlive/2017/texmf-dist/tex/latex/newtx/omlntxmi.fd
File: omlntxmi.fd 2015/08/25 Fontinst v1.933 font definitions for OML/ntxmi.
)
LaTeX Font Info:    ... okay on input line 12.
LaTeX Font Info:    Checking defaults for T1/cmr/m/n on input line 12.
LaTeX Font Info:    ... okay on input line 12.
LaTeX Font Info:    Checking defaults for OT1/cmr/m/n on input line 12.
LaTeX Font Info:    ... okay on input line 12.
LaTeX Font Info:    Checking defaults for OMS/cmsy/m/n on input line 12.
LaTeX Font Info:    ... okay on input line 12.
LaTeX Font Info:    Checking defaults for OMX/cmex/m/n on input line 12.
LaTeX Font Info:    ... okay on input line 12.
LaTeX Font Info:    Checking defaults for U/ntxexa/m/n on input line 12.
LaTeX Font Info:    Try loading font information for U+ntxexa on input line 12.


(/usr/local/texlive/2017/texmf-dist/tex/latex/newtx/untxexa.fd
File: untxexa.fd 2012/04/16 Fontinst v1.933 font definitions for U/ntxexa.
)
LaTeX Font Info:    ... okay on input line 12.
LaTeX Font Info:    Checking defaults for TS1/cmr/m/n on input line 12.
LaTeX Font Info:    Try loading font information for TS1+cmr on input line 12.

(/usr/local/texlive/2017/texmf-dist/tex/latex/base/ts1cmr.fd
File: ts1cmr.fd 2014/09/29 v2.5h Standard LaTeX font definitions
)
LaTeX Font Info:    ... okay on input line 12.
LaTeX Font Info:    Checking defaults for LMS/ntxsy/m/n on input line 12.
LaTeX Font Info:    Try loading font information for LMS+ntxsy on input line 12
.

(/usr/local/texlive/2017/texmf-dist/tex/latex/newtx/lmsntxsy.fd
File: lmsntxsy.fd 2016/07/02 Fontinst v1.933 font definitions for LMS/ntxsy.
)
LaTeX Font Info:    ... okay on input line 12.
LaTeX Font Info:    Checking defaults for LMX/ntxexx/m/n on input line 12.
LaTeX Font Info:    Try loading font information for LMX+ntxexx on input line 1
2.

(/usr/local/texlive/2017/texmf-dist/tex/latex/newtx/lmxntxexx.fd
File: lmxntxexx.fd 2016/07/03 Fontinst v1.933 font definitions for LMX/ntxexx.
)
LaTeX Font Info:    ... okay on input line 12.
LaTeX Font Info:    Checking defaults for PD1/pdf/m/n on input line 12.
LaTeX Font Info:    ... okay on input line 12.
\c@mv@tabular=\count125
\c@mv@boldtabular=\count126

(/usr/local/texlive/2017/texmf-dist/tex/context/base/mkii/supp-pdf.mkii
[Loading MPS to PDF converter (version 2006.09.02).]
\scratchcounter=\count127
\scratchdimen=\dimen130
\scratchbox=\box33
\nofMPsegments=\count128
\nofMParguments=\count129
\everyMPshowfont=\toks29
\MPscratchCnt=\count130
\MPscratchDim=\dimen131
\MPnumerator=\count131
\makeMPintoPDFobject=\count132
\everyMPtoPDFconversion=\toks30
) (/usr/local/texlive/2017/texmf-dist/tex/latex/oberdiek/epstopdf-base.sty
Package: epstopdf-base 2016/05/15 v2.6 Base part for package epstopdf

(/usr/local/texlive/2017/texmf-dist/tex/latex/oberdiek/grfext.sty
Package: grfext 2016/05/16 v1.2 Manage graphics extensions (HO)
)
Package epstopdf-base Info: Redefining graphics rule for `.eps' on input line 4
38.
Package grfext Info: Graphics extension search list:
(grfext)             [.pdf,.png,.jpg,.mps,.jpeg,.jbig2,.jb2,.PDF,.PNG,.JPG,.JPE
G,.JBIG2,.JB2,.eps]
(grfext)             \AppendGraphicsExtensions on input line 456.

(/usr/local/texlive/2017/texmf-dist/tex/latex/latexconfig/epstopdf-sys.cfg
File: epstopdf-sys.cfg 2010/07/13 v1.3 Configuration of (r)epstopdf for TeX Liv
e
))
ABD: EverySelectfont initializing macros
LaTeX Info: Redefining \selectfont on input line 12.
\AtBeginShipoutBox=\box34


Package hyperref Warning: Height of page (\paperheight) is invalid (0.0pt),
(hyperref)                using 11in.


Package hyperref Warning: Draft mode on.

Package hyperref Info: Link coloring ON on input line 12.
(/usr/local/texlive/2017/texmf-dist/tex/latex/hyperref/nameref.sty
Package: nameref 2016/05/21 v2.44 Cross-referencing by name of section

(/usr/local/texlive/2017/texmf-dist/tex/generic/oberdiek/gettitlestring.sty
Package: gettitlestring 2016/05/16 v1.5 Cleanup title references (HO)
)
\c@section@level=\count133
)
LaTeX Info: Redefining \ref on input line 12.
LaTeX Info: Redefining \pageref on input line 12.
LaTeX Info: Redefining \nameref on input line 12.
LaTeX Font Info:    Font shape `T1/ntxtlf/m/n' will be
(Font)              scaled to size 14.4pt on input line 14.
LaTeX Font Info:    Font shape `T1/ntxtlf/bx/n' in size <14.4> not available
(Font)              Font shape `T1/ntxtlf/b/n' tried instead on input line 14.
LaTeX Font Info:    Font shape `T1/ntxtlf/b/n' will be
(Font)              scaled to size 14.4pt on input line 14.
LaTeX Font Info:    Font shape `T1/ntxtlf/m/n' will be
(Font)              scaled to size 5.0pt on input line 14.
LaTeX Font Info:    Try loading font information for T1+qhv on input line 14.

(/usr/local/texlive/2017/texmf-dist/tex/latex/tex-gyre/t1qhv.fd
File: t1qhv.fd 2009/09/25 v1.2 font definition file for T1/qhv
)
LaTeX Font Info:    Font shape `T1/qhv/m/n' will be
(Font)              scaled to size 4.49997pt on input line 14.
LaTeX Font Info:    Font shape `T1/ntxtlf/bx/n' in size <10> not available
(Font)              Font shape `T1/ntxtlf/b/n' tried instead on input line 16.
LaTeX Font Info:    Font shape `T1/ntxtlf/b/n' will be
(Font)              scaled to size 10.0pt on input line 16.
LaTeX Font Info:    Font shape `T1/ntxtlf/m/n' will be
(Font)              scaled to size 8.0pt on input line 17.
LaTeX Font Info:    Try loading font information for OT1+ntxtlf on input line 1
7.

(/usr/local/texlive/2017/texmf-dist/tex/latex/newtx/ot1ntxtlf.fd
File: ot1ntxtlf.fd 2015/01/17 v1.0 font definition file for OT1/ntx/tlf
)
LaTeX Font Info:    Font shape `OT1/ntxtlf/m/n' will be
(Font)              scaled to size 8.0pt on input line 17.
LaTeX Font Info:    Font shape `OT1/ntxtlf/m/n' will be
(Font)              scaled to size 6.2pt on input line 17.
LaTeX Font Info:    Font shape `OT1/ntxtlf/m/n' will be
(Font)              scaled to size 5.5pt on input line 17.
LaTeX Font Info:    Try loading font information for U+ntxmia on input line 17.


(/usr/local/texlive/2017/texmf-dist/tex/latex/newtx/untxmia.fd
File: untxmia.fd 2016/01/31 Fontinst v1.933 font definitions for U/ntxmia.
)
LaTeX Font Info:    Try loading font information for U+ntxsym on input line 17.


(/usr/local/texlive/2017/texmf-dist/tex/latex/newtx/untxsym.fd
File: untxsym.fd 2015/03/20 Fontinst v1.933 font definitions for U/ntxsym.
)
LaTeX Font Info:    Try loading font information for U+ntxsyc on input line 17.


(/usr/local/texlive/2017/texmf-dist/tex/latex/newtx/untxsyc.fd
File: untxsyc.fd 2012/04/12 Fontinst v1.933 font definitions for U/ntxsyc.
)
LaTeX Font Info:    Try loading font information for T1+ntxsups on input line 1
9.

(/usr/local/texlive/2017/texmf-dist/tex/latex/newtx/t1ntxsups.fd
File: t1ntxsups.fd 2015/01/17 v1.0
)
LaTeX Font Info:    Font shape `T1/ntxsups/m/n' will be
(Font)              scaled to size 8.0pt on input line 19.
LaTeX Font Info:    Font shape `T1/ntxtlf/m/n' will be
(Font)              scaled to size 9.0pt on input line 19.
LaTeX Font Info:    Try loading font information for T1+ntxtt on input line 19.


(/usr/local/texlive/2017/texmf-dist/tex/latex/newtx/t1ntxtt.fd
File: t1ntxtt.fd 2012/04/20 v3.1
)
LaTeX Font Info:    Font shape `T1/ntxtt/m/n' will be
(Font)              scaled to size 9.0pt on input line 19.
LaTeX Font Info:    Font shape `OT1/ntxtlf/m/n' will be
(Font)              scaled to size 10.0pt on input line 21.
LaTeX Font Info:    Font shape `OT1/ntxtlf/m/n' will be
(Font)              scaled to size 7.3pt on input line 21.
LaTeX Font Info:    Font shape `T1/ntxtlf/m/it' will be
(Font)              scaled to size 10.0pt on input line 23.
LaTeX Font Info:    Font shape `T1/ntxtlf/m/it' will be
(Font)              scaled to size 9.0pt on input line 28.
 [1{/usr/local/texlive/2017/texmf-var/fonts/map/pdftex/updmap/pdftex.map}]
LaTeX Font Info:    Font shape `T1/ntxtlf/m/n' will be
(Font)              scaled to size 10.5pt on input line 32.
LaTeX Font Info:    Font shape `T1/ntxtlf/bx/n' in size <10.5> not available
(Font)              Font shape `T1/ntxtlf/b/n' tried instead on input line 32.
LaTeX Font Info:    Font shape `T1/ntxtlf/b/n' will be
(Font)              scaled to size 10.5pt on input line 32.


Package natbib Warning: Citation `prentice2010seismic' on page 2 undefined on i
nput line 34.


Package natbib Warning: Citation `bilham2010lessons' on page 2 undefined on inp
ut line 34.


Package natbib Warning: Citation `paultre2013damage' on page 2 undefined on inp
ut line 34.


Package natbib Warning: Citation `kocel2016near' on page 2 undefined on input l
ine 34.


LaTeX Warning: Reference `figure1' on page 2 undefined on input line 34.


Package natbib Warning: Citation `hayes2010complex' on page 2 undefined on inpu
t line 34.


Package natbib Warning: Citation `hashimoto2011fan' on page 2 undefined on inpu
t line 34.


Package natbib Warning: Citation `cowgill2012interactive' on page 2 undefined o
n input line 34.


Package natbib Warning: Citation `calais2010transpressional' on page 2 undefine
d on input line 34.


Package natbib Warning: Citation `nettles2010earthquake' on page 2 undefined on
 input line 34.


Package natbib Warning: Citation `symithe2013coseismic' on page 2 undefined on 
input line 34.


Package natbib Warning: Citation `douilly2013crustal' on page 2 undefined on in
put line 34.


Package natbib Warning: Citation `douilly2015three' on page 2 undefined on inpu
t line 34.


Package natbib Warning: Citation `prentice2010seismic' on page 2 undefined on i
nput line 34.


Package natbib Warning: Citation `koehler2011field' on page 2 undefined on inpu
t line 34.


Package natbib Warning: Citation `rathje2014geotechnical' on page 2 undefined o
n input line 34.


Package natbib Warning: Citation `saint2015seismotectonics' on page 2 undefined
 on input line 34.


Package natbib Warning: Citation `kocel2016near' on page 2 undefined on input l
ine 34.


Package natbib Warning: Citation `hornbach2010high' on page 2 undefined on inpu
t line 34.


Package natbib Warning: Citation `mercier20112010' on page 2 undefined on input
 line 34.


Package natbib Warning: Citation `mchugh2011offshore' on page 2 undefined on in
put line 34.


Package natbib Warning: Citation `mann1995actively' on page 2 undefined on inpu
t line 34.


Package natbib Warning: Citation `calais2010transpressional' on page 2 undefine
d on input line 34.


Package natbib Warning: Citation `benford2012gps' on page 2 undefined on input 
line 34.


Package natbib Warning: Citation `corbeau2016transpressive' on page 2 undefined
 on input line 34.


LaTeX Warning: Reference `figure1' on page 2 undefined on input line 34.


Package natbib Warning: Citation `calais2010transpressional' on page 2 undefine
d on input line 34.


Package natbib Warning: Citation `douilly2013crustal' on page 2 undefined on in
put line 34.


Package natbib Warning: Citation `douilly2015three' on page 2 undefined on inpu
t line 34.


Package natbib Warning: Citation `mercier20112010' on page 2 undefined on input
 line 34.


Package natbib Warning: Citation `symithe2013coseismic' on page 2 undefined on 
input line 34.


LaTeX Warning: Reference `figure1' on page 2 undefined on input line 34.


Underfull \vbox (badness 10000) has occurred while \output is active []

 [2]

Package natbib Warning: Citation `nettles2010earthquake' on page 3 undefined on
 input line 36.


Package natbib Warning: Citation `nettles2010earthquake' on page 3 undefined on
 input line 36.


Package natbib Warning: Citation `douilly2013crustal' on page 3 undefined on in
put line 36.


Package natbib Warning: Citation `douilly2015three' on page 3 undefined on inpu
t line 36.


LaTeX Warning: Reference `figure1' on page 3 undefined on input line 36.


Package natbib Warning: Citation `calais2010transpressional' on page 3 undefine
d on input line 36.


Package natbib Warning: Citation `calais2016plate' on page 3 undefined on input
 line 36.


LaTeX Warning: Reference `figure1' on page 3 undefined on input line 36.


Package natbib Warning: Citation `douilly2013crustal' on page 3 undefined on in
put line 38.


Package natbib Warning: Citation `douilly2015three' on page 3 undefined on inpu
t line 38.


LaTeX Warning: Reference `figure1' on page 3 undefined on input line 38.


Package natbib Warning: Citation `prentice2010seismic' on page 3 undefined on i
nput line 38.


Package natbib Warning: Citation `koehler2011field' on page 3 undefined on inpu
t line 38.


Package natbib Warning: Citation `rathje2014geotechnical' on page 3 undefined o
n input line 38.


Package natbib Warning: Citation `saint2015seismotectonics' on page 3 undefined
 on input line 38.


LaTeX Warning: Reference `figure2' on page 3 undefined on input line 38.


Underfull \vbox (badness 10000) has occurred while \output is active []

 [3]

LaTeX Warning: Reference `figure2' on page 4 undefined on input line 40.


Package natbib Warning: Citation `douilly2013crustal' on page 4 undefined on in
put line 40.


Package natbib Warning: Citation `douilly2015three' on page 4 undefined on inpu
t line 40.


Overfull \hbox (8.19522pt too wide) in paragraph at lines 40--41
\T1/ntxtlf/m/n/10 north-west-ward away from the EPGFZ dis-tances of 4-29 km int
o the more thickly-sedimented 
 []


Package natbib Warning: Citation `calais2002strain' on page 4 undefined on inpu
t line 42.


Package natbib Warning: Citation `segall1990surface' on page 4 undefined on inp
ut line 42.


Package natbib Warning: Citation `hayes2010complex' on page 4 undefined on inpu
t line 42.


LaTeX Warning: Reference `figure1' on page 4 undefined on input line 42.


Package natbib Warning: Citation `mount1987state' on page 4 undefined on input 
line 42.


Package natbib Warning: Citation `Fielding2013' on page 4 undefined on input li
ne 44.


Package natbib Warning: Citation `frankel2011seismic' on page 4 undefined on in
put line 44.


Underfull \vbox (badness 10000) has occurred while \output is active []

 [4]

Package natbib Warning: Citation `massoni1955haiti' on page 5 undefined on inpu
t line 48.


Package natbib Warning: Citation `mann1995actively' on page 5 undefined on inpu
t line 48.


Package natbib Warning: Citation `terrier2014revision' on page 5 undefined on i
nput line 48.


Package natbib Warning: Citation `saint2015seismotectonics' on page 5 undefined
 on input line 48.

LaTeX Font Info:    Font shape `T1/ntxtlf/m/n' will be
(Font)              scaled to size 7.3pt on input line 48.

Package natbib Warning: Citation `wright2015factors' on page 5 undefined on inp
ut line 48.


Package natbib Warning: Citation `piasecki2016bathymetric' on page 5 undefined 
on input line 48.


Package natbib Warning: Citation `mann1995actively' on page 5 undefined on inpu
t line 48.


LaTeX Warning: Reference `figure1' on page 5 undefined on input line 48.


LaTeX Warning: Reference `figure1' on page 5 undefined on input line 50.


Package natbib Warning: Citation `wright2015factors' on page 5 undefined on inp
ut line 50.


Package natbib Warning: Citation `piasecki2016bathymetric' on page 5 undefined 
on input line 50.


Package natbib Warning: Citation `moknatian2017development' on page 5 undefined
 on input line 50.


Package natbib Warning: Citation `rico2017hydrodynamic' on page 5 undefined on 
input line 50.


LaTeX Warning: Reference `figure1' on page 5 undefined on input line 53.


Package natbib Warning: Citation `calais2010transpressional' on page 5 undefine
d on input line 53.


Package natbib Warning: Citation `douilly2013crustal' on page 5 undefined on in
put line 53.


Package natbib Warning: Citation `douilly2015three' on page 5 undefined on inpu
t line 53.


LaTeX Warning: Reference `figure1' on page 5 undefined on input line 53.


LaTeX Warning: Reference `figure2' on page 5 undefined on input line 53.


Underfull \vbox (badness 10000) has occurred while \output is active []

 [5]

LaTeX Warning: Reference `figure1' on page 6 undefined on input line 56.

LaTeX Font Info:    Font shape `T1/ntxtlf/bx/it' in size <10> not available
(Font)              Font shape `T1/ntxtlf/b/it' tried instead on input line 65.

LaTeX Font Info:    Font shape `T1/ntxtlf/b/it' will be
(Font)              scaled to size 10.0pt on input line 65.

Package natbib Warning: Citation `mann1995actively' on page 6 undefined on inpu
t line 66.


Package natbib Warning: Citation `dolan1998active' on page 6 undefined on input
 line 66.


Package natbib Warning: Citation `mann2002oblique' on page 6 undefined on input
 line 66.


Package natbib Warning: Citation `calais2002strain' on page 6 undefined on inpu
t line 66.


Package natbib Warning: Citation `calais2016plate' on page 6 undefined on input
 line 66.


LaTeX Warning: Reference `figure1' on page 6 undefined on input line 66.


Package natbib Warning: Citation `calais2002strain' on page 6 undefined on inpu
t line 66.


Package natbib Warning: Citation `calais2010transpressional' on page 6 undefine
d on input line 66.


Package natbib Warning: Citation `hayes2010complex' on page 6 undefined on inpu
t line 66.


Package natbib Warning: Citation `symithe2013coseismic' on page 6 undefined on 
input line 66.


Package natbib Warning: Citation `douilly2013crustal' on page 6 undefined on in
put line 66.


Package natbib Warning: Citation `douilly2015three' on page 6 undefined on inpu
t line 66.


LaTeX Warning: Reference `figure1' on page 6 undefined on input line 66.


Package natbib Warning: Citation `bakun2012significant' on page 6 undefined on 
input line 66.


Package natbib Warning: Citation `prentice2010seismic' on page 6 undefined on i
nput line 66.


Package natbib Warning: Citation `prentice1993paleoseismicity' on page 6 undefi
ned on input line 66.


Package natbib Warning: Citation `leroy2015segmentation' on page 6 undefined on
 input line 66.


Package natbib Warning: Citation `saint2015seismotectonics' on page 6 undefined
 on input line 66.


Package natbib Warning: Citation `mann2002oblique' on page 6 undefined on input
 line 66.


Package natbib Warning: Citation `grindlay2005high' on page 6 undefined on inpu
t line 66.


Package natbib Warning: Citation `kroehler2011late' on page 6 undefined on inpu
t line 66.


LaTeX Warning: Reference `figure1' on page 6 undefined on input line 66.


Package natbib Warning: Citation `bien1986contribution' on page 6 undefined on 
input line 66.


Package natbib Warning: Citation `bruna2009morphotectonics' on page 6 undefined
 on input line 66.


LaTeX Warning: Reference `figure1' on page 6 undefined on input line 66.


Package natbib Warning: Citation `bien1986contribution' on page 6 undefined on 
input line 66.


LaTeX Warning: Reference `figure1' on page 6 undefined on input line 66.


Package natbib Warning: Citation `mann2002oblique' on page 6 undefined on input
 line 66.


Package natbib Warning: Citation `bruna2009morphotectonics' on page 6 undefined
 on input line 66.


LaTeX Warning: Reference `figure1' on page 6 undefined on input line 66.


Underfull \vbox (badness 10000) has occurred while \output is active []

 [6]

Package natbib Warning: Citation `corbeau2016transpressive' on page 7 undefined
 on input line 69.


Package natbib Warning: Citation `symithe2016present' on page 7 undefined on in
put line 69.


LaTeX Warning: Reference `figure1' on page 7 undefined on input line 69.


Package natbib Warning: Citation `symithe2016present' on page 7 undefined on in
put line 69.


Underfull \vbox (badness 10000) has occurred while \output is active []

 [7]

Package natbib Warning: Citation `pubellier2000plate' on page 8 undefined on in
put line 72.


LaTeX Warning: Reference `figure1' on page 8 undefined on input line 72.


LaTeX Warning: Reference `figure2' on page 8 undefined on input line 72.


LaTeX Warning: Reference `figure2' on page 8 undefined on input line 72.


Package natbib Warning: Citation `pubellier2000plate' on page 8 undefined on in
put line 72.


LaTeX Warning: Reference `figure2' on page 8 undefined on input line 72.


Package natbib Warning: Citation `pubellier2000plate' on page 8 undefined on in
put line 72.


Package natbib Warning: Citation `calais2010transpressional' on page 8 undefine
d on input line 74.


Package natbib Warning: Citation `calais2010transpressional' on page 8 undefine
d on input line 74.


Package natbib Warning: Citation `prentice2010seismic' on page 8 undefined on i
nput line 74.


Package natbib Warning: Citation `symithe2016present' on page 8 undefined on in
put line 74.


Package natbib Warning: Citation `pubellier2000plate' on page 8 undefined on in
put line 74.


LaTeX Warning: Reference `figure1' on page 8 undefined on input line 74.


LaTeX Warning: Reference `figure2' on page 8 undefined on input line 74.


Overfull \hbox (6.58267pt too wide) in paragraph at lines 74--75
[]\T1/ntxtlf/m/n/10 Following the 2010 earth-quake and the recog-ni-tion of the
 north-dipping blind Léogâne 
 []


Overfull \hbox (0.15523pt too wide) in paragraph at lines 74--75
\T1/ntxtlf/m/n/10 fold-and-thrust belt rather than be-ing an \T1/ntxtlf/m/it/10
 en ech-e-lon \T1/ntxtlf/m/n/10 thrust ge-net-i-cally linked to the EGPFZ. 
 []


Package natbib Warning: Citation `mercier20112010' on page 8 undefined on input
 line 77.


Package natbib Warning: Citation `mercier20112010' on page 8 undefined on input
 line 77.


Package natbib Warning: Citation `pubellier2000plate' on page 8 undefined on in
put line 77.


Underfull \vbox (badness 10000) has occurred while \output is active []

 [8]
Overfull \hbox (3.11497pt too wide) in paragraph at lines 80--80
[]\T1/ntxtlf/b/n/10 Significance of \T1/ntxtlf/b/it/10 en ech-e-lon \T1/ntxtlf/
b/n/10 thrust-ing and fold-ing north and south of the EPGFZ  
 []


Package natbib Warning: Citation `sylvester1988strike' on page 9 undefined on i
nput line 81.


LaTeX Warning: Reference `figure2' on page 9 undefined on input line 81.


LaTeX Warning: Reference `figure1' on page 9 undefined on input line 81.


LaTeX Warning: Reference `figure2' on page 9 undefined on input line 81.


LaTeX Warning: Reference `figure2' on page 9 undefined on input line 81.


LaTeX Warning: Reference `figure2' on page 9 undefined on input line 81.


Overfull \hbox (0.49283pt too wide) in paragraph at lines 81--82
[]\T1/ntxtlf/m/n/10 The pres-ence of a strike-slip fault at any scale is in-di-
cated by the pres-ence of \T1/ntxtlf/m/it/10 en ech- 
 []


Package natbib Warning: Citation `hayes2010complex' on page 9 undefined on inpu
t line 83.


Package natbib Warning: Citation `hashimoto2011fan' on page 9 undefined on inpu
t line 83.


Package natbib Warning: Citation `bilham2013remote' on page 9 undefined on inpu
t line 83.


LaTeX Warning: Reference `figure2' on page 9 undefined on input line 83.


Package natbib Warning: Citation `douilly2013crustal' on page 9 undefined on in
put line 83.


Package natbib Warning: Citation `douilly2015three' on page 9 undefined on inpu
t line 83.


Package natbib Warning: Citation `kocel2016near' on page 9 undefined on input l
ine 83.


LaTeX Warning: Reference `figure3' on page 9 undefined on input line 83.


Overfull \hbox (1.4828pt too wide) in paragraph at lines 83--84
\T1/ntxtlf/m/n/10 ure []A). \T1/ntxtlf/b/n/10 ?? \T1/ntxtlf/m/n/10 and \T1/ntxt
lf/b/n/10 ? \T1/ntxtlf/m/n/10 use af-ter-shocks and shal-low geo-physics to sho
w that the 2010 Léogâne 
 []


Underfull \vbox (badness 10000) has occurred while \output is active []

 [9]

LaTeX Warning: Reference `figure2' on page 10 undefined on input line 86.


LaTeX Warning: Reference `figure2' on page 10 undefined on input line 86.


Package natbib Warning: Citation `pubellier2000plate' on page 10 undefined on i
nput line 86.


LaTeX Warning: Reference `figure2' on page 10 undefined on input line 86.


LaTeX Warning: Reference `figure2' on page 10 undefined on input line 86.


Package natbib Warning: Citation `odonne1983analogue' on page 10 undefined on i
nput line 86.


LaTeX Warning: Reference `figure2' on page 10 undefined on input line 86.


Package natbib Warning: Citation `douilly2013crustal' on page 10 undefined on i
nput line 90.


Package natbib Warning: Citation `douilly2015three' on page 10 undefined on inp
ut line 90.


LaTeX Warning: Reference `figure3' on page 10 undefined on input line 90.


Package natbib Warning: Citation `kocel2016near' on page 10 undefined on input 
line 90.


Package natbib Warning: Citation `douilly2013crustal' on page 10 undefined on i
nput line 90.


Package natbib Warning: Citation `douilly2015three' on page 10 undefined on inp
ut line 90.


Package natbib Warning: Citation `hornbach2010high' on page 10 undefined on inp
ut line 90.


LaTeX Warning: Reference `figure2' on page 10 undefined on input line 90.


Underfull \vbox (badness 10000) has occurred while \output is active []

 [10]

LaTeX Warning: Reference `figure2' on page 11 undefined on input line 92.


Package natbib Warning: Citation `hashimoto2011fan' on page 11 undefined on inp
ut line 92.


LaTeX Warning: Reference `figure2' on page 11 undefined on input line 92.


LaTeX Warning: Reference `figure3' on page 11 undefined on input line 92.


Overfull \hbox (8.33026pt too wide) in paragraph at lines 92--93
\T1/ntxtlf/m/n/10 the 2010 earth-quake el-e-vated the smaller folds of the Léog
âne fan-delta north of the EPGFZ, 
 []


Package natbib Warning: Citation `massoni1955haiti' on page 11 undefined on inp
ut line 95.


Package natbib Warning: Citation `cox2011shear' on page 11 undefined on input l
ine 95.


Package natbib Warning: Citation `mchugh2011offshore' on page 11 undefined on i
nput line 95.


Package natbib Warning: Citation `saint2015seismotectonics' on page 11 undefine
d on input line 95.


LaTeX Warning: Reference `figure3' on page 11 undefined on input line 95.


Package natbib Warning: Citation `rathje2014geotechnical' on page 11 undefined 
on input line 95.


Package natbib Warning: Citation `douilly2013crustal' on page 11 undefined on i
nput line 95.


Package natbib Warning: Citation `douilly2015three' on page 11 undefined on inp
ut line 95.


LaTeX Warning: Reference `figure2' on page 11 undefined on input line 95.


LaTeX Warning: Reference `figure3' on page 11 undefined on input line 97.


LaTeX Warning: Reference `figure2' on page 11 undefined on input line 97.


LaTeX Warning: Reference `figure2' on page 11 undefined on input line 97.


Overfull \hbox (0.87038pt too wide) in paragraph at lines 97--98
\T1/ntxtlf/m/n/10 the area to the south of the EPGFZ in the high-lands south of
 the EPGFZ. If a fu-ture earth- 
 []


Underfull \vbox (badness 10000) has occurred while \output is active []

 [11]

LaTeX Warning: Reference `figure4' on page 12 undefined on input line 100.


LaTeX Warning: Reference `figure5' on page 12 undefined on input line 100.


Package natbib Warning: Citation `bourgueil1988synthese' on page 12 undefined o
n input line 100.


Package natbib Warning: Citation `mann1995actively' on page 12 undefined on inp
ut line 100.


Package natbib Warning: Citation `prentice2010seismic' on page 12 undefined on 
input line 100.


Package natbib Warning: Citation `cowgill2012interactive' on page 12 undefined 
on input line 100.


Package natbib Warning: Citation `cowgill2012interactive' on page 12 undefined 
on input line 100.


LaTeX Warning: Reference `figure2' on page 12 undefined on input line 100.


Package natbib Warning: Citation `massoni1955haiti' on page 12 undefined on inp
ut line 102.


Package natbib Warning: Citation `mann1995actively' on page 12 undefined on inp
ut line 102.


Package natbib Warning: Citation `douilly2015three' on page 12 undefined on inp
ut line 102.


LaTeX Warning: Reference `figure3' on page 12 undefined on input line 102.


LaTeX Warning: Reference `figure2' on page 12 undefined on input line 102.


LaTeX Warning: Reference `figure4' on page 12 undefined on input line 102.


LaTeX Warning: Reference `figure5' on page 12 undefined on input line 102.


LaTeX Warning: Reference `figure5' on page 12 undefined on input line 104.


LaTeX Warning: Reference `figure2' on page 12 undefined on input line 104.


LaTeX Warning: Reference `figure5' on page 12 undefined on input line 104.


LaTeX Warning: Reference `figure5' on page 12 undefined on input line 106.


Package natbib Warning: Citation `massoni1955haiti' on page 12 undefined on inp
ut line 106.


Package natbib Warning: Citation `bourgueil1988synthese' on page 12 undefined o
n input line 106.


Package natbib Warning: Citation `cox2011shear' on page 12 undefined on input l
ine 106.


Package natbib Warning: Citation `douilly2015three' on page 12 undefined on inp
ut line 106.


LaTeX Warning: Reference `figure3' on page 12 undefined on input line 106.


LaTeX Warning: Reference `figure5' on page 12 undefined on input line 106.


Package natbib Warning: Citation `saint2015seismotectonics' on page 12 undefine
d on input line 106.


Underfull \vbox (badness 10000) has occurred while \output is active []

 [12]

LaTeX Warning: Reference `figure1' on page 13 undefined on input line 108.


Package natbib Warning: Citation `mchugh2011offshore' on page 13 undefined on i
nput line 108.


Package natbib Warning: Citation `pubellier2000plate' on page 13 undefined on i
nput line 108.


LaTeX Warning: Reference `figure2' on page 13 undefined on input line 108.


Package natbib Warning: Citation `pubellier2000plate' on page 13 undefined on i
nput line 108.


Package natbib Warning: Citation `calais2010transpressional' on page 13 undefin
ed on input line 108.


LaTeX Warning: Reference `figure2' on page 13 undefined on input line 108.


LaTeX Warning: Reference `figure6' on page 13 undefined on input line 111.


Package natbib Warning: Citation `rios2013holocene' on page 13 undefined on inp
ut line 111.


Package natbib Warning: Citation `taylor1985stratigraphy' on page 13 undefined 
on input line 111.


Package natbib Warning: Citation `rios2013holocene' on page 13 undefined on inp
ut line 111.


Package natbib Warning: Citation `higuera199910' on page 13 undefined on input 
line 111.


Package natbib Warning: Citation `rios2013holocene' on page 13 undefined on inp
ut line 113.


LaTeX Warning: Reference `figure2' on page 13 undefined on input line 113.


LaTeX Warning: Reference `figure6' on page 13 undefined on input line 113.


LaTeX Warning: Reference `figure4' on page 13 undefined on input line 113.


Package natbib Warning: Citation `mann1995actively' on page 13 undefined on inp
ut line 113.


Package natbib Warning: Citation `rios2013holocene' on page 13 undefined on inp
ut line 113.


LaTeX Warning: Reference `figure4' on page 13 undefined on input line 113.


LaTeX Warning: Reference `figure6' on page 13 undefined on input line 113.


Package natbib Warning: Citation `taylor1985stratigraphy' on page 13 undefined 
on input line 115.


Package natbib Warning: Citation `rios2013holocene' on page 13 undefined on inp
ut line 115.


LaTeX Warning: Reference `figure6' on page 13 undefined on input line 115.


Package natbib Warning: Citation `bakun2012significant' on page 13 undefined on
 input line 115.


Package natbib Warning: Citation `rios2013holocene' on page 13 undefined on inp
ut line 115.


Underfull \vbox (badness 10000) has occurred while \output is active []

 [13]

Package natbib Warning: Citation `rios2013holocene' on page 14 undefined on inp
ut line 118.


Package natbib Warning: Citation `mann1995actively' on page 14 undefined on inp
ut line 118.


Package natbib Warning: Citation `mann1999caribbean' on page 14 undefined on in
put line 118.


LaTeX Warning: Reference `figure1' on page 14 undefined on input line 118.


LaTeX Warning: Reference `figure6' on page 14 undefined on input line 118.


Package natbib Warning: Citation `saint2015seismotectonics' on page 14 undefine
d on input line 118.


Package natbib Warning: Citation `symithe2016present' on page 14 undefined on i
nput line 118.


LaTeX Warning: Reference `figure1' on page 14 undefined on input line 118.


LaTeX Warning: Reference `figure6' on page 14 undefined on input line 118.


Package natbib Warning: Citation `rios2013holocene' on page 14 undefined on inp
ut line 120.


LaTeX Warning: Reference `figure6' on page 14 undefined on input line 120.


LaTeX Warning: Reference `figure6' on page 14 undefined on input line 120.


LaTeX Warning: Reference `figure5' on page 14 undefined on input line 120.


Package natbib Warning: Citation `mann1995actively' on page 14 undefined on inp
ut line 120.


Overfull \hbox (2.15776pt too wide) in paragraph at lines 120--121
\T1/ntxtlf/m/n/10 This sur-vey re-vealed a fault pen-e-trat-ing the youngest se
d-i-ment layer of Holocene age which 
 []


Underfull \vbox (badness 10000) has occurred while \output is active []

 [14]

LaTeX Warning: Reference `figure7' on page 15 undefined on input line 124.


Package natbib Warning: Citation `mercier20112010' on page 15 undefined on inpu
t line 124.


LaTeX Warning: Reference `figure7' on page 15 undefined on input line 124.


LaTeX Warning: Reference `figure7' on page 15 undefined on input line 126.


Package natbib Warning: Citation `hashimoto2011fan' on page 15 undefined on inp
ut line 126.


Package natbib Warning: Citation `prentice2010seismic' on page 15 undefined on 
input line 126.


LaTeX Warning: Reference `figure7' on page 15 undefined on input line 126.


Package natbib Warning: Citation `symithe2016present' on page 15 undefined on i
nput line 126.


LaTeX Warning: Reference `figure3' on page 15 undefined on input line 126.


LaTeX Warning: Reference `figure2' on page 15 undefined on input line 126.


LaTeX Warning: Reference `figure7' on page 15 undefined on input line 129.


Package natbib Warning: Citation `mann1995actively' on page 15 undefined on inp
ut line 129.


Package natbib Warning: Citation `cowgill2012interactive' on page 15 undefined 
on input line 129.


LaTeX Warning: Reference `figure7' on page 15 undefined on input line 129.


Package natbib Warning: Citation `higuera199910' on page 15 undefined on input 
line 129.


LaTeX Warning: Reference `figure8' on page 15 undefined on input line 129.


LaTeX Warning: Reference `figure8' on page 15 undefined on input line 129.


Package natbib Warning: Citation `higuera199910' on page 15 undefined on input 
line 129.


Package natbib Warning: Citation `higuera199910' on page 15 undefined on input 
line 129.


LaTeX Warning: Reference `figure9' on page 15 undefined on input line 129.


LaTeX Warning: Reference `figure9' on page 15 undefined on input line 129.


Overfull \hbox (1.11778pt too wide) in paragraph at lines 129--130
\T1/ntxtlf/m/n/10 [\T1/ntxtlf/b/n/10 ??\T1/ntxtlf/m/n/10 ]. Bathymetry from our
 sonar data shows the max-i-mum wa-ter depth of Lake Mi-ragoâne 
 []


Underfull \vbox (badness 10000) has occurred while \output is active []

 [15]

Package natbib Warning: Citation `higuera199910' on page 16 undefined on input 
line 132.


LaTeX Warning: Reference `figure9' on page 16 undefined on input line 132.


LaTeX Warning: Reference `figure9' on page 16 undefined on input line 132.


LaTeX Warning: Reference `figure8' on page 16 undefined on input line 134.


Package natbib Warning: Citation `higuera199910' on page 16 undefined on input 
line 134.


Package natbib Warning: Citation `bakun2012significant' on page 16 undefined on
 input line 134.


Package natbib Warning: Citation `bakun2012significant' on page 16 undefined on
 input line 134.


Package natbib Warning: Citation `bakun2012significant' on page 16 undefined on
 input line 134.


Underfull \vbox (badness 10000) has occurred while \output is active []

 [16]

LaTeX Warning: Reference `figure10' on page 17 undefined on input line 138.


LaTeX Warning: Reference `figure10' on page 17 undefined on input line 138.


LaTeX Warning: Reference `figure2' on page 17 undefined on input line 138.


LaTeX Warning: Reference `figure5' on page 17 undefined on input line 138.


LaTeX Warning: Reference `figure10' on page 17 undefined on input line 138.


Package natbib Warning: Citation `saint2015seismotectonics' on page 17 undefine
d on input line 138.


LaTeX Warning: Reference `figure3' on page 17 undefined on input line 138.


LaTeX Warning: Reference `figure10' on page 17 undefined on input line 138.


LaTeX Warning: Reference `figure10' on page 17 undefined on input line 138.


Package natbib Warning: Citation `mann1991overview' on page 17 undefined on inp
ut line 140.


LaTeX Warning: Reference `figure2' on page 17 undefined on input line 140.


Package natbib Warning: Citation `calais2010transpressional' on page 17 undefin
ed on input line 142.


Package natbib Warning: Citation `sibson2012reverse' on page 17 undefined on in
put line 142.


Package natbib Warning: Citation `chen2002conjugate' on page 17 undefined on in
put line 142.


Package natbib Warning: Citation `lin2017coseismic' on page 17 undefined on inp
ut line 142.


Package natbib Warning: Citation `nettles2010earthquake' on page 17 undefined o
n input line 142.


LaTeX Warning: Reference `figure3' on page 17 undefined on input line 142.


Underfull \vbox (badness 10000) has occurred while \output is active []

 [17]

Package natbib Warning: Citation `marshall1991faulting' on page 18 undefined on
 input line 146.


LaTeX Warning: Reference `figure11' on page 18 undefined on input line 146.


Package natbib Warning: Citation `UNAVCO2009' on page 18 undefined on input lin
e 146.


LaTeX Warning: Reference `figure11' on page 18 undefined on input line 146.


Package natbib Warning: Citation `marshall1991faulting' on page 18 undefined on
 input line 146.


Package natbib Warning: Citation `marshall1991faulting' on page 18 undefined on
 input line 146.


LaTeX Warning: Reference `figure11' on page 18 undefined on input line 146.


LaTeX Warning: Reference `figure3' on page 18 undefined on input line 146.


Package natbib Warning: Citation `olson1990seismicity' on page 18 undefined on 
input line 148.


LaTeX Warning: Reference `figure11' on page 18 undefined on input line 148.


LaTeX Warning: Reference `figure11' on page 18 undefined on input line 148.


Overfull \hbox (4.96281pt too wide) in paragraph at lines 148--149
\T1/ntxtlf/m/n/10 a sec-ondary, blind thrust fault [\T1/ntxtlf/b/n/10 ?\T1/ntxt
lf/m/n/10 ] be-neath the sur-face trace of the Sar-gent fault, and oblique 
 []


LaTeX Warning: Reference `figure2' on page 18 undefined on input line 150.


Package natbib Warning: Citation `symithe2016present' on page 18 undefined on i
nput line 150.


Package natbib Warning: Citation `prentice2010seismic' on page 18 undefined on 
input line 150.


Package natbib Warning: Citation `bakun2012significant' on page 18 undefined on
 input line 150.


Package natbib Warning: Citation `bakun2012significant' on page 18 undefined on
 input line 150.


Package natbib Warning: Citation `bakun2012significant' on page 18 undefined on
 input line 150.


Underfull \vbox (badness 10000) has occurred while \output is active []

 [18]

Package natbib Warning: Citation `prentice2010seismic' on page 19 undefined on 
input line 152.

[19]

Package natbib Warning: Citation `pubellier2000plate' on page 20 undefined on i
nput line 169.


Package natbib Warning: Citation `kocel2016near' on page 20 undefined on input 
line 172.


Overfull \hbox (45.40526pt too wide) in paragraph at lines 171--173
\T1/ntxtlf/m/n/10 chirp sonar data used in this pa-per are avail-able on AGL da
tas-ta-tion (http://www.agl.uh.edu/resources- 
 []


Underfull \vbox (badness 10000) has occurred while \output is active []

 [20]
[21]
Underfull \vbox (badness 10000) has occurred while \output is active []

 [22

]
Underfull \vbox (badness 10000) has occurred while \output is active []

 [23]
Underfull \vbox (badness 10000) has occurred while \output is active []

 [24]
Underfull \vbox (badness 10000) has occurred while \output is active []

 [25]
Underfull \vbox (badness 10000) has occurred while \output is active []

 [26]
[27]
LaTeX Font Info:    Font shape `T1/ntxtlf/bx/n' in size <9> not available
(Font)              Font shape `T1/ntxtlf/b/n' tried instead on input line 594.

LaTeX Font Info:    Font shape `T1/ntxtlf/b/n' will be
(Font)              scaled to size 9.0pt on input line 594.


Package natbib Warning: Citation `calais2010transpressional' on page 28 undefin
ed on input line 594.


Package natbib Warning: Citation `douilly2013crustal' on page 28 undefined on i
nput line 594.


LaTeX Warning: Reference `figure2' on page 28 undefined on input line 594.


LaTeX Warning: Reference `figure7' on page 28 undefined on input line 594.


Package natbib Warning: Citation `calais2010transpressional' on page 28 undefin
ed on input line 594.


Package natbib Warning: Citation `douilly2013crustal' on page 28 undefined on i
nput line 594.


LaTeX Warning: Reference `figure2' on page 28 undefined on input line 594.


LaTeX Warning: Reference `figure7' on page 28 undefined on input line 594.


Underfull \hbox (badness 10000) in paragraph at lines 594--594
[]\T1/ntxtlf/b/n/9 Figure  1. []Tectonic set-ting of the north-east-ern Caribbe
an and Enriquillo-Plantain Gar-den fault zone
 []


Underfull \hbox (badness 10000) in paragraph at lines 594--594
\T1/ntxtlf/b/n/9 (EPGFZ) in south-ern Haiti. A: \T1/ntxtlf/m/n/9 Free-air grav-
ity anomaly map of the Greater An-tilles (Cuba, Ja-maica, His-
 []


Underfull \hbox (badness 10000) in paragraph at lines 594--594
\T1/ntxtlf/m/n/9 pan-iola, Puerto Rico) in the north-east-ern Caribbean (http:/
/topex.ucsd.edu) with grav-ity lows mark-ing zones
 []


Underfull \hbox (badness 10000) in paragraph at lines 594--594
\T1/ntxtlf/m/n/9 of sub-duc-tion or thrust-ing along ma-jor faults (black lines
) of the North America-Caribbean plate bound-ary.
 []


Underfull \hbox (badness 10000) in paragraph at lines 594--594
\T1/ntxtlf/m/n/9 Ar-rows with er-ror el-lipses from \T1/ntxtlf/b/n/9 ? \T1/ntxt
lf/m/n/9 are GPS vec-tors show-ing the di-rec-tion and ve-loc-ity of the large 
North
 []


Underfull \hbox (badness 10000) in paragraph at lines 594--594
\T1/ntxtlf/m/n/9 Amer-i-can plate, the Ba-hamas plat-form, and in-ter-ven-ing m
i-croplates rel-a-tive to a fixed Caribbean plate. Mi-
 []


Underfull \hbox (badness 10000) in paragraph at lines 594--594
\T1/ntxtlf/m/n/9 croplates with vari-able rel-a-tive mo-tions oc-cupy the 200 k
m-wide, trans-pres-sional, plate bound-ary zone and
 []


Underfull \hbox (badness 10000) in paragraph at lines 594--594
\T1/ntxtlf/m/n/9 in-clude: \T1/ntxtlf/b/n/9 NHM \T1/ntxtlf/m/n/9 = North His-pa
n-iola mi-croplate; \T1/ntxtlf/b/n/9 HM \T1/ntxtlf/m/n/9 = His-pan-iola mi-crop
late; \T1/ntxtlf/b/n/9 GM \T1/ntxtlf/m/n/9 = Gonâve mi-croplate;
 []


Underfull \hbox (badness 10000) in paragraph at lines 594--594
\T1/ntxtlf/b/n/9 PRVIM \T1/ntxtlf/m/n/9 = Puerto Rico-Virgin Is-lands mi-cropla
te. Box shows more de-tailed map of the EPGFZ shown in B.
 []


Underfull \hbox (badness 10000) in paragraph at lines 594--594
\T1/ntxtlf/b/n/9 B: \T1/ntxtlf/m/n/9 Re-gional struc-ture map of the south-ern 
penin-sula of Haiti with the ac-tive, left-lateral Enriquillo-Plantain
 []


Underfull \hbox (badness 10000) in paragraph at lines 594--594
\T1/ntxtlf/m/n/9 Gar-den fault zone (EPGFZ) from the Lake En-riquillo in the ea
st to the west-ern tip of the south-ern penin-sula.
 []


Underfull \hbox (badness 10000) in paragraph at lines 594--594
\T1/ntxtlf/m/n/9 The cen-troid mo-ment ten-sor (CMT) mech-a-nism is from \T1/nt
xtlf/b/n/9 ?\T1/ntxtlf/m/n/9 . From east to west, key lakes and ma-rine em-bay-

 []


Underfull \hbox (badness 10000) in paragraph at lines 594--594
\T1/ntxtlf/m/n/9 ments aligned par-al-lel and over-ly-ing the EPGFZ in-clude: \
T1/ntxtlf/b/n/9 LE \T1/ntxtlf/m/n/9 = Lake En-riquillo, Do-mini-can Re-pub-lic;
 \T1/ntxtlf/b/n/9 LA
 []


Underfull \hbox (badness 10000) in paragraph at lines 594--594
\T1/ntxtlf/m/n/9 = Lake Azuey, Haiti; \T1/ntxtlf/b/n/9 PAPB \T1/ntxtlf/m/n/9 = 
Port-au-Prince Bay; \T1/ntxtlf/b/n/9 CS \T1/ntxtlf/m/n/9 = Canal du Sud; \T1/nt
xtlf/b/n/9 TBF \T1/ntxtlf/m/n/9 = Trois Baies fault; and \T1/ntxtlf/b/n/9 LM \T
1/ntxtlf/m/n/9 =
 []


Underfull \hbox (badness 10000) in paragraph at lines 594--594
\T1/ntxtlf/m/n/9 Lake Mi-ragoâne; \T1/ntxtlf/b/n/9 LF \T1/ntxtlf/m/n/9 = Léogân
e fault. Boxes shows more de-tailed maps of the struc-ture of the EPGFZ and
 []


Underfull \hbox (badness 10000) in paragraph at lines 594--594
\T1/ntxtlf/m/n/9 its sec-ondary faults shown in Fig-ure []A and Fig-ure []A. \T
1/ntxtlf/b/n/9 C: \T1/ntxtlf/m/n/9 Com-pos-ite, mul-ti-chan-nel seis-mic re-fle
c-tion
 []


Underfull \hbox (badness 10000) in paragraph at lines 594--594
\T1/ntxtlf/m/n/9 line (ac-quired by Cana-dian Su-pe-rior En-ergy Inc.) lo-cated
 as the red line X-X' in B that shows an un-folded
 []


Underfull \hbox (badness 10000) in paragraph at lines 594--594
\T1/ntxtlf/m/n/9 area of high-angle faults in the Canal du Sud tied to the off-
shore Cul-de-Sac-1 well, the Trois Baies fault, the
 []


Underfull \hbox (badness 10000) in paragraph at lines 594--594
\T1/ntxtlf/m/n/9 EPGFZ, the an-ti-cli-nal struc-ture of the south-ern penin-sul
a, and a large, south-verging ac-cre-tionary prism along
 []


Package natbib Warning: Citation `hayes2010complex' on page 28 undefined on inp
ut line 601.


Package natbib Warning: Citation `calais2010transpressional' on page 28 undefin
ed on input line 601.


LaTeX Warning: Reference `figure3' on page 28 undefined on input line 601.


LaTeX Warning: Reference `figure3' on page 28 undefined on input line 601.


LaTeX Warning: Reference `figure2' on page 28 undefined on input line 601.


Package natbib Warning: Citation `odonne1983analogue' on page 28 undefined on i
nput line 601.


Package natbib Warning: Citation `hayes2010complex' on page 28 undefined on inp
ut line 601.


Package natbib Warning: Citation `calais2010transpressional' on page 28 undefin
ed on input line 601.


LaTeX Warning: Reference `figure3' on page 28 undefined on input line 601.


LaTeX Warning: Reference `figure3' on page 28 undefined on input line 601.


LaTeX Warning: Reference `figure2' on page 28 undefined on input line 601.


Package natbib Warning: Citation `odonne1983analogue' on page 28 undefined on i
nput line 601.


Underfull \hbox (badness 10000) in paragraph at lines 601--601
[]\T1/ntxtlf/b/n/9 Figure  2. []Structure of the EPGFZ in east-ern Haiti. A: \T
1/ntxtlf/m/n/9 Faults and folds along a 15 km-wide cor-ri-dor
 []


Underfull \hbox (badness 10000) in paragraph at lines 601--601
\T1/ntxtlf/m/n/9 par-al-lel to the EPGFZ su-per-im-posed on a mod-i-fied DEM an
d In-SAR sur-face de-for-ma-tion map (cour-tesy of
 []


Underfull \hbox (badness 10000) in paragraph at lines 601--601
\T1/ntxtlf/m/n/9 Eric Field-ing at JPL) [\T1/ntxtlf/b/n/9 ?\T1/ntxtlf/m/n/9 ]. 
Chirp bathymetry of the Lake Azuey is also shown. GPS vec-tors are from \T1/ntx
tlf/b/n/9 ?\T1/ntxtlf/m/n/9 . \T1/ntxtlf/b/n/9 PFZ
 []


Underfull \hbox (badness 10000) in paragraph at lines 601--601
\T1/ntxtlf/m/n/9 = Port-au-Prince fault zone; \T1/ntxtlf/b/n/9 DFZ \T1/ntxtlf/m
/n/9 = Du-may fault zone; \T1/ntxtlf/b/n/9 DT \T1/ntxtlf/m/n/9 = Du-may thrust;
 \T1/ntxtlf/b/n/9 NaC \T1/ntxtlf/m/n/9 = Nan Cadas-tre thrust;
 []


Underfull \hbox (badness 10000) in paragraph at lines 601--601
\T1/ntxtlf/b/n/9 JFZ \T1/ntxtlf/m/n/9 = Jacquet fault zone; \T1/ntxtlf/b/n/9 GF
Z \T1/ntxtlf/m/n/9 = Gan-thier fault zone; \T1/ntxtlf/b/n/9 LF \T1/ntxtlf/m/n/9
 = Léogâne fault. Line A -- A': Cross-section along
 []


Underfull \hbox (badness 10000) in paragraph at lines 601--601
\T1/ntxtlf/m/n/9 the blind Léogâne thrust fault (shown in Fig-ure []); Line B -
- B': Cross-section of north Port-au-Prince ur-
 []


Underfull \hbox (badness 10000) in paragraph at lines 601--601
\T1/ntxtlf/m/n/9 ban area (shown in Fig-ure []). \T1/ntxtlf/b/n/9 B: \T1/ntxtlf
/m/n/9 Shaded DEM of the north-ern de-formed belt in the Cul-de-Sac basin with
 []


Underfull \hbox (badness 10000) in paragraph at lines 601--601
\T1/ntxtlf/m/n/9 North-Eastern il-lu-mi-na-tion from Fig-ure []A show-ing \T1/n
txtlf/m/it/9 en ech-e-lon \T1/ntxtlf/m/n/9 and curvi-lin-ear folds strik-ing we
st-northwest
 []


Underfull \hbox (badness 10000) in paragraph at lines 601--601
\T1/ntxtlf/m/n/9 obliquely with re-spect to the EPGFZ and plung-ing be-neath un
-de-formed sed-i-ments oc-cu-py-ing the cen-ter of the
 []


LaTeX Warning: Reference `figure2' on page 28 undefined on input line 608.


Package natbib Warning: Citation `douilly2013crustal' on page 28 undefined on i
nput line 608.


Package natbib Warning: Citation `douilly2015three' on page 28 undefined on inp
ut line 608.


Package natbib Warning: Citation `massoni1955haiti' on page 28 undefined on inp
ut line 608.


Package natbib Warning: Citation `cox2011shear' on page 28 undefined on input l
ine 608.


Package natbib Warning: Citation `mchugh2011offshore' on page 28 undefined on i
nput line 608.


Package natbib Warning: Citation `saint2015seismotectonics' on page 28 undefine
d on input line 608.


LaTeX Warning: Reference `figure2' on page 28 undefined on input line 608.


Package natbib Warning: Citation `douilly2013crustal' on page 28 undefined on i
nput line 608.


Package natbib Warning: Citation `douilly2015three' on page 28 undefined on inp
ut line 608.


Package natbib Warning: Citation `massoni1955haiti' on page 28 undefined on inp
ut line 608.


Package natbib Warning: Citation `cox2011shear' on page 28 undefined on input l
ine 608.


Package natbib Warning: Citation `mchugh2011offshore' on page 28 undefined on i
nput line 608.


Package natbib Warning: Citation `saint2015seismotectonics' on page 28 undefine
d on input line 608.


Underfull \hbox (badness 10000) in paragraph at lines 608--608
[]\T1/ntxtlf/b/n/9 Figure  3. []Style of late Neo-gene, trans-pres-sional de-fo
r-ma-tion in the north-ern belt along two tran-sects
 []


Underfull \hbox (badness 10000) in paragraph at lines 608--608
\T1/ntxtlf/b/n/9 shown in Fig-ure []. A-A': \T1/ntxtlf/m/n/9 Af-ter-shocks of t
he 2010 earth-quake [\T1/ntxtlf/b/n/9 ??\T1/ntxtlf/m/n/9 ] along the blind Léog
âne thrust fault
 []


Underfull \hbox (badness 10000) in paragraph at lines 608--608
\T1/ntxtlf/m/n/9 re-veals con-ju-gate re-verse faults with the dom-i-nant slip 
oc-cur-ring on the north-dipping fault. The red tri-an-gle
 []


Underfull \hbox (badness 10000) in paragraph at lines 608--608
\T1/ntxtlf/m/n/9 in-di-cates the lo-ca-tion of Léogâne city. Co-seis-mic up-lif
t dur-ing the 2010 earth-quake el-e-vated the north-ern
 []


Underfull \hbox (badness 10000) in paragraph at lines 608--608
\T1/ntxtlf/m/n/9 basi-nal area and de-pressed the moun-tains south of the EPGFZ
. \T1/ntxtlf/b/n/9 B-B': \T1/ntxtlf/m/n/9 Cross sec-tion based on sur-face map-
ping
 []


Underfull \hbox (badness 10000) in paragraph at lines 615--615
[]\T1/ntxtlf/b/n/9 Figure  4. []Geologic set-ting of Lake Azuey, Haiti. A: \T1/
ntxtlf/m/n/9 To the south, the green-colored, brack-ish wa-ters of
 []


Underfull \hbox (badness 10000) in paragraph at lines 615--615
\T1/ntxtlf/m/n/9 Lake Azuey are bound by the EPGFZ which forms a sharp bound-ar
y with 2 km-high, folded lime-stone of Pa-
 []


Underfull \hbox (badness 10000) in paragraph at lines 615--615
\T1/ntxtlf/m/n/9 le-o-gene age that forms the smooth sur-faces on the sky-line.
 A fault strand of the EPGFZ marks the south edge
 []


Underfull \hbox (badness 10000) in paragraph at lines 615--615
\T1/ntxtlf/m/n/9 of Lake Azuey while other par-al-lel strands of the EPGFZ un-d
er-lie the south-ern part of the lake as schemat-
 []


Underfull \hbox (badness 10000) in paragraph at lines 615--615
\T1/ntxtlf/m/n/9 i-cally shown. \T1/ntxtlf/b/n/9 B: \T1/ntxtlf/m/n/9 To the nor
th of the lake folded, Plio-Pleistocene strata form the up-lifted, 0 -- 30 m-hi
gh
 []


Underfull \hbox (badness 10000) in paragraph at lines 615--615
\T1/ntxtlf/m/n/9 isth-mus that sep-a-rates Lake Azuey (15 m ASL) from Lake En-r
iquillo (46 m BSL) lo-cated 1 km to the east.
 []


LaTeX Warning: Reference `figure2' on page 28 undefined on input line 622.


LaTeX Warning: Reference `figure2' on page 28 undefined on input line 622.


Package natbib Warning: Citation `mann1991overview' on page 28 undefined on inp
ut line 622.


LaTeX Warning: Reference `figure2' on page 28 undefined on input line 622.


LaTeX Warning: Reference `figure2' on page 28 undefined on input line 622.


Package natbib Warning: Citation `mann1991overview' on page 28 undefined on inp
ut line 622.


Underfull \hbox (badness 10000) in paragraph at lines 622--622
[]\T1/ntxtlf/b/n/9 Figure  5. []Chirp sonar pro-files show-ing the trace of the
 EPGFZ in the south-ern part of Lake Azuey
 []


Underfull \hbox (badness 10000) in paragraph at lines 622--622
\T1/ntxtlf/b/n/9 and its re-la-tion-ship with a newly de-scribed thrust we have
 named the Ji-mani thrust. \T1/ntxtlf/m/n/9 Cross sec-tions of
 []


Underfull \hbox (badness 10000) in paragraph at lines 622--622
\T1/ntxtlf/m/n/9 A, B, C, and D are in-di-cated in Fig-ure []A. The EPGFZ be-ne
ath Lake Azuey forms a 250--500 m-wide zone
 []


Underfull \hbox (badness 10000) in paragraph at lines 622--622
\T1/ntxtlf/m/n/9 that can be traced as a lin-ea-ment to the east and west of La
ke Azuey (Fig-ure []). The green and red hori-zons
 []


Underfull \hbox (badness 10000) in paragraph at lines 622--622
\T1/ntxtlf/m/n/9 rep-re-sent two dis-tin-guish strati-graphic lay-ers. The two 
strands of the EPGFZ are buried by 0.7 m of Holocene
 []


Underfull \hbox (badness 10000) in paragraph at lines 622--622
\T1/ntxtlf/m/n/9 sed-i-ment and are ex-trap-o-lated to be 270 years old since t
heir last rup-ture when an av-er-age sed-i-men-ta-tion
 []


Underfull \hbox (badness 10000) in paragraph at lines 622--622
\T1/ntxtlf/m/n/9 rate of 2.6 mm/yr based on cores from Lake En-riquillo is as-s
umed. Folds as-so-ciate with the Ji-mani thrust
 []


Underfull \hbox (badness 10000) in paragraph at lines 622--622
\T1/ntxtlf/m/n/9 are in-ter-preted as fault prop-a-ga-tion folds above northeas
t-dipping thrust faults. \T1/ntxtlf/b/n/9 E: \T1/ntxtlf/m/n/9 Cross sec-tion ba
sed on
 []


Underfull \hbox (badness 10000) in paragraph at lines 622--622
\T1/ntxtlf/m/n/9 both sonar sur-vey and the sur-face map-ping [\T1/ntxtlf/b/n/9
 ?\T1/ntxtlf/m/n/9 ] show-ing north- and south-dipping, re-verse faults de-form
-ing
 []


Package natbib Warning: Citation `rios2013holocene' on page 28 undefined on inp
ut line 629.


Package natbib Warning: Citation `greer2006decadal' on page 28 undefined on inp
ut line 629.


Package natbib Warning: Citation `medley2007paleosalinity' on page 28 undefined
 on input line 629.


Package natbib Warning: Citation `rios2013holocene' on page 28 undefined on inp
ut line 629.


Package natbib Warning: Citation `rios2013holocene' on page 28 undefined on inp
ut line 629.


Package natbib Warning: Citation `rios2013holocene' on page 28 undefined on inp
ut line 629.


Package natbib Warning: Citation `greer2006decadal' on page 28 undefined on inp
ut line 629.


Package natbib Warning: Citation `medley2007paleosalinity' on page 28 undefined
 on input line 629.


Package natbib Warning: Citation `rios2013holocene' on page 28 undefined on inp
ut line 629.


Package natbib Warning: Citation `rios2013holocene' on page 28 undefined on inp
ut line 629.


Underfull \hbox (badness 10000) in paragraph at lines 629--629
[]\T1/ntxtlf/b/n/9 Figure  6. []Structure of the EPGFZ in east-ern Haiti and we
stern-most Do-mini-can Re-pub-lic. A: \T1/ntxtlf/m/n/9 Struc-
 []


Underfull \hbox (badness 10000) in paragraph at lines 629--629
\T1/ntxtlf/m/n/9 tural map of Lakes Azuey (sur-face 15 m ASL) and Lake En-riqui
llo (sur-face 46 m BSL) are presently sep-a-
 []


Underfull \hbox (badness 10000) in paragraph at lines 629--629
\T1/ntxtlf/m/n/9 rated by a shal-low sill 30 m ASL in the isth-mus near the tow
n of Ji-mani. \T1/ntxtlf/b/n/9 B: \T1/ntxtlf/m/n/9 Com-par-i-son of two Chirp l
ines
 []


Underfull \hbox (badness 10000) in paragraph at lines 629--629
\T1/ntxtlf/m/n/9 from Lake En-riquillo by \T1/ntxtlf/b/n/9 ? \T1/ntxtlf/m/n/9 (
3 km-long Line L19) and from our study of Lake Azuey (4 km-long Line B6).
 []


Underfull \hbox (badness 10000) in paragraph at lines 629--629
\T1/ntxtlf/m/n/9 Sim-i-lar se-quences present on both lines sug-gest that the t
wo lakes were once con-nected and has been re-cently
 []


Underfull \hbox (badness 10000) in paragraph at lines 629--629
\T1/ntxtlf/m/n/9 sep-a-rated by crustal move-ments re-lated to the EPGFZ near t
he Ji-mani area [\T1/ntxtlf/b/n/9 ???\T1/ntxtlf/m/n/9 ]. Ages of units are know
n
 []


Package natbib Warning: Citation `prentice2010seismic' on page 28 undefined on 
input line 636.


Package natbib Warning: Citation `cowgill2012interactive' on page 28 undefined 
on input line 636.


Package natbib Warning: Citation `douilly2013crustal' on page 28 undefined on i
nput line 636.


Package natbib Warning: Citation `hayes2010complex' on page 28 undefined on inp
ut line 636.

LaTeX Font Info:    Font shape `OT1/ntxtlf/m/n' will be
(Font)              scaled to size 9.0pt on input line 636.

Package natbib Warning: Citation `prentice2010seismic' on page 28 undefined on 
input line 636.


Package natbib Warning: Citation `hornbach2010high' on page 28 undefined on inp
ut line 636.


Package natbib Warning: Citation `prentice2010seismic' on page 28 undefined on 
input line 636.


Package natbib Warning: Citation `cowgill2012interactive' on page 28 undefined 
on input line 636.


Package natbib Warning: Citation `douilly2013crustal' on page 28 undefined on i
nput line 636.


Package natbib Warning: Citation `hayes2010complex' on page 28 undefined on inp
ut line 636.


Package natbib Warning: Citation `prentice2010seismic' on page 28 undefined on 
input line 636.


Package natbib Warning: Citation `hornbach2010high' on page 28 undefined on inp
ut line 636.


Underfull \hbox (badness 10000) in paragraph at lines 636--636
[]\T1/ntxtlf/b/n/9 Figure  7. []Structure and 2010 co-seis-mic sur-face de-for-
ma-tion of the west-ern seg-ments of the EPGFZ.
 []


Underfull \hbox (badness 10000) in paragraph at lines 636--636
\T1/ntxtlf/b/n/9 A: \T1/ntxtlf/m/n/9 Fault map [\T1/ntxtlf/b/n/9 ??\T1/ntxtlf/m
/n/9 ] and map of 2010 af-ter-shocks [\T1/ntxtlf/b/n/9 ?\T1/ntxtlf/m/n/9 ] in M
iragoâne-Léogâne re-gion over-lain with an In-SAR
 []


Underfull \hbox (badness 10000) in paragraph at lines 636--636
\T1/ntxtlf/m/n/9 im-age (cour-tesy of Eric Field-ing at JPL) [\T1/ntxtlf/b/n/9 
?\T1/ntxtlf/m/n/9 ]. \T1/ntxtlf/b/n/9 B: \T1/ntxtlf/m/n/9 Zoom of the area of P
e-tit Goave and Lake Mi-ragoâne show-
 []


Underfull \hbox (badness 10000) in paragraph at lines 636--636
\T1/ntxtlf/m/n/9 ing the struc-ture and bathymetry of the 14 km$[]$, pull-apart
 basin un-der-ly-ing Lake Mi-ragoâne dur-ing this study
 []


Underfull \hbox (badness 10000) in paragraph at lines 636--636
\T1/ntxtlf/m/n/9 and de-tails of the 2010 sur-face frac-tur-ing and co-seis-mic
 sub-si-dence in the Pe-tit Goâve Bay [\T1/ntxtlf/b/n/9 ??\T1/ntxtlf/m/n/9 ]. \
T1/ntxtlf/b/n/9 LM \T1/ntxtlf/m/n/9 = Lake
 []


Package natbib Warning: Citation `higuera199910' on page 28 undefined on input 
line 643.


LaTeX Warning: Reference `figure7' on page 28 undefined on input line 643.


LaTeX Warning: Reference `figure7' on page 28 undefined on input line 643.


Package natbib Warning: Citation `higuera199910' on page 28 undefined on input 
line 643.


LaTeX Warning: Reference `figure7' on page 28 undefined on input line 643.


LaTeX Warning: Reference `figure7' on page 28 undefined on input line 643.


Underfull \hbox (badness 10000) in paragraph at lines 643--643
[]\T1/ntxtlf/b/n/9 Figure  8. []Geologic set-ting and sonar pro-files from Lake
 Mi-ragoâne. A: \T1/ntxtlf/m/n/9 View look-ing south across the
 []


Underfull \hbox (badness 10000) in paragraph at lines 643--643
\T1/ntxtlf/m/n/9 12 km-wide and 42.8 m deep, fresh-wa-ter lake. The 2 km-high, 
ridge along the south-ern edge of the lake is the
 []


Underfull \hbox (badness 10000) in paragraph at lines 643--643
\T1/ntxtlf/m/n/9 cu-mu-la-tive to-po-graphic scarp as-so-ci-ated with the south
-ern-most strand of the EPGFZ. The 7 m-long core was
 []


Underfull \hbox (badness 10000) in paragraph at lines 643--643
\T1/ntxtlf/m/n/9 taken by \T1/ntxtlf/b/n/9 ?\T1/ntxtlf/m/n/9 , but was not col-
lected from the deep-est part of the lake. \T1/ntxtlf/b/n/9 B: \T1/ntxtlf/m/n/9
 North-south trend-ing line M1 (lo-ca-tion
 []


Underfull \hbox (badness 10000) in paragraph at lines 643--643
\T1/ntxtlf/m/n/9 shown on Fig-ure []B). \T1/ntxtlf/b/n/9 C: \T1/ntxtlf/m/n/9 Ea
st-west trend-ing line M5 (lo-ca-tion shown on Fig-ure []B). In the lines shown
 in
 []


Package natbib Warning: Citation `higuera199910' on page 28 undefined on input 
line 650.


LaTeX Warning: Reference `figure8' on page 28 undefined on input line 650.


Package natbib Warning: Citation `higuera199910' on page 28 undefined on input 
line 650.


LaTeX Warning: Reference `figure8' on page 28 undefined on input line 650.


Underfull \hbox (badness 10000) in paragraph at lines 650--650
[]\T1/ntxtlf/b/n/9 Figure  9. []Core data from Lake Mi-ragoâne. A: \T1/ntxtlf/m
/n/9 Tie be-tween chirp sonar and core with ra-dio-car-bon age
 []


Underfull \hbox (badness 10000) in paragraph at lines 650--650
\T1/ntxtlf/m/n/9 con-trol back to 10,230 years BP. [\T1/ntxtlf/b/n/9 ?\T1/ntxtl
f/m/n/9 ] Cyclic-ity is re-lated to changes in lithol-ogy re-lated to al-ter-na
t-ing wet and
 []


Underfull \hbox (badness 10000) in paragraph at lines 650--650
\T1/ntxtlf/m/n/9 dry pe-ri-ods as shown. Yel-low ar-eas are shal-low ma-rine to
 fresh-wa-ter and green ar-eas con-tain wood de-bris and
 []


Underfull \hbox (badness 10000) in paragraph at lines 650--650
\T1/ntxtlf/m/n/9 may mark a pe-riod when the lake was dry. \T1/ntxtlf/b/n/9 B: 
\T1/ntxtlf/m/n/9 Low-pass fil-tered E/P log (red) and the syn-thetic sonar pro-
file
 []


Underfull \hbox (badness 10000) in paragraph at lines 650--650
\T1/ntxtlf/m/n/9 gen-er-ated from the low-pass fil-tered E/P log used as an aco
us-tic impedance. The chirp sonar pro-files are from
 []


Package natbib Warning: Citation `calais2010transpressional' on page 28 undefin
ed on input line 657.


Package natbib Warning: Citation `hayes2010complex' on page 28 undefined on inp
ut line 657.


Package natbib Warning: Citation `sibson2012reverse' on page 28 undefined on in
put line 657.


Package natbib Warning: Citation `calais2010transpressional' on page 28 undefin
ed on input line 657.


Package natbib Warning: Citation `hayes2010complex' on page 28 undefined on inp
ut line 657.


Package natbib Warning: Citation `sibson2012reverse' on page 28 undefined on in
put line 657.


Underfull \hbox (badness 10000) in paragraph at lines 657--657
[]\T1/ntxtlf/b/n/9 Figure  10. []Schematic di-a-gram of the conjugate-thrust-fa
ult model for the 10--15 km-wide belt of
 []


Underfull \hbox (badness 10000) in paragraph at lines 657--657
\T1/ntxtlf/b/n/9 trans-pres-sional de-for-ma-tion along the north-ern edge of t
he EPGFZ. A: \T1/ntxtlf/m/n/9 Three-dimensional block di-a-gram
 []


Underfull \hbox (badness 10000) in paragraph at lines 657--657
\T1/ntxtlf/m/n/9 show-ing the struc-tural, af-ter-shocks, and the late Holocene
 strain par-ti-tion-ing in a 40-km-wide zone along a
 []


Underfull \hbox (badness 10000) in paragraph at lines 657--657
\T1/ntxtlf/m/n/9 120 km-long seg-ment of the EPGFZ. Black ar-rows show the sout
h-west di-rec-tion of the GPS vec-tors rel-a-tive
 []


Underfull \hbox (badness 10000) in paragraph at lines 657--657
\T1/ntxtlf/m/n/9 to the Caribbean plate [\T1/ntxtlf/b/n/9 ?\T1/ntxtlf/m/n/9 ]. 
The 2010 InSAR-derived sur-face de-for-ma-tion map (pro-vided by Eric Field-ing
 at
 []


Underfull \hbox (badness 10000) in paragraph at lines 657--657
\T1/ntxtlf/m/n/9 JPL) [\T1/ntxtlf/b/n/9 ?\T1/ntxtlf/m/n/9 ] shows a large com-p
o-nent of short-en-ing ac-com-mo-dated on a 40 km-wide zone of oblique thrusts 
and
 []


Underfull \hbox (badness 10000) in paragraph at lines 657--657
\T1/ntxtlf/m/n/9 folds north of the EPGFZ. Af-ter-shock pat-tern shown in the c
ross sec-tion show that the north-east-ward dip of
 []


Underfull \hbox (badness 10000) in paragraph at lines 657--657
\T1/ntxtlf/m/n/9 the \T1/ntxtlf/m/it/9 en ech-e-lon\T1/ntxtlf/m/n/9 . Léogâne t
hrust ad-ja-cent to the EPGFZ up-lifted the topographically-lower, basi-nal are
a to the
 []


Underfull \hbox (badness 10000) in paragraph at lines 657--657
\T1/ntxtlf/m/n/9 north of the EPGFZ and de-pressed the moun-tain-ous area to th
e south of the EPGFZ. The al-ter-nat-ing dip of the
 []


Underfull \hbox (badness 10000) in paragraph at lines 657--657
\T1/ntxtlf/m/it/9 en ech-e-lon \T1/ntxtlf/m/n/9 thrusts is re-lated to their or
i-gin as con-ju-gate thrust faults in a highly trans-pres-sional set-ting. \T1/
ntxtlf/b/n/9 PaP
 []


Underfull \hbox (badness 10000) in paragraph at lines 657--657
\T1/ntxtlf/m/n/9 = Port-au-Prince; \T1/ntxtlf/b/n/9 PG \T1/ntxtlf/m/n/9 = Pe-ti
t Goave; \T1/ntxtlf/b/n/9 LA \T1/ntxtlf/m/n/9 = Lake Azuey; \T1/ntxtlf/b/n/9 LM
 \T1/ntxtlf/m/n/9 = Lake Miragoâne-Léogâne; \T1/ntxtlf/b/n/9 JF \T1/ntxtlf/m/n/
9 = Ji-mani thrust
 []


Underfull \hbox (badness 10000) in paragraph at lines 657--657
\T1/ntxtlf/m/n/9 fault; \T1/ntxtlf/b/n/9 DT \T1/ntxtlf/m/n/9 = Du-may thrust; \
T1/ntxtlf/b/n/9 PFZ \T1/ntxtlf/m/n/9 = Port-au-Prince fault zone; \T1/ntxtlf/b/
n/9 LMF \T1/ntxtlf/m/n/9 = Lamartin thrust fault; \T1/ntxtlf/b/n/9 TBF \T1/ntxt
lf/m/n/9 = Trois Baies
 []


Package natbib Warning: Citation `UNAVCO2009' on page 28 undefined on input lin
e 664.


Package natbib Warning: Citation `marshall1991faulting' on page 28 undefined on
 input line 664.


Package natbib Warning: Citation `UNAVCO2009' on page 28 undefined on input lin
e 664.


Package natbib Warning: Citation `marshall1991faulting' on page 28 undefined on
 input line 664.


Underfull \hbox (badness 10000) in paragraph at lines 664--664
[]\T1/ntxtlf/b/n/9 Figure  11. []Structural map of the south-ern San Fran-cisco
 Bay re-gion, the co-seismic el-e-va-tion and the
 []


Underfull \hbox (badness 10000) in paragraph at lines 664--664
\T1/ntxtlf/b/n/9 af-ter-shock cross-section of 1989 $\OML/ntxmi/m/it/9 M[]$ \T1
/ntxtlf/b/n/9 6.9 Loma Pri-eta earth-quake. \T1/ntxtlf/m/n/9 The se-lected GPS 
vec-tors rel-a-tive to a
 []


Underfull \hbox (badness 10000) in paragraph at lines 664--664
\T1/ntxtlf/m/n/9 fixed North Amer-ica plate are from \T1/ntxtlf/b/n/9 ?\T1/ntxt
lf/m/n/9 . The co-seis-mic el-e-va-tion change and af-ter-shock cross-section a
re mod-
 []


Underfull \hbox (badness 10000) in paragraph at lines 664--664
\T1/ntxtlf/m/n/9 i-fied from \T1/ntxtlf/b/n/9 ?\T1/ntxtlf/m/n/9 . \T1/ntxtlf/b/
n/9 SAF\T1/ntxtlf/m/n/9 : San An-dreas Fault; \T1/ntxtlf/b/n/9 SF\T1/ntxtlf/m/n
/9 : Sar-gent Fault. Af-ter-shock pat-tern in the cross-section shows that
 []


Underfull \hbox (badness 10000) in paragraph at lines 664--664
\T1/ntxtlf/m/n/9 the south-west dip of the \T1/ntxtlf/m/it/9 en ech-e-lon \T1/n
txtlf/m/n/9 thrust ad-ja-cent to the San An-dreas fault up-lifted the topograph
ically-lower
 []


Package natbib Warning: There were undefined citations.

Package atveryend Info: Empty hook `BeforeClearDocument' on input line 668.
[28] [29] [30] [31]
Package atveryend Info: Empty hook `AfterLastShipout' on input line 668.
 (./Haiti_agu_revised_2_clean.aux

Package natbib Warning: Citation(s) may have changed.
(natbib)                Rerun to get citations correct.

)
Package atveryend Info: Executing hook `AtVeryEndDocument' on input line 668.
Package atveryend Info: Empty hook `AtEndAfterFileList' on input line 668.


LaTeX Warning: There were undefined references.


LaTeX Warning: Label(s) may have changed. Rerun to get cross-references right.

 ) 
Here is how much of TeX's memory you used:
 10040 strings out of 492982
 142293 string characters out of 6132527
 258861 words of memory out of 5000000
 13430 multiletter control sequences out of 15000+600000
 76137 words of font info for 98 fonts, out of 8000000 for 9000
 1147 hyphenation exceptions out of 8191
 41i,8n,37p,2884b,629s stack positions out of 5000i,500n,10000p,200000b,80000s
{/usr/local/texlive/2017/texmf-dist/fonts/enc/dvips/newtx/ntx-ec-tlf.enc}{/us
r/local/texlive/2017/texmf-dist/fonts/enc/dvips/newtx/ntx-ot1-tlf.enc}{/usr/loc
al/texlive/2017/texmf-dist/fonts/enc/dvips/base/8r.enc}{/usr/local/texlive/2017
/texmf-dist/fonts/enc/dvips/tex-gyre/q-ec.enc}</usr/local/texlive/2017/texmf-di
st/fonts/type1/public/tex-gyre/qhvr.pfb></usr/local/texlive/2017/texmf-dist/fon
ts/type1/public/tex-gyre/qtmb.pfb></usr/local/texlive/2017/texmf-dist/fonts/typ
e1/public/tex-gyre/qtmbi.pfb></usr/local/texlive/2017/texmf-dist/fonts/type1/pu
blic/tex-gyre/qtmr.pfb></usr/local/texlive/2017/texmf-dist/fonts/type1/public/t
ex-gyre/qtmri.pfb></usr/local/texlive/2017/texmf-dist/fonts/type1/public/newtx/
rntxmi7.pfb></usr/local/texlive/2017/texmf-dist/fonts/type1/public/txfonts/rtxm
i.pfb></usr/local/texlive/2017/texmf-dist/fonts/type1/public/txfonts/t1xtt.pfb>
</usr/local/texlive/2017/texmf-dist/fonts/type1/public/newtx/txsys.pfb></usr/lo
cal/texlive/2017/texmf-dist/fonts/type1/urw/times/utmri8a.pfb>
Output written on Haiti_agu_revised_2_clean.pdf (31 pages, 228222 bytes).
PDF statistics:
 151 PDF objects out of 1000 (max. 8388607)
 106 compressed objects within 2 object streams
 0 named destinations out of 1000 (max. 500000)
 1 words of extra memory for PDF output out of 10000 (max. 10000000)

