This is pdfTeX, Version 3.14159265-2.6-1.40.18 (TeX Live 2017) (preloaded format=pdflatex 2018.3.31)  31 MAR 2018 18:59
entering extended mode
 restricted \write18 enabled.
 file:line:error style messages enabled.
 %&-line parsing enabled.
**Haiti_agu_reviewer2_reviewer1_diff.tex
(./Haiti_agu_reviewer2_reviewer1_diff.tex
LaTeX2e <2017-04-15>
Babel <3.18> and hyphenation patterns for 84 language(s) loaded.
(./agujournal.cls
Document Class: agujournal 08/06/2016
(/usr/local/texlive/2017/texmf-dist/tex/latex/newtx/newtxtext.sty
Package: newtxtext 2017/08/18 v1.526

`newtxtext' v1.526, 2017/08/18 Text macros taking advantage of TeX-Gyre Termes 
fonts (msharpe)
(/usr/local/texlive/2017/texmf-dist/tex/latex/fontaxes/fontaxes.sty
Package: fontaxes 2014/03/23 v1.0d Font selection axes
LaTeX Info: Redefining \upshape on input line 29.
LaTeX Info: Redefining \itshape on input line 31.
LaTeX Info: Redefining \slshape on input line 33.
LaTeX Info: Redefining \scshape on input line 37.
)
\ntx@fs=\dimen102

(/usr/local/texlive/2017/texmf-dist/tex/latex/xkeyval/xkeyval.sty
Package: xkeyval 2014/12/03 v2.7a package option processing (HA)

(/usr/local/texlive/2017/texmf-dist/tex/generic/xkeyval/xkeyval.tex
(/usr/local/texlive/2017/texmf-dist/tex/generic/xkeyval/xkvutils.tex
\XKV@toks=\toks14
\XKV@tempa@toks=\toks15

(/usr/local/texlive/2017/texmf-dist/tex/generic/xkeyval/keyval.tex))
\XKV@depth=\count79
File: xkeyval.tex 2014/12/03 v2.7a key=value parser (HA)
))
(/usr/local/texlive/2017/texmf-dist/tex/latex/etoolbox/etoolbox.sty
Package: etoolbox 2018/02/11 v2.5e e-TeX tools for LaTeX (JAW)
\etb@tempcnta=\count80
)
(/usr/local/texlive/2017/texmf-dist/tex/latex/base/fontenc.sty
Package: fontenc 2017/04/05 v2.0i Standard LaTeX package

(/usr/local/texlive/2017/texmf-dist/tex/latex/base/t1enc.def
File: t1enc.def 2017/04/05 v2.0i Standard LaTeX file
LaTeX Font Info:    Redeclaring font encoding T1 on input line 48.
))
(/usr/local/texlive/2017/texmf-dist/tex/latex/base/textcomp.sty
Package: textcomp 2017/04/05 v2.0i Standard LaTeX package
Package textcomp Info: Sub-encoding information:
(textcomp)               5 = only ISO-Adobe without \textcurrency
(textcomp)               4 = 5 + \texteuro
(textcomp)               3 = 4 + \textohm
(textcomp)               2 = 3 + \textestimated + \textcurrency
(textcomp)               1 = TS1 - \textcircled - \t
(textcomp)               0 = TS1 (full)
(textcomp)             Font families with sub-encoding setting implement
(textcomp)             only a restricted character set as indicated.
(textcomp)             Family '?' is the default used for unknown fonts.
(textcomp)             See the documentation for details.
Package textcomp Info: Setting ? sub-encoding to TS1/1 on input line 79.
Package textcomp Info: Changing ? sub-encoding to TS1/0 on input line 80.

(/usr/local/texlive/2017/texmf-dist/tex/latex/base/ts1enc.def
File: ts1enc.def 2001/06/05 v3.0e (jk/car/fm) Standard LaTeX file
)
LaTeX Info: Redefining \oldstylenums on input line 334.
Package textcomp Info: Setting cmr sub-encoding to TS1/0 on input line 349.
Package textcomp Info: Setting cmss sub-encoding to TS1/0 on input line 350.
Package textcomp Info: Setting cmtt sub-encoding to TS1/0 on input line 351.
Package textcomp Info: Setting cmvtt sub-encoding to TS1/0 on input line 352.
Package textcomp Info: Setting cmbr sub-encoding to TS1/0 on input line 353.
Package textcomp Info: Setting cmtl sub-encoding to TS1/0 on input line 354.
Package textcomp Info: Setting ccr sub-encoding to TS1/0 on input line 355.
Package textcomp Info: Setting ptm sub-encoding to TS1/4 on input line 356.
Package textcomp Info: Setting pcr sub-encoding to TS1/4 on input line 357.
Package textcomp Info: Setting phv sub-encoding to TS1/4 on input line 358.
Package textcomp Info: Setting ppl sub-encoding to TS1/3 on input line 359.
Package textcomp Info: Setting pag sub-encoding to TS1/4 on input line 360.
Package textcomp Info: Setting pbk sub-encoding to TS1/4 on input line 361.
Package textcomp Info: Setting pnc sub-encoding to TS1/4 on input line 362.
Package textcomp Info: Setting pzc sub-encoding to TS1/4 on input line 363.
Package textcomp Info: Setting bch sub-encoding to TS1/4 on input line 364.
Package textcomp Info: Setting put sub-encoding to TS1/5 on input line 365.
Package textcomp Info: Setting uag sub-encoding to TS1/5 on input line 366.
Package textcomp Info: Setting ugq sub-encoding to TS1/5 on input line 367.
Package textcomp Info: Setting ul8 sub-encoding to TS1/4 on input line 368.
Package textcomp Info: Setting ul9 sub-encoding to TS1/4 on input line 369.
Package textcomp Info: Setting augie sub-encoding to TS1/5 on input line 370.
Package textcomp Info: Setting dayrom sub-encoding to TS1/3 on input line 371.
Package textcomp Info: Setting dayroms sub-encoding to TS1/3 on input line 372.

Package textcomp Info: Setting pxr sub-encoding to TS1/0 on input line 373.
Package textcomp Info: Setting pxss sub-encoding to TS1/0 on input line 374.
Package textcomp Info: Setting pxtt sub-encoding to TS1/0 on input line 375.
Package textcomp Info: Setting txr sub-encoding to TS1/0 on input line 376.
Package textcomp Info: Setting txss sub-encoding to TS1/0 on input line 377.
Package textcomp Info: Setting txtt sub-encoding to TS1/0 on input line 378.
Package textcomp Info: Setting lmr sub-encoding to TS1/0 on input line 379.
Package textcomp Info: Setting lmdh sub-encoding to TS1/0 on input line 380.
Package textcomp Info: Setting lmss sub-encoding to TS1/0 on input line 381.
Package textcomp Info: Setting lmssq sub-encoding to TS1/0 on input line 382.
Package textcomp Info: Setting lmvtt sub-encoding to TS1/0 on input line 383.
Package textcomp Info: Setting lmtt sub-encoding to TS1/0 on input line 384.
Package textcomp Info: Setting qhv sub-encoding to TS1/0 on input line 385.
Package textcomp Info: Setting qag sub-encoding to TS1/0 on input line 386.
Package textcomp Info: Setting qbk sub-encoding to TS1/0 on input line 387.
Package textcomp Info: Setting qcr sub-encoding to TS1/0 on input line 388.
Package textcomp Info: Setting qcs sub-encoding to TS1/0 on input line 389.
Package textcomp Info: Setting qpl sub-encoding to TS1/0 on input line 390.
Package textcomp Info: Setting qtm sub-encoding to TS1/0 on input line 391.
Package textcomp Info: Setting qzc sub-encoding to TS1/0 on input line 392.
Package textcomp Info: Setting qhvc sub-encoding to TS1/0 on input line 393.
Package textcomp Info: Setting futs sub-encoding to TS1/4 on input line 394.
Package textcomp Info: Setting futx sub-encoding to TS1/4 on input line 395.
Package textcomp Info: Setting futj sub-encoding to TS1/4 on input line 396.
Package textcomp Info: Setting hlh sub-encoding to TS1/3 on input line 397.
Package textcomp Info: Setting hls sub-encoding to TS1/3 on input line 398.
Package textcomp Info: Setting hlst sub-encoding to TS1/3 on input line 399.
Package textcomp Info: Setting hlct sub-encoding to TS1/5 on input line 400.
Package textcomp Info: Setting hlx sub-encoding to TS1/5 on input line 401.
Package textcomp Info: Setting hlce sub-encoding to TS1/5 on input line 402.
Package textcomp Info: Setting hlcn sub-encoding to TS1/5 on input line 403.
Package textcomp Info: Setting hlcw sub-encoding to TS1/5 on input line 404.
Package textcomp Info: Setting hlcf sub-encoding to TS1/5 on input line 405.
Package textcomp Info: Setting pplx sub-encoding to TS1/3 on input line 406.
Package textcomp Info: Setting pplj sub-encoding to TS1/3 on input line 407.
Package textcomp Info: Setting ptmx sub-encoding to TS1/4 on input line 408.
Package textcomp Info: Setting ptmj sub-encoding to TS1/4 on input line 409.
))
(/usr/local/texlive/2017/texmf-dist/tex/latex/newtx/newtxmath.sty
Package: newtxmath 2017/12/14 v1.53

`newtxmath' v1.53, 2017/12/14 Math macros based on txfonts (msharpe)
(/usr/local/texlive/2017/texmf-dist/tex/latex/amsmath/amsmath.sty
Package: amsmath 2017/09/02 v2.17a AMS math features
\@mathmargin=\skip41

For additional information on amsmath, use the `?' option.
(/usr/local/texlive/2017/texmf-dist/tex/latex/amsmath/amstext.sty
Package: amstext 2000/06/29 v2.01 AMS text

(/usr/local/texlive/2017/texmf-dist/tex/latex/amsmath/amsgen.sty
File: amsgen.sty 1999/11/30 v2.0 generic functions
\@emptytoks=\toks16
\ex@=\dimen103
))
(/usr/local/texlive/2017/texmf-dist/tex/latex/amsmath/amsbsy.sty
Package: amsbsy 1999/11/29 v1.2d Bold Symbols
\pmbraise@=\dimen104
)
(/usr/local/texlive/2017/texmf-dist/tex/latex/amsmath/amsopn.sty
Package: amsopn 2016/03/08 v2.02 operator names
)
\inf@bad=\count81
LaTeX Info: Redefining \frac on input line 213.
\uproot@=\count82
\leftroot@=\count83
LaTeX Info: Redefining \overline on input line 375.
\classnum@=\count84
\DOTSCASE@=\count85
LaTeX Info: Redefining \ldots on input line 472.
LaTeX Info: Redefining \dots on input line 475.
LaTeX Info: Redefining \cdots on input line 596.
\Mathstrutbox@=\box26
\strutbox@=\box27
\big@size=\dimen105
LaTeX Font Info:    Redeclaring font encoding OML on input line 712.
LaTeX Font Info:    Redeclaring font encoding OMS on input line 713.
\macc@depth=\count86
\c@MaxMatrixCols=\count87
\dotsspace@=\muskip10
\c@parentequation=\count88
\dspbrk@lvl=\count89
\tag@help=\toks17
\row@=\count90
\column@=\count91
\maxfields@=\count92
\andhelp@=\toks18
\eqnshift@=\dimen106
\alignsep@=\dimen107
\tagshift@=\dimen108
\tagwidth@=\dimen109
\totwidth@=\dimen110
\lineht@=\dimen111
\@envbody=\toks19
\multlinegap=\skip42
\multlinetaggap=\skip43
\mathdisplay@stack=\toks20
LaTeX Info: Redefining \[ on input line 2817.
LaTeX Info: Redefining \] on input line 2818.
)
(/usr/local/texlive/2017/texmf-dist/tex/generic/ifxetex/ifxetex.sty
Package: ifxetex 2010/09/12 v0.6 Provides ifxetex conditional
)
(/usr/local/texlive/2017/texmf-dist/tex/generic/oberdiek/ifluatex.sty
Package: ifluatex 2016/05/16 v1.4 Provides the ifluatex switch (HO)
Package ifluatex Info: LuaTeX not detected.
)
(/usr/local/texlive/2017/texmf-dist/tex/latex/oberdiek/centernot.sty
Package: centernot 2016/05/16 v1.4 Centers the not symbol horizontally (HO)
)
(/usr/local/texlive/2017/texmf-dist/tex/generic/kastrup/binhex.tex)
\tx@Isdigit=\count93
LaTeX Font Info:    Redeclaring symbol font `operators' on input line 156.
LaTeX Font Info:    Overwriting symbol font `operators' in version `normal'
(Font)                  OT1/cmr/m/n --> OT1/ntxtlf/m/n on input line 156.
LaTeX Font Info:    Overwriting symbol font `operators' in version `bold'
(Font)                  OT1/cmr/bx/n --> OT1/ntxtlf/m/n on input line 156.
LaTeX Font Info:    Overwriting symbol font `operators' in version `bold'
(Font)                  OT1/ntxtlf/m/n --> OT1/ntxtlf/b/n on input line 157.
LaTeX Font Info:    Redeclaring math alphabet \mathsf on input line 163.
LaTeX Font Info:    Overwriting math alphabet `\mathsf' in version `normal'
(Font)                  OT1/cmss/m/n --> T1/qhv/m/n on input line 163.
LaTeX Font Info:    Overwriting math alphabet `\mathsf' in version `bold'
(Font)                  OT1/cmss/bx/n --> T1/qhv/m/n on input line 163.
LaTeX Font Info:    Redeclaring math alphabet \mathit on input line 164.
LaTeX Font Info:    Overwriting math alphabet `\mathit' in version `normal'
(Font)                  OT1/cmr/m/it --> OT1/ntxtlf/m/it on input line 164.
LaTeX Font Info:    Overwriting math alphabet `\mathit' in version `bold'
(Font)                  OT1/cmr/bx/it --> OT1/ntxtlf/m/it on input line 164.
LaTeX Font Info:    Redeclaring math alphabet \mathtt on input line 165.
LaTeX Font Info:    Overwriting math alphabet `\mathtt' in version `normal'
(Font)                  OT1/cmtt/m/n --> T1/ntxtt/m/n on input line 165.
LaTeX Font Info:    Overwriting math alphabet `\mathtt' in version `bold'
(Font)                  OT1/cmtt/m/n --> T1/ntxtt/m/n on input line 165.
LaTeX Font Info:    Redeclaring math alphabet \mathbf on input line 167.
LaTeX Font Info:    Overwriting math alphabet `\mathbf' in version `normal'
(Font)                  OT1/cmr/bx/n --> OT1/ntxtlf/b/n on input line 167.
LaTeX Font Info:    Overwriting math alphabet `\mathbf' in version `bold'
(Font)                  OT1/cmr/bx/n --> OT1/ntxtlf/b/n on input line 167.
LaTeX Font Info:    Overwriting math alphabet `\mathit' in version `bold'
(Font)                  OT1/ntxtlf/m/it --> OT1/ntxtlf/b/it on input line 168.
LaTeX Font Info:    Overwriting math alphabet `\mathsf' in version `bold'
(Font)                  T1/qhv/m/n --> T1/qhv/b/n on input line 169.
LaTeX Font Info:    Overwriting math alphabet `\mathtt' in version `bold'
(Font)                  T1/ntxtt/m/n --> T1/ntxtt/b/n on input line 170.
LaTeX Font Info:    Redeclaring symbol font `letters' on input line 221.
LaTeX Font Info:    Overwriting symbol font `letters' in version `normal'
(Font)                  OML/cmm/m/it --> OML/ntxmi/m/it on input line 221.
LaTeX Font Info:    Overwriting symbol font `letters' in version `bold'
(Font)                  OML/cmm/b/it --> OML/ntxmi/m/it on input line 221.
LaTeX Font Info:    Overwriting symbol font `letters' in version `bold'
(Font)                  OML/ntxmi/m/it --> OML/ntxmi/b/it on input line 222.
\symlettersA=\mathgroup4
LaTeX Font Info:    Overwriting symbol font `lettersA' in version `bold'
(Font)                  U/ntxmia/m/it --> U/ntxmia/b/it on input line 238.
LaTeX Font Info:    Redeclaring symbol font `symbols' on input line 259.
LaTeX Font Info:    Encoding `OMS' has changed to `LMS' for symbol font
(Font)              `symbols' in the math version `normal' on input line 259.
LaTeX Font Info:    Overwriting symbol font `symbols' in version `normal'
(Font)                  OMS/cmsy/m/n --> LMS/ntxsy/m/n on input line 259.
LaTeX Font Info:    Encoding `OMS' has changed to `LMS' for symbol font
(Font)              `symbols' in the math version `bold' on input line 259.
LaTeX Font Info:    Overwriting symbol font `symbols' in version `bold'
(Font)                  OMS/cmsy/b/n --> LMS/ntxsy/m/n on input line 259.
LaTeX Font Info:    Overwriting symbol font `symbols' in version `bold'
(Font)                  LMS/ntxsy/m/n --> LMS/ntxsy/b/n on input line 260.
\symAMSm=\mathgroup5
LaTeX Font Info:    Overwriting symbol font `AMSm' in version `bold'
(Font)                  U/ntxsym/m/n --> U/ntxsym/b/n on input line 283.
\symsymbolsC=\mathgroup6
LaTeX Font Info:    Overwriting symbol font `symbolsC' in version `bold'
(Font)                  U/ntxsyc/m/n --> U/ntxsyc/b/n on input line 304.
LaTeX Font Info:    Redeclaring symbol font `largesymbols' on input line 317.
LaTeX Font Info:    Encoding `OMX' has changed to `LMX' for symbol font
(Font)              `largesymbols' in the math version `normal' on input line 3
17.
LaTeX Font Info:    Overwriting symbol font `largesymbols' in version `normal'
(Font)                  OMX/cmex/m/n --> LMX/ntxexx/m/n on input line 317.
LaTeX Font Info:    Encoding `OMX' has changed to `LMX' for symbol font
(Font)              `largesymbols' in the math version `bold' on input line 317
.
LaTeX Font Info:    Overwriting symbol font `largesymbols' in version `bold'
(Font)                  OMX/cmex/m/n --> LMX/ntxexx/m/n on input line 317.
LaTeX Font Info:    Overwriting symbol font `largesymbols' in version `bold'
(Font)                  LMX/ntxexx/m/n --> LMX/ntxexx/b/n on input line 318.
\symlargesymbolsTXA=\mathgroup7
LaTeX Font Info:    Overwriting symbol font `largesymbolsTXA' in version `bold'

(Font)                  U/ntxexa/m/n --> U/ntxexa/b/n on input line 332.
LaTeX Font Info:    Redeclaring math delimiter \lgroup on input line 503.
LaTeX Font Info:    Redeclaring math delimiter \rgroup on input line 504.
LaTeX Font Info:    Redeclaring math delimiter \lmoustache on input line 505.
LaTeX Font Info:    Redeclaring math delimiter \rmoustache on input line 506.
LaTeX Font Info:    Redeclaring math delimiter \lfloor on input line 512.
LaTeX Font Info:    Redeclaring math delimiter \rfloor on input line 513.
LaTeX Font Info:    Redeclaring math delimiter \lceil on input line 514.
LaTeX Font Info:    Redeclaring math delimiter \rceil on input line 515.
LaTeX Font Info:    Redeclaring math delimiter \lbrace on input line 516.
LaTeX Font Info:    Redeclaring math delimiter \rbrace on input line 517.
LaTeX Font Info:    Redeclaring math delimiter \langle on input line 518.
LaTeX Font Info:    Redeclaring math delimiter \rangle on input line 520.
LaTeX Font Info:    Redeclaring math symbol \mid on input line 522.
LaTeX Font Info:    Redeclaring math delimiter \arrowvert on input line 524.
LaTeX Font Info:    Redeclaring math delimiter \vert on input line 525.
LaTeX Font Info:    Redeclaring math symbol \parallel on input line 526.
LaTeX Font Info:    Redeclaring math delimiter \Arrowvert on input line 527.
LaTeX Font Info:    Redeclaring math delimiter \Vert on input line 528.
LaTeX Font Info:    Redeclaring math delimiter \updownarrow on input line 530.
LaTeX Font Info:    Redeclaring math delimiter \Updownarrow on input line 531.
LaTeX Font Info:    Redeclaring math delimiter \lvert on input line 536.
LaTeX Font Info:    Redeclaring math delimiter \rvert on input line 537.
LaTeX Font Info:    Redeclaring math delimiter \lVert on input line 538.
LaTeX Font Info:    Redeclaring math delimiter \rVert on input line 539.
LaTeX Info: Redefining \not on input line 2146.
)
(/usr/local/texlive/2017/texmf-dist/tex/latex/graphics/graphicx.sty
Package: graphicx 2017/06/01 v1.1a Enhanced LaTeX Graphics (DPC,SPQR)

(/usr/local/texlive/2017/texmf-dist/tex/latex/graphics/graphics.sty
Package: graphics 2017/06/25 v1.2c Standard LaTeX Graphics (DPC,SPQR)

(/usr/local/texlive/2017/texmf-dist/tex/latex/graphics/trig.sty
Package: trig 2016/01/03 v1.10 sin cos tan (DPC)
)
(/usr/local/texlive/2017/texmf-dist/tex/latex/graphics-cfg/graphics.cfg
File: graphics.cfg 2016/06/04 v1.11 sample graphics configuration
)
Package graphics Info: Driver file: pdftex.def on input line 99.

(/usr/local/texlive/2017/texmf-dist/tex/latex/graphics-def/pdftex.def
File: pdftex.def 2018/01/08 v1.0l Graphics/color driver for pdftex
))
\Gin@req@height=\dimen112
\Gin@req@width=\dimen113
)
(/usr/local/texlive/2017/texmf-dist/tex/latex/xcolor/xcolor.sty
Package: xcolor 2016/05/11 v2.12 LaTeX color extensions (UK)

(/usr/local/texlive/2017/texmf-dist/tex/latex/graphics-cfg/color.cfg
File: color.cfg 2016/01/02 v1.6 sample color configuration
)
Package xcolor Info: Driver file: pdftex.def on input line 225.
Package xcolor Info: Model `cmy' substituted by `cmy0' on input line 1348.
Package xcolor Info: Model `hsb' substituted by `rgb' on input line 1352.
Package xcolor Info: Model `RGB' extended on input line 1364.
Package xcolor Info: Model `HTML' substituted by `rgb' on input line 1366.
Package xcolor Info: Model `Hsb' substituted by `hsb' on input line 1367.
Package xcolor Info: Model `tHsb' substituted by `hsb' on input line 1368.
Package xcolor Info: Model `HSB' substituted by `hsb' on input line 1369.
Package xcolor Info: Model `Gray' substituted by `gray' on input line 1370.
Package xcolor Info: Model `wave' substituted by `hsb' on input line 1371.
)
(/usr/local/texlive/2017/texmf-dist/tex/latex/lineno/lineno.sty
Package: lineno 2005/11/02 line numbers on paragraphs v4.41
\linenopenalty=\count94
\output=\toks21
\linenoprevgraf=\count95
\linenumbersep=\dimen114
\linenumberwidth=\dimen115
\c@linenumber=\count96
\c@pagewiselinenumber=\count97
\c@LN@truepage=\count98
\c@internallinenumber=\count99
\c@internallinenumbers=\count100
\quotelinenumbersep=\dimen116
\bframerule=\dimen117
\bframesep=\dimen118
\bframebox=\box28
LaTeX Info: Redefining \\ on input line 3056.
)
(/usr/local/texlive/2017/texmf-dist/tex/latex/tools/indentfirst.sty
Package: indentfirst 1995/11/23 v1.03 Indent first paragraph (DPC)
)
(/usr/local/texlive/2017/texmf-dist/tex/latex/ms/ragged2e.sty
Package: ragged2e 2009/05/21 v2.1 ragged2e Package (MS)

(/usr/local/texlive/2017/texmf-dist/tex/latex/ms/everysel.sty
Package: everysel 2011/10/28 v1.2 EverySelectfont Package (MS)
)
\CenteringLeftskip=\skip44
\RaggedLeftLeftskip=\skip45
\RaggedRightLeftskip=\skip46
\CenteringRightskip=\skip47
\RaggedLeftRightskip=\skip48
\RaggedRightRightskip=\skip49
\CenteringParfillskip=\skip50
\RaggedLeftParfillskip=\skip51
\RaggedRightParfillskip=\skip52
\JustifyingParfillskip=\skip53
\CenteringParindent=\skip54
\RaggedLeftParindent=\skip55
\RaggedRightParindent=\skip56
\JustifyingParindent=\skip57
)
(/usr/local/texlive/2017/texmf-dist/tex/latex/graphics/rotating.sty
Package: rotating 2016/08/11 v2.16d rotated objects in LaTeX

(/usr/local/texlive/2017/texmf-dist/tex/latex/base/ifthen.sty
Package: ifthen 2014/09/29 v1.1c Standard LaTeX ifthen package (DPC)
)
\c@r@tfl@t=\count101
\rotFPtop=\skip58
\rotFPbot=\skip59
\rot@float@box=\box29
\rot@mess@toks=\toks22
)
(/usr/local/texlive/2017/texmf-dist/tex/generic/ulem/ulem.sty
\UL@box=\box30
\UL@hyphenbox=\box31
\UL@skip=\skip60
\UL@hook=\toks23
\UL@height=\dimen119
\UL@pe=\count102
\UL@pixel=\dimen120
\ULC@box=\box32
Package: ulem 2012/05/18
\ULdepth=\dimen121
)
\draftskip=\count103
\c@section=\count104
\c@subsection=\count105
\c@subsubsection=\count106
\c@paragraph=\count107
\c@subparagraph=\count108
\c@figure=\count109
\c@table=\count110
\abovecaptionskip=\skip61
\belowcaptionskip=\skip62
\c@appendnum=\count111
\bibindent=\dimen122

(/usr/local/texlive/2017/texmf-dist/tex/latex/natbib/natbib.sty
Package: natbib 2010/09/13 8.31b (PWD, AO)
\bibhang=\skip63
\bibsep=\skip64
LaTeX Info: Redefining \cite on input line 694.
\c@NAT@ctr=\count112
)
\refchangenumber=\count113
\listchangenum=\count114
)
(/usr/local/texlive/2017/texmf-dist/tex/latex/soul/soul.sty
Package: soul 2003/11/17 v2.4 letterspacing/underlining (mf)
\SOUL@word=\toks24
\SOUL@lasttoken=\toks25
\SOUL@cmds=\toks26
\SOUL@buffer=\toks27
\SOUL@token=\toks28
\SOUL@spaceskip=\skip65
\SOUL@ttwidth=\dimen123
\SOUL@uldp=\dimen124
\SOUL@ulht=\dimen125
)
LaTeX Font Info:    Try loading font information for T1+ntxtlf on input line 54
.

(/usr/local/texlive/2017/texmf-dist/tex/latex/newtx/t1ntxtlf.fd
File: t1ntxtlf.fd 2015/01/17 v1.0 font definition file for T1/ntx/tlf
)
LaTeX Font Info:    Font shape `T1/ntxtlf/m/n' will be
(Font)              scaled to size 10.0pt on input line 54.

No file Haiti_agu_reviewer2_reviewer1_diff.aux.
\openout1 = `Haiti_agu_reviewer2_reviewer1_diff.aux'.

LaTeX Font Info:    Checking defaults for OML/ntxmi/m/it on input line 54.
LaTeX Font Info:    Try loading font information for OML+ntxmi on input line 54
.
(/usr/local/texlive/2017/texmf-dist/tex/latex/newtx/omlntxmi.fd
File: omlntxmi.fd 2015/08/25 Fontinst v1.933 font definitions for OML/ntxmi.
)
LaTeX Font Info:    ... okay on input line 54.
LaTeX Font Info:    Checking defaults for T1/cmr/m/n on input line 54.
LaTeX Font Info:    ... okay on input line 54.
LaTeX Font Info:    Checking defaults for OT1/cmr/m/n on input line 54.
LaTeX Font Info:    ... okay on input line 54.
LaTeX Font Info:    Checking defaults for OMS/cmsy/m/n on input line 54.
LaTeX Font Info:    ... okay on input line 54.
LaTeX Font Info:    Checking defaults for OMX/cmex/m/n on input line 54.
LaTeX Font Info:    ... okay on input line 54.
LaTeX Font Info:    Checking defaults for U/ntxexa/m/n on input line 54.
LaTeX Font Info:    Try loading font information for U+ntxexa on input line 54.


(/usr/local/texlive/2017/texmf-dist/tex/latex/newtx/untxexa.fd
File: untxexa.fd 2012/04/16 Fontinst v1.933 font definitions for U/ntxexa.
)
LaTeX Font Info:    ... okay on input line 54.
LaTeX Font Info:    Checking defaults for TS1/cmr/m/n on input line 54.
LaTeX Font Info:    Try loading font information for TS1+cmr on input line 54.

(/usr/local/texlive/2017/texmf-dist/tex/latex/base/ts1cmr.fd
File: ts1cmr.fd 2014/09/29 v2.5h Standard LaTeX font definitions
)
LaTeX Font Info:    ... okay on input line 54.
LaTeX Font Info:    Checking defaults for LMS/ntxsy/m/n on input line 54.
LaTeX Font Info:    Try loading font information for LMS+ntxsy on input line 54
.

(/usr/local/texlive/2017/texmf-dist/tex/latex/newtx/lmsntxsy.fd
File: lmsntxsy.fd 2016/07/02 Fontinst v1.933 font definitions for LMS/ntxsy.
)
LaTeX Font Info:    ... okay on input line 54.
LaTeX Font Info:    Checking defaults for LMX/ntxexx/m/n on input line 54.
LaTeX Font Info:    Try loading font information for LMX+ntxexx on input line 5
4.

(/usr/local/texlive/2017/texmf-dist/tex/latex/newtx/lmxntxexx.fd
File: lmxntxexx.fd 2016/07/03 Fontinst v1.933 font definitions for LMX/ntxexx.
)
LaTeX Font Info:    ... okay on input line 54.
\c@mv@tabular=\count115
\c@mv@boldtabular=\count116

(/usr/local/texlive/2017/texmf-dist/tex/context/base/mkii/supp-pdf.mkii
[Loading MPS to PDF converter (version 2006.09.02).]
\scratchcounter=\count117
\scratchdimen=\dimen126
\scratchbox=\box33
\nofMPsegments=\count118
\nofMParguments=\count119
\everyMPshowfont=\toks29
\MPscratchCnt=\count120
\MPscratchDim=\dimen127
\MPnumerator=\count121
\makeMPintoPDFobject=\count122
\everyMPtoPDFconversion=\toks30
) (/usr/local/texlive/2017/texmf-dist/tex/latex/oberdiek/epstopdf-base.sty
Package: epstopdf-base 2016/05/15 v2.6 Base part for package epstopdf

(/usr/local/texlive/2017/texmf-dist/tex/generic/oberdiek/infwarerr.sty
Package: infwarerr 2016/05/16 v1.4 Providing info/warning/error messages (HO)
)
(/usr/local/texlive/2017/texmf-dist/tex/latex/oberdiek/grfext.sty
Package: grfext 2016/05/16 v1.2 Manage graphics extensions (HO)

(/usr/local/texlive/2017/texmf-dist/tex/generic/oberdiek/kvdefinekeys.sty
Package: kvdefinekeys 2016/05/16 v1.4 Define keys (HO)

(/usr/local/texlive/2017/texmf-dist/tex/generic/oberdiek/ltxcmds.sty
Package: ltxcmds 2016/05/16 v1.23 LaTeX kernel commands for general use (HO)
)))
(/usr/local/texlive/2017/texmf-dist/tex/latex/oberdiek/kvoptions.sty
Package: kvoptions 2016/05/16 v3.12 Key value format for package options (HO)

(/usr/local/texlive/2017/texmf-dist/tex/generic/oberdiek/kvsetkeys.sty
Package: kvsetkeys 2016/05/16 v1.17 Key value parser (HO)

(/usr/local/texlive/2017/texmf-dist/tex/generic/oberdiek/etexcmds.sty
Package: etexcmds 2016/05/16 v1.6 Avoid name clashes with e-TeX commands (HO)
Package etexcmds Info: Could not find \expanded.
(etexcmds)             That can mean that you are not using pdfTeX 1.50 or
(etexcmds)             that some package has redefined \expanded.
(etexcmds)             In the latter case, load this package earlier.
)))
(/usr/local/texlive/2017/texmf-dist/tex/generic/oberdiek/pdftexcmds.sty
Package: pdftexcmds 2018/01/21 v0.26 Utility functions of pdfTeX for LuaTeX (HO
)

(/usr/local/texlive/2017/texmf-dist/tex/generic/oberdiek/ifpdf.sty
Package: ifpdf 2017/03/15 v3.2 Provides the ifpdf switch
)
Package pdftexcmds Info: LuaTeX not detected.
Package pdftexcmds Info: \pdf@primitive is available.
Package pdftexcmds Info: \pdf@ifprimitive is available.
Package pdftexcmds Info: \pdfdraftmode found.
)
Package epstopdf-base Info: Redefining graphics rule for `.eps' on input line 4
38.
Package grfext Info: Graphics extension search list:
(grfext)             [.pdf,.png,.jpg,.mps,.jpeg,.jbig2,.jb2,.PDF,.PNG,.JPG,.JPE
G,.JBIG2,.JB2,.eps]
(grfext)             \AppendGraphicsExtensions on input line 456.

(/usr/local/texlive/2017/texmf-dist/tex/latex/latexconfig/epstopdf-sys.cfg
File: epstopdf-sys.cfg 2010/07/13 v1.3 Configuration of (r)epstopdf for TeX Liv
e
))
ABD: EverySelectfont initializing macros
LaTeX Info: Redefining \selectfont on input line 54.
LaTeX Font Info:    Font shape `T1/ntxtlf/m/n' will be
(Font)              scaled to size 14.4pt on input line 56.
LaTeX Font Info:    Font shape `T1/ntxtlf/bx/n' in size <14.4> not available
(Font)              Font shape `T1/ntxtlf/b/n' tried instead on input line 56.
LaTeX Font Info:    Font shape `T1/ntxtlf/b/n' will be
(Font)              scaled to size 14.4pt on input line 56.
LaTeX Font Info:    Font shape `T1/ntxtlf/m/n' will be
(Font)              scaled to size 5.0pt on input line 56.
LaTeX Font Info:    Try loading font information for T1+qhv on input line 56.

(/usr/local/texlive/2017/texmf-dist/tex/latex/tex-gyre/t1qhv.fd
File: t1qhv.fd 2009/09/25 v1.2 font definition file for T1/qhv
)
LaTeX Font Info:    Font shape `T1/qhv/m/n' will be
(Font)              scaled to size 4.49997pt on input line 56.
LaTeX Font Info:    Font shape `T1/ntxtlf/bx/n' in size <10> not available
(Font)              Font shape `T1/ntxtlf/b/n' tried instead on input line 58.
LaTeX Font Info:    Font shape `T1/ntxtlf/b/n' will be
(Font)              scaled to size 10.0pt on input line 58.
LaTeX Font Info:    Font shape `T1/ntxtlf/m/n' will be
(Font)              scaled to size 8.0pt on input line 59.
LaTeX Font Info:    Try loading font information for OT1+ntxtlf on input line 5
9.

(/usr/local/texlive/2017/texmf-dist/tex/latex/newtx/ot1ntxtlf.fd
File: ot1ntxtlf.fd 2015/01/17 v1.0 font definition file for OT1/ntx/tlf
)
LaTeX Font Info:    Font shape `OT1/ntxtlf/m/n' will be
(Font)              scaled to size 8.0pt on input line 59.
LaTeX Font Info:    Font shape `OT1/ntxtlf/m/n' will be
(Font)              scaled to size 6.2pt on input line 59.
LaTeX Font Info:    Font shape `OT1/ntxtlf/m/n' will be
(Font)              scaled to size 5.5pt on input line 59.
LaTeX Font Info:    Try loading font information for U+ntxmia on input line 59.


(/usr/local/texlive/2017/texmf-dist/tex/latex/newtx/untxmia.fd
File: untxmia.fd 2016/01/31 Fontinst v1.933 font definitions for U/ntxmia.
)
LaTeX Font Info:    Try loading font information for U+ntxsym on input line 59.


(/usr/local/texlive/2017/texmf-dist/tex/latex/newtx/untxsym.fd
File: untxsym.fd 2015/03/20 Fontinst v1.933 font definitions for U/ntxsym.
)
LaTeX Font Info:    Try loading font information for U+ntxsyc on input line 59.


(/usr/local/texlive/2017/texmf-dist/tex/latex/newtx/untxsyc.fd
File: untxsyc.fd 2012/04/12 Fontinst v1.933 font definitions for U/ntxsyc.
)
LaTeX Font Info:    Try loading font information for T1+ntxsups on input line 6
1.

(/usr/local/texlive/2017/texmf-dist/tex/latex/newtx/t1ntxsups.fd
File: t1ntxsups.fd 2015/01/17 v1.0
)
LaTeX Font Info:    Font shape `T1/ntxsups/m/n' will be
(Font)              scaled to size 8.0pt on input line 61.
LaTeX Font Info:    Font shape `T1/ntxtlf/m/n' will be
(Font)              scaled to size 9.0pt on input line 61.
LaTeX Font Info:    Try loading font information for T1+ntxtt on input line 61.


(/usr/local/texlive/2017/texmf-dist/tex/latex/newtx/t1ntxtt.fd
File: t1ntxtt.fd 2012/04/20 v3.1
)
LaTeX Font Info:    Font shape `T1/ntxtt/m/n' will be
(Font)              scaled to size 9.0pt on input line 61.
LaTeX Font Info:    Font shape `OT1/ntxtlf/m/n' will be
(Font)              scaled to size 10.0pt on input line 63.
LaTeX Font Info:    Font shape `OT1/ntxtlf/m/n' will be
(Font)              scaled to size 7.3pt on input line 63.

Overfull \hbox (5.52515pt too wide) in paragraph at lines 66--67
[]\T1/ntxtlf/m/n/10 Estimates of rel-a-tive ages of de-for-ma-tion of ma-jor st
rike-slip fault-ing and $\OML/ntxmi/m/it/10 en []echelon$ 
 []

LaTeX Font Info:    Font shape `T1/ntxtlf/m/it' will be
(Font)              scaled to size 9.0pt on input line 70.
[1{/usr/local/texlive/2017/texmf-var/fonts/map/pdftex/updmap/pdftex.map}]
LaTeX Font Info:    Font shape `T1/ntxtlf/m/n' will be
(Font)              scaled to size 10.5pt on input line 76.
LaTeX Font Info:    Font shape `T1/ntxtlf/bx/n' in size <10.5> not available
(Font)              Font shape `T1/ntxtlf/b/n' tried instead on input line 76.
LaTeX Font Info:    Font shape `T1/ntxtlf/b/n' will be
(Font)              scaled to size 10.5pt on input line 76.


Package natbib Warning: Citation `prentice2010seismic' on page 2 undefined on i
nput line 78.


Package natbib Warning: Citation `bilham2010lessons' on page 2 undefined on inp
ut line 78.


Package natbib Warning: Citation `paultre2013damage' on page 2 undefined on inp
ut line 78.


Package natbib Warning: Citation `kocel2016near' on page 2 undefined on input l
ine 78.


LaTeX Warning: Reference `figure1' on page 2 undefined on input line 78.


Package natbib Warning: Citation `hayes2010complex' on page 2 undefined on inpu
t line 80.


Package natbib Warning: Citation `hashimoto2011fan' on page 2 undefined on inpu
t line 80.


Package natbib Warning: Citation `cowgill2012interactive' on page 2 undefined o
n input line 80.


Package natbib Warning: Citation `calais2010transpressional' on page 2 undefine
d on input line 80.


Package natbib Warning: Citation `nettles2010earthquake' on page 2 undefined on
 input line 80.


Package natbib Warning: Citation `symithe2013coseismic' on page 2 undefined on 
input line 80.


Package natbib Warning: Citation `douilly2013crustal' on page 2 undefined on in
put line 80.


Package natbib Warning: Citation `douilly2015three' on page 2 undefined on inpu
t line 80.


Package natbib Warning: Citation `prentice2010seismic' on page 2 undefined on i
nput line 80.


Package natbib Warning: Citation `koehler2011field' on page 2 undefined on inpu
t line 80.


Package natbib Warning: Citation `rathje2014geotechnical' on page 2 undefined o
n input line 80.


Package natbib Warning: Citation `saint2015seismotectonics' on page 2 undefined
 on input line 80.


Package natbib Warning: Citation `kocel2016near' on page 2 undefined on input l
ine 80.


Package natbib Warning: Citation `hornbach2010high' on page 2 undefined on inpu
t line 80.


Package natbib Warning: Citation `mercier20112010' on page 2 undefined on input
 line 80.


Package natbib Warning: Citation `mchugh2011offshore' on page 2 undefined on in
put line 80.


Underfull \vbox (badness 10000) has occurred while \output is active []

 [2]

Package natbib Warning: Citation `mann1995actively' on page 3 undefined on inpu
t line 82.


Package natbib Warning: Citation `calais2010transpressional' on page 3 undefine
d on input line 82.


Package natbib Warning: Citation `benford2012gps' on page 3 undefined on input 
line 82.


Package natbib Warning: Citation `corbeau2016transpressive' on page 3 undefined
 on input line 82.


LaTeX Warning: Reference `figure1' on page 3 undefined on input line 82.


Package natbib Warning: Citation `calais2010transpressional' on page 3 undefine
d on input line 82.


Package natbib Warning: Citation `douilly2013crustal' on page 3 undefined on in
put line 82.


Package natbib Warning: Citation `douilly2015three' on page 3 undefined on inpu
t line 82.


Package natbib Warning: Citation `mercier20112010' on page 3 undefined on input
 line 82.


Package natbib Warning: Citation `symithe2013coseismic' on page 3 undefined on 
input line 82.


LaTeX Warning: Reference `figure1' on page 3 undefined on input line 82.


Overfull \hbox (0.64845pt too wide) in paragraph at lines 82--83
\T1/ntxtlf/m/n/10 thrust fault lo-cated 5 km north of the EPGFZ and trend-ing a
t an an-gle of $\OT1/ntxtlf/m/n/10 8[]$ \T1/ntxtlf/m/n/10 to the EPGFZ 
 []


Package natbib Warning: Citation `nettles2010earthquake' on page 3 undefined on
 input line 86.


Package natbib Warning: Citation `nettles2010earthquake' on page 3 undefined on
 input line 86.


Package natbib Warning: Citation `douilly2013crustal' on page 3 undefined on in
put line 86.


Package natbib Warning: Citation `douilly2015three' on page 3 undefined on inpu
t line 86.


LaTeX Warning: Reference `figure1' on page 3 undefined on input line 89.


Package natbib Warning: Citation `calais2010transpressional' on page 3 undefine
d on input line 97.


Package natbib Warning: Citation `calais2016plate' on page 3 undefined on input
 line 97.


LaTeX Warning: Reference `figure1' on page 3 undefined on input line 98.


Package natbib Warning: Citation `douilly2013crustal' on page 3 undefined on in
put line 100.


Package natbib Warning: Citation `douilly2015three' on page 3 undefined on inpu
t line 100.


LaTeX Warning: Reference `figure1' on page 3 undefined on input line 104.


Package natbib Warning: Citation `prentice2010seismic' on page 3 undefined on i
nput line 106.


Package natbib Warning: Citation `koehler2011field' on page 3 undefined on inpu
t line 106.


Package natbib Warning: Citation `rathje2014geotechnical' on page 3 undefined o
n input line 106.


Package natbib Warning: Citation `saint2015seismotectonics' on page 3 undefined
 on input line 106.


LaTeX Warning: Reference `figure2' on page 3 undefined on input line 106.


Overfull \hbox (13.69518pt too wide) in paragraph at lines 100--107
\T1/ntxtlf/m/n/10 pre-vi-ously, un-rec-og-nized, 2010 co-seis-mic ground-breaks
 along the obliquely-trending Lamentin 
 []


Underfull \vbox (badness 10000) has occurred while \output is active []

 [3]

LaTeX Warning: Reference `figure2' on page 4 undefined on input line 110.


LaTeX Warning: Reference `figure3' on page 4 undefined on input line 110.


Package natbib Warning: Citation `douilly2013crustal' on page 4 undefined on in
put line 110.


Package natbib Warning: Citation `douilly2015three' on page 4 undefined on inpu
t line 110.


Package natbib Warning: Citation `calais2002strain' on page 4 undefined on inpu
t line 112.


Package natbib Warning: Citation `segall1990surface' on page 4 undefined on inp
ut line 112.


Package natbib Warning: Citation `hayes2010complex' on page 4 undefined on inpu
t line 112.


LaTeX Warning: Reference `figure1' on page 4 undefined on input line 112.


Package natbib Warning: Citation `Fielding2013' on page 4 undefined on input li
ne 114.


Package natbib Warning: Citation `frankel2011seismic' on page 4 undefined on in
put line 114.


Underfull \vbox (badness 10000) has occurred while \output is active []

 [4]

LaTeX Warning: Reference `figure1' on page 5 undefined on input line 122.


Package natbib Warning: Citation `calais2010transpressional' on page 5 undefine
d on input line 123.


Package natbib Warning: Citation `douilly2013crustal' on page 5 undefined on in
put line 123.


Package natbib Warning: Citation `douilly2015three' on page 5 undefined on inpu
t line 123.


LaTeX Warning: Reference `figure1' on page 5 undefined on input line 123.


LaTeX Warning: Reference `figure2' on page 5 undefined on input line 123.


Package natbib Warning: Citation `massoni1955haiti' on page 5 undefined on inpu
t line 127.


Package natbib Warning: Citation `mann1995actively' on page 5 undefined on inpu
t line 127.


Package natbib Warning: Citation `terrier2014revision' on page 5 undefined on i
nput line 127.


Package natbib Warning: Citation `saint2015seismotectonics' on page 5 undefined
 on input line 127.

LaTeX Font Info:    Font shape `T1/ntxtlf/m/n' will be
(Font)              scaled to size 7.3pt on input line 127.

Package natbib Warning: Citation `wright2015factors' on page 5 undefined on inp
ut line 127.


Package natbib Warning: Citation `piasecki2016bathymetric' on page 5 undefined 
on input line 127.


Package natbib Warning: Citation `mann1995actively' on page 5 undefined on inpu
t line 127.


LaTeX Warning: Reference `figure1' on page 5 undefined on input line 127.


LaTeX Warning: Reference `figure1' on page 5 undefined on input line 129.


Package natbib Warning: Citation `wright2015factors' on page 5 undefined on inp
ut line 129.


Package natbib Warning: Citation `piasecki2016bathymetric' on page 5 undefined 
on input line 129.


Package natbib Warning: Citation `moknatian2017development' on page 5 undefined
 on input line 129.


Package natbib Warning: Citation `rico2017hydrodynamic' on page 5 undefined on 
input line 129.


Underfull \vbox (badness 10000) has occurred while \output is active []

 [5]

LaTeX Warning: Reference `figure1' on page 6 undefined on input line 133.


LaTeX Warning: Reference `figure1' on page 0 undefined on input line 138.


LaTeX Warning: Reference `figure1' on page 0 undefined on input line 138.


LaTeX Warning: Reference `figure1' on page 0 undefined on input line 138.


LaTeX Warning: Reference `figure1' on page 0 undefined on input line 138.


LaTeX Warning: Reference `figure1' on page 0 undefined on input line 138.


LaTeX Warning: Reference `figure1' on page 6 undefined on input line 141.

LaTeX Font Info:    Font shape `T1/ntxtlf/m/it' will be
(Font)              scaled to size 10.0pt on input line 148.
LaTeX Font Info:    Font shape `T1/ntxtlf/bx/it' in size <10> not available
(Font)              Font shape `T1/ntxtlf/b/it' tried instead on input line 148
.
LaTeX Font Info:    Font shape `T1/ntxtlf/b/it' will be
(Font)              scaled to size 10.0pt on input line 148.

Package natbib Warning: Citation `mann1995actively' on page 6 undefined on inpu
t line 151.


Package natbib Warning: Citation `dolan1998active' on page 6 undefined on input
 line 151.


Package natbib Warning: Citation `mann2002oblique' on page 6 undefined on input
 line 151.


Package natbib Warning: Citation `calais2002strain' on page 6 undefined on inpu
t line 151.


Package natbib Warning: Citation `calais2016plate' on page 6 undefined on input
 line 151.


LaTeX Warning: Reference `figure1' on page 6 undefined on input line 152.


LaTeX Warning: Reference `figure1' on page 0 undefined on input line 153.


LaTeX Warning: Reference `figure1' on page 0 undefined on input line 153.


LaTeX Warning: Reference `figure1' on page 0 undefined on input line 153.


LaTeX Warning: Reference `figure1' on page 0 undefined on input line 153.


LaTeX Warning: Reference `figure1' on page 0 undefined on input line 153.


Package natbib Warning: Citation `calais2002strain' on page 6 undefined on inpu
t line 154.


Package natbib Warning: Citation `calais2010transpressional' on page 6 undefine
d on input line 154.


Package natbib Warning: Citation `hayes2010complex' on page 6 undefined on inpu
t line 154.


Package natbib Warning: Citation `symithe2013coseismic' on page 6 undefined on 
input line 154.


Package natbib Warning: Citation `douilly2013crustal' on page 6 undefined on in
put line 154.


Package natbib Warning: Citation `douilly2015three' on page 6 undefined on inpu
t line 154.


Package natbib Warning: Citation `bakun2012significant' on page 6 undefined on 
input line 154.


Package natbib Warning: Citation `prentice2010seismic' on page 6 undefined on i
nput line 154.


Package natbib Warning: Citation `prentice1993paleoseismicity' on page 6 undefi
ned on input line 154.


Package natbib Warning: Citation `saint2015seismotectonics' on page 6 undefined
 on input line 154.


Package natbib Warning: Citation `mann2002oblique' on page 6 undefined on input
 line 154.


Package natbib Warning: Citation `grindlay2005high' on page 6 undefined on inpu
t line 154.


Package natbib Warning: Citation `kroehler2011late' on page 6 undefined on inpu
t line 154.


LaTeX Warning: Reference `figure1' on page 6 undefined on input line 154.


Package natbib Warning: Citation `bien1986contribution' on page 6 undefined on 
input line 154.


Package natbib Warning: Citation `bruna2009morphotectonics' on page 6 undefined
 on input line 154.


LaTeX Warning: Reference `figure1' on page 6 undefined on input line 154.


Package natbib Warning: Citation `bien1986contribution' on page 6 undefined on 
input line 154.


LaTeX Warning: Reference `figure1' on page 6 undefined on input line 154.


Package natbib Warning: Citation `mann2002oblique' on page 6 undefined on input
 line 154.


Package natbib Warning: Citation `bruna2009morphotectonics' on page 6 undefined
 on input line 154.


LaTeX Warning: Reference `figure1' on page 6 undefined on input line 154.


Underfull \vbox (badness 10000) has occurred while \output is active []

 [6]

Package natbib Warning: Citation `corbeau2016transpressive' on page 7 undefined
 on input line 157.


Package natbib Warning: Citation `symithe2016present' on page 7 undefined on in
put line 157.


LaTeX Warning: Reference `figure1' on page 7 undefined on input line 157.


Package natbib Warning: Citation `symithe2016present' on page 7 undefined on in
put line 157.


Package natbib Warning: Citation `pubellier2000plate' on page 7 undefined on in
put line 160.


LaTeX Warning: Reference `figure1' on page 7 undefined on input line 162.


LaTeX Warning: Reference `figure2' on page 7 undefined on input line 162.


LaTeX Warning: Reference `figure2' on page 7 undefined on input line 165.


Package natbib Warning: Citation `pubellier2000plate' on page 7 undefined on in
put line 165.


LaTeX Warning: Reference `figure2' on page 7 undefined on input line 165.


Package natbib Warning: Citation `pubellier2000plate' on page 7 undefined on in
put line 165.


Underfull \vbox (badness 10000) has occurred while \output is active []

 [7]

Package natbib Warning: Citation `calais2010transpressional' on page 8 undefine
d on input line 167.


LaTeX Warning: Reference `figure2' on page 0 undefined on input line 168.


LaTeX Warning: Reference `figure2' on page 0 undefined on input line 168.


LaTeX Warning: Reference `figure2' on page 0 undefined on input line 168.


LaTeX Warning: Reference `figure2' on page 0 undefined on input line 168.


LaTeX Warning: Reference `figure2' on page 0 undefined on input line 168.


Package natbib Warning: Citation `calais2010transpressional' on page 8 undefine
d on input line 169.


Package natbib Warning: Citation `prentice2010seismic' on page 8 undefined on i
nput line 169.


Package natbib Warning: Citation `symithe2016present' on page 8 undefined on in
put line 169.


Package natbib Warning: Citation `pubellier2000plate' on page 8 undefined on in
put line 169.


LaTeX Warning: Reference `figure1' on page 8 undefined on input line 169.


LaTeX Warning: Reference `figure2' on page 8 undefined on input line 169.


Overfull \hbox (6.58267pt too wide) in paragraph at lines 167--170
[]\T1/ntxtlf/m/n/10 Following the 2010 earth-quake and the recog-ni-tion of the
 north-dipping blind Léogâne 
 []


Package natbib Warning: Citation `mercier20112010' on page 8 undefined on input
 line 172.


Package natbib Warning: Citation `mercier20112010' on page 8 undefined on input
 line 174.


Package natbib Warning: Citation `pubellier2000plate' on page 8 undefined on in
put line 174.


Underfull \vbox (badness 10000) has occurred while \output is active []

 [8]
LaTeX Font Info:    Font shape `OT1/ntxtlf/b/n' will be
(Font)              scaled to size 10.0pt on input line 177.
LaTeX Font Info:    Font shape `OT1/ntxtlf/b/n' will be
(Font)              scaled to size 7.3pt on input line 177.
LaTeX Font Info:    Font shape `OT1/ntxtlf/b/n' will be
(Font)              scaled to size 5.5pt on input line 177.


Package natbib Warning: Citation `sylvester1988strike' on page 9 undefined on i
nput line 178.


LaTeX Warning: Reference `figure2' on page 9 undefined on input line 178.


LaTeX Warning: Reference `figure1' on page 9 undefined on input line 178.


LaTeX Warning: Reference `figure2' on page 9 undefined on input line 178.


LaTeX Warning: Reference `figure2' on page 0 undefined on input line 179.


LaTeX Warning: Reference `figure2' on page 0 undefined on input line 179.


LaTeX Warning: Reference `figure2' on page 0 undefined on input line 179.


LaTeX Warning: Reference `figure2' on page 0 undefined on input line 179.


LaTeX Warning: Reference `figure2' on page 0 undefined on input line 179.


LaTeX Warning: Reference `figure2' on page 9 undefined on input line 180.


Overfull \hbox (18.19527pt too wide) in paragraph at lines 178--181
[]\T1/ntxtlf/m/n/10 The pres-ence of a strike-slip fault at any scale is in-di-
cated by the pres-ence of $\OML/ntxmi/m/it/10 en []echelon$ 
 []


Package natbib Warning: Citation `hayes2010complex' on page 9 undefined on inpu
t line 182.


Package natbib Warning: Citation `hashimoto2011fan' on page 9 undefined on inpu
t line 182.


Package natbib Warning: Citation `bilham2013remote' on page 9 undefined on inpu
t line 182.


LaTeX Warning: Reference `figure2' on page 9 undefined on input line 182.


Package natbib Warning: Citation `douilly2013crustal' on page 9 undefined on in
put line 182.


Package natbib Warning: Citation `douilly2015three' on page 9 undefined on inpu
t line 182.


Package natbib Warning: Citation `kocel2016near' on page 9 undefined on input l
ine 182.


LaTeX Warning: Reference `figure2' on page 9 undefined on input line 185.


Package natbib Warning: Citation `pubellier2000plate' on page 9 undefined on in
put line 185.


LaTeX Warning: Reference `figure2' on page 9 undefined on input line 185.


LaTeX Warning: Reference `figure2' on page 0 undefined on input line 186.


LaTeX Warning: Reference `figure2' on page 0 undefined on input line 186.


LaTeX Warning: Reference `figure2' on page 0 undefined on input line 186.


LaTeX Warning: Reference `figure2' on page 0 undefined on input line 186.


LaTeX Warning: Reference `figure2' on page 0 undefined on input line 186.


Package natbib Warning: Citation `odonne1983analogue' on page 9 undefined on in
put line 187.


LaTeX Warning: Reference `figure2' on page 9 undefined on input line 187.


Underfull \vbox (badness 10000) has occurred while \output is active []

 [9]

LaTeX Warning: Reference `figure1' on page 0 undefined on input line 191.


LaTeX Warning: Reference `figure1' on page 0 undefined on input line 191.


LaTeX Warning: Reference `figure1' on page 0 undefined on input line 191.


LaTeX Warning: Reference `figure1' on page 0 undefined on input line 191.


LaTeX Warning: Reference `figure1' on page 0 undefined on input line 191.


Package natbib Warning: Citation `mchugh2011offshore' on page 10 undefined on i
nput line 194.


Package natbib Warning: Citation `pubellier2000plate' on page 10 undefined on i
nput line 194.


LaTeX Warning: Reference `figure2' on page 10 undefined on input line 194.


Package natbib Warning: Citation `pubellier2000plate' on page 10 undefined on i
nput line 194.


Package natbib Warning: Citation `calais2010transpressional' on page 10 undefin
ed on input line 194.


LaTeX Warning: Reference `figure2' on page 10 undefined on input line 194.


Underfull \vbox (badness 10000) has occurred while \output is active []

 [10]

Package natbib Warning: Citation `douilly2013crustal' on page 11 undefined on i
nput line 200.


Package natbib Warning: Citation `douilly2015three' on page 11 undefined on inp
ut line 200.


LaTeX Warning: Reference `figure3' on page 11 undefined on input line 201.


Package natbib Warning: Citation `kocel2016near' on page 11 undefined on input 
line 201.


Package natbib Warning: Citation `douilly2013crustal' on page 11 undefined on i
nput line 203.


Package natbib Warning: Citation `douilly2015three' on page 11 undefined on inp
ut line 203.


Package natbib Warning: Citation `hornbach2010high' on page 11 undefined on inp
ut line 203.


LaTeX Warning: Reference `figure2' on page 11 undefined on input line 204.


LaTeX Warning: Reference `figure2' on page 11 undefined on input line 206.


Package natbib Warning: Citation `hashimoto2011fan' on page 11 undefined on inp
ut line 208.


LaTeX Warning: Reference `figure2' on page 11 undefined on input line 209.


LaTeX Warning: Reference `figure3' on page 11 undefined on input line 210.


Overfull \hbox (8.33026pt too wide) in paragraph at lines 206--211
\T1/ntxtlf/m/n/10 the 2010 earth-quake el-e-vated the smaller folds of the Léog
âne fan-delta north of the EPGFZ, 
 []


Package natbib Warning: Citation `massoni1955haiti' on page 11 undefined on inp
ut line 217.


Package natbib Warning: Citation `cox2011shear' on page 11 undefined on input l
ine 217.


Package natbib Warning: Citation `mchugh2011offshore' on page 11 undefined on i
nput line 217.


Package natbib Warning: Citation `saint2015seismotectonics' on page 11 undefine
d on input line 217.


LaTeX Warning: Reference `figure3' on page 11 undefined on input line 217.


Package natbib Warning: Citation `rathje2014geotechnical' on page 11 undefined 
on input line 217.


Package natbib Warning: Citation `douilly2013crustal' on page 11 undefined on i
nput line 217.


Package natbib Warning: Citation `douilly2015three' on page 11 undefined on inp
ut line 217.


LaTeX Warning: Reference `figure2' on page 11 undefined on input line 217.


LaTeX Warning: Reference `figure3' on page 11 undefined on input line 217.


LaTeX Warning: Reference `figure3' on page 11 undefined on input line 217.


LaTeX Warning: Reference `figure3' on page 11 undefined on input line 217.


Underfull \vbox (badness 10000) has occurred while \output is active []

 [11]

LaTeX Warning: Reference `figure3' on page 12 undefined on input line 222.


Package natbib Warning: Citation `massoni1955haiti' on page 12 undefined on inp
ut line 224.


Package natbib Warning: Citation `bourgueil1988synthese' on page 12 undefined o
n input line 224.


Package natbib Warning: Citation `cox2011shear' on page 12 undefined on input l
ine 224.


Package natbib Warning: Citation `douilly2015three' on page 12 undefined on inp
ut line 224.


LaTeX Warning: Reference `figure3' on page 12 undefined on input line 224.


Package natbib Warning: Citation `saint2015seismotectonics' on page 12 undefine
d on input line 226.


LaTeX Warning: Reference `figure2' on page 12 undefined on input line 228.


LaTeX Warning: Reference `figure3' on page 12 undefined on input line 228.


Overfull \hbox (5.89026pt too wide) in paragraph at lines 228--231
[]\T1/ntxtlf/m/n/10 In our sonar sur-vey of Lake Azuey, we ob-served that the m
ost promi-nent folds present 
 []


LaTeX Warning: Reference `figure4' on page 12 undefined on input line 233.


Package natbib Warning: Citation `rios2013holocene' on page 12 undefined on inp
ut line 246.


Package natbib Warning: Citation `taylor1985stratigraphy' on page 12 undefined 
on input line 251.


Package natbib Warning: Citation `rios2013holocene' on page 12 undefined on inp
ut line 251.


Package natbib Warning: Citation `higuera199910' on page 12 undefined on input 
line 256.


Underfull \vbox (badness 10000) has occurred while \output is active []

 [12]

LaTeX Warning: Reference `figure2' on page 13 undefined on input line 261.


LaTeX Warning: Reference `figure4' on page 13 undefined on input line 261.


LaTeX Warning: Reference `figure5' on page 13 undefined on input line 261.


Package natbib Warning: Citation `mann1995actively' on page 13 undefined on inp
ut line 261.


Package natbib Warning: Citation `rios2013holocene' on page 13 undefined on inp
ut line 261.


LaTeX Warning: Reference `figure5' on page 13 undefined on input line 261.


Package natbib Warning: Citation `rios2013holocene' on page 13 undefined on inp
ut line 263.


LaTeX Warning: Reference `figure4' on page 13 undefined on input line 263.


Package natbib Warning: Citation `taylor1985stratigraphy' on page 13 undefined 
on input line 265.


Package natbib Warning: Citation `rios2013holocene' on page 13 undefined on inp
ut line 265.


LaTeX Warning: Reference `figure4' on page 13 undefined on input line 265.


Package natbib Warning: Citation `bakun2012significant' on page 13 undefined on
 input line 265.


LaTeX Warning: Reference `figure2' on page 0 undefined on input line 274.


LaTeX Warning: Reference `figure2' on page 0 undefined on input line 274.


LaTeX Warning: Reference `figure2' on page 0 undefined on input line 274.


LaTeX Warning: Reference `figure2' on page 0 undefined on input line 274.


LaTeX Warning: Reference `figure2' on page 0 undefined on input line 274.


LaTeX Warning: Reference `figure4' on page 13 undefined on input line 275.


LaTeX Warning: Reference `figure5' on page 13 undefined on input line 275.


Package natbib Warning: Citation `bourgueil1988synthese' on page 13 undefined o
n input line 275.


Package natbib Warning: Citation `mann1995actively' on page 13 undefined on inp
ut line 275.


Package natbib Warning: Citation `prentice2010seismic' on page 13 undefined on 
input line 275.


Package natbib Warning: Citation `cowgill2012interactive' on page 13 undefined 
on input line 275.


Package natbib Warning: Citation `cowgill2012interactive' on page 13 undefined 
on input line 275.


LaTeX Warning: Reference `figure2' on page 13 undefined on input line 277.


Underfull \vbox (badness 10000) has occurred while \output is active []

 [13]

Package natbib Warning: Citation `massoni1955haiti' on page 14 undefined on inp
ut line 279.


Package natbib Warning: Citation `mann1995actively' on page 14 undefined on inp
ut line 279.


Package natbib Warning: Citation `douilly2015three' on page 14 undefined on inp
ut line 279.


LaTeX Warning: Reference `figure3' on page 14 undefined on input line 280.


LaTeX Warning: Reference `figure6' on page 0 undefined on input line 281.


LaTeX Warning: Reference `figure6' on page 0 undefined on input line 281.


LaTeX Warning: Reference `figure6' on page 0 undefined on input line 281.


LaTeX Warning: Reference `figure6' on page 0 undefined on input line 281.


LaTeX Warning: Reference `figure6' on page 0 undefined on input line 281.


LaTeX Warning: Reference `figure2' on page 14 undefined on input line 283.


LaTeX Warning: Reference `figure5' on page 14 undefined on input line 283.


Package natbib Warning: Citation `rios2013holocene' on page 14 undefined on inp
ut line 286.


Package natbib Warning: Citation `mann1995actively' on page 14 undefined on inp
ut line 286.


Package natbib Warning: Citation `mann1999caribbean' on page 14 undefined on in
put line 286.


LaTeX Warning: Reference `figure1' on page 14 undefined on input line 286.


Package natbib Warning: Citation `saint2015seismotectonics' on page 14 undefine
d on input line 286.


Package natbib Warning: Citation `symithe2016present' on page 14 undefined on i
nput line 286.


LaTeX Warning: Reference `figure1' on page 14 undefined on input line 288.


LaTeX Warning: Reference `figure4' on page 14 undefined on input line 288.


Package natbib Warning: Citation `rios2013holocene' on page 14 undefined on inp
ut line 290.


LaTeX Warning: Reference `figure4' on page 14 undefined on input line 290.


Package natbib Warning: Citation `mann1995actively' on page 14 undefined on inp
ut line 290.


LaTeX Warning: Reference `figure4' on page 14 undefined on input line 290.


LaTeX Warning: Reference `figure6' on page 14 undefined on input line 290.


Package natbib Warning: Citation `mann1995actively' on page 14 undefined on inp
ut line 292.


Underfull \vbox (badness 10000) has occurred while \output is active []

 [14]

LaTeX Warning: Reference `figure7' on page 15 undefined on input line 298.


LaTeX Warning: Reference `figure7' on page 15 undefined on input line 298.


LaTeX Warning: Reference `figure7' on page 15 undefined on input line 300.


LaTeX Warning: Reference `figure7' on page 15 undefined on input line 300.


Package natbib Warning: Citation `symithe2016present' on page 15 undefined on i
nput line 300.


LaTeX Warning: Reference `figure3' on page 15 undefined on input line 300.


LaTeX Warning: Reference `figure2' on page 15 undefined on input line 300.


LaTeX Warning: Reference `figure7' on page 0 undefined on input line 304.


LaTeX Warning: Reference `figure7' on page 0 undefined on input line 304.


LaTeX Warning: Reference `figure7' on page 0 undefined on input line 304.


LaTeX Warning: Reference `figure7' on page 0 undefined on input line 304.


LaTeX Warning: Reference `figure7' on page 0 undefined on input line 304.


Package natbib Warning: Citation `cowgill2012interactive' on page 15 undefined 
on input line 305.


LaTeX Warning: Reference `figure7' on page 15 undefined on input line 305.


Package natbib Warning: Citation `higuera199910' on page 15 undefined on input 
line 305.


LaTeX Warning: Reference `figure8' on page 15 undefined on input line 305.


LaTeX Warning: Reference `figure8' on page 15 undefined on input line 307.


Package natbib Warning: Citation `higuera199910' on page 15 undefined on input 
line 311.


LaTeX Warning: Reference `figure9' on page 15 undefined on input line 311.


LaTeX Warning: Reference `figure9' on page 15 undefined on input line 313.


Overfull \hbox (8.83278pt too wide) in paragraph at lines 303--314
\T1/ntxtlf/m/n/10 42.8 m (Fig-ure []B), which makes this ac-tively faulted lake
 the deep-est [\T1/ntxtlf/b/n/10 ?\T1/ntxtlf/m/n/10 ] in the Caribbean 
 []


Underfull \vbox (badness 10000) has occurred while \output is active []

 [15]

LaTeX Warning: Reference `figure9' on page 0 undefined on input line 317.


LaTeX Warning: Reference `figure9' on page 0 undefined on input line 317.


LaTeX Warning: Reference `figure9' on page 0 undefined on input line 317.


LaTeX Warning: Reference `figure9' on page 0 undefined on input line 317.


LaTeX Warning: Reference `figure9' on page 0 undefined on input line 317.


LaTeX Warning: Reference `figure9' on page 16 undefined on input line 318.


LaTeX Warning: Reference `figure9' on page 16 undefined on input line 318.


LaTeX Warning: Reference `figure8' on page 0 undefined on input line 319.


LaTeX Warning: Reference `figure8' on page 0 undefined on input line 319.


LaTeX Warning: Reference `figure8' on page 0 undefined on input line 319.


LaTeX Warning: Reference `figure8' on page 0 undefined on input line 319.


LaTeX Warning: Reference `figure8' on page 0 undefined on input line 319.


Package natbib Warning: Citation `bakun2012significant' on page 16 undefined on
 input line 320.


Package natbib Warning: Citation `bakun2012significant' on page 16 undefined on
 input line 320.


Underfull \vbox (badness 10000) has occurred while \output is active []

 [16]

LaTeX Warning: Reference `figure10' on page 17 undefined on input line 326.


LaTeX Warning: Reference `figure2' on page 17 undefined on input line 326.


LaTeX Warning: Reference `figure3' on page 17 undefined on input line 326.


LaTeX Warning: Reference `figure10' on page 17 undefined on input line 326.


Package natbib Warning: Citation `saint2015seismotectonics' on page 17 undefine
d on input line 326.


LaTeX Warning: Reference `figure3' on page 17 undefined on input line 326.


LaTeX Warning: Reference `figure10' on page 17 undefined on input line 326.


LaTeX Warning: Reference `figure10' on page 17 undefined on input line 326.


LaTeX Warning: Reference `figure2' on page 17 undefined on input line 330.


Package natbib Warning: Citation `calais2010transpressional' on page 17 undefin
ed on input line 332.


Package natbib Warning: Citation `sibson2012reverse' on page 17 undefined on in
put line 332.


Package natbib Warning: Citation `chen2002conjugate' on page 17 undefined on in
put line 332.


Package natbib Warning: Citation `lin2017coseismic' on page 17 undefined on inp
ut line 332.


Package natbib Warning: Citation `nettles2010earthquake' on page 17 undefined o
n input line 332.


LaTeX Warning: Reference `figure3' on page 17 undefined on input line 332.


Underfull \vbox (badness 10000) has occurred while \output is active []

 [17]

Package natbib Warning: Citation `pubellier2000plate' on page 18 undefined on i
nput line 334.


Package natbib Warning: Citation `marshall1991faulting' on page 18 undefined on
 input line 339.


LaTeX Warning: Reference `figure11' on page 18 undefined on input line 339.


Package natbib Warning: Citation `UNAVCO2009' on page 18 undefined on input lin
e 343.


Package natbib Warning: Citation `marshall1991faulting' on page 18 undefined on
 input line 343.


Package natbib Warning: Citation `marshall1991faulting' on page 18 undefined on
 input line 343.


Package natbib Warning: Citation `olson1990seismicity' on page 18 undefined on 
input line 349.


Package natbib Warning: Citation `symithe2016present' on page 18 undefined on i
nput line 351.


Package natbib Warning: Citation `prentice2010seismic' on page 18 undefined on 
input line 351.


Package natbib Warning: Citation `bakun2012significant' on page 18 undefined on
 input line 351.


Package natbib Warning: Citation `bakun2012significant' on page 18 undefined on
 input line 351.


Package natbib Warning: Citation `bakun2012significant' on page 18 undefined on
 input line 357.


Underfull \vbox (badness 10000) has occurred while \output is active []

 [18]

Package natbib Warning: Citation `prentice2010seismic' on page 19 undefined on 
input line 360.


Overfull \hbox (2.25775pt too wide) in paragraph at lines 365--371
\T1/ntxtlf/m/n/10 Léogâne blind, thrust fault lo-cated 5 km north of the main, 
Caribbean-Gonâve plate bound- 
 []


Overfull \hbox (0.71518pt too wide) in paragraph at lines 376--377
\T1/ntxtlf/m/n/10 fault to the south dur-ing the 2010 earth-quake is the east-w
est-striking, sub-vertical EPGFZ.  
 []

[19]

Package natbib Warning: Citation `kocel2016near' on page 20 undefined on input 
line 385.

[20]
No file Haiti_agu_reviewer2_reviewer1_diff.bbl.
Package epstopdf Info: Source file: <Haiti_figure1.eps>
(epstopdf)                    date: 2018-03-27 22:10:33
(epstopdf)                    size: 31786530 bytes
(epstopdf)             Output file: <Haiti_figure1-eps-converted-to.pdf>
(epstopdf)                    date: 2018-03-27 22:22:46
(epstopdf)                    size: 3765206 bytes
(epstopdf)             Command: <repstopdf --outfile=Haiti_figure1-eps-converte
d-to.pdf Haiti_figure1.eps>
(epstopdf)             \includegraphics on input line 397.
Package epstopdf Info: Output file is already uptodate.
<Haiti_figure1-eps-converted-to.pdf, id=79, 1108.14pt x 822.07124pt>
File: Haiti_figure1-eps-converted-to.pdf Graphic file (type pdf)
<use Haiti_figure1-eps-converted-to.pdf>
Package pdftex.def Info: Haiti_figure1-eps-converted-to.pdf  used on input line
 397.
(pdftex.def)             Requested size: 357.73405pt x 265.37622pt.
LaTeX Font Info:    Font shape `T1/ntxtlf/bx/n' in size <9> not available
(Font)              Font shape `T1/ntxtlf/b/n' tried instead on input line 438.

LaTeX Font Info:    Font shape `T1/ntxtlf/b/n' will be
(Font)              scaled to size 9.0pt on input line 438.

Package natbib Warning: Citation `calais2010transpressional' on page 21 undefin
ed on input line 438.

LaTeX Font Info:    Font shape `OT1/ntxtlf/m/n' will be
(Font)              scaled to size 9.0pt on input line 438.

Package natbib Warning: Citation `douilly2013crustal' on page 21 undefined on i
nput line 438.


LaTeX Warning: Reference `figure2' on page 21 undefined on input line 438.


LaTeX Warning: Reference `figure7' on page 21 undefined on input line 438.


Package natbib Warning: Citation `calais2010transpressional' on page 21 undefin
ed on input line 438.


Package natbib Warning: Citation `douilly2013crustal' on page 21 undefined on i
nput line 438.


LaTeX Warning: Reference `figure2' on page 21 undefined on input line 438.


LaTeX Warning: Reference `figure7' on page 21 undefined on input line 438.


Underfull \hbox (badness 10000) in paragraph at lines 438--438
[]\T1/ntxtlf/b/n/9 Figure  1. Tec-tonic set-ting of the north-east-ern Caribbea
n and EPGFZ in south-ern Haiti. A: \T1/ntxtlf/m/n/9 Free-
 []


Underfull \hbox (badness 10000) in paragraph at lines 438--438
\T1/ntxtlf/m/n/9 air grav-ity anomaly map of the Greater An-tilles (Cuba, Ja-ma
ica, His-pan-iola, Puerto Rico) in the north-
 []


Underfull \hbox (badness 10000) in paragraph at lines 438--438
\T1/ntxtlf/m/n/9 east-ern Caribbean (http://topex.ucsd.edu) with grav-ity lows 
mark-ing zones of sub-duc-tion or thrust-ing
 []


Underfull \hbox (badness 10000) in paragraph at lines 438--438
\T1/ntxtlf/m/n/9 along ma-jor faults (black lines) of the North America-Caribbe
an plate bound-ary. Ar-rows with er-ror el-
 []


Underfull \hbox (badness 10000) in paragraph at lines 438--438
\T1/ntxtlf/m/n/9 lipses from \T1/ntxtlf/b/n/9 ? \T1/ntxtlf/m/n/9 are GPS vec-to
rs show-ing the di-rec-tion and ve-loc-ity of the large North Amer-i-can plate,
 the
 []


Underfull \hbox (badness 10000) in paragraph at lines 438--438
\T1/ntxtlf/m/n/9 Ba-hamas []car[]-[]bon[]-[]ate plat-form (\T1/ntxtlf/b/n/9 BP\
T1/ntxtlf/m/n/9 ), and in-ter-ven-ing mi-croplates rel-a-tive to a fixed Caribb
ean plate. Mi-
 []


Underfull \hbox (badness 10000) in paragraph at lines 438--438
\T1/ntxtlf/m/n/9 croplates with vari-able rel-a-tive mo-tions oc-cupy the 200 k
m-wide plate bound-ary zone and in-clude: \T1/ntxtlf/b/n/9 NHM
 []


Underfull \hbox (badness 10000) in paragraph at lines 438--438
\T1/ntxtlf/m/n/9 = North His-pan-iola mi-croplate; \T1/ntxtlf/b/n/9 HM \T1/ntxt
lf/m/n/9 = His-pan-iola mi-croplate; \T1/ntxtlf/b/n/9 GM \T1/ntxtlf/m/n/9 = Gon
âve mi-croplate; \T1/ntxtlf/b/n/9 PRVIM \T1/ntxtlf/m/n/9 = Puerto
 []


Underfull \hbox (badness 10000) in paragraph at lines 438--438
\T1/ntxtlf/m/n/9 Rico-Virgin Is-lands mi-croplate. Box shows more de-tailed map
 of the EPGFZ shown in B. \T1/ntxtlf/b/n/9 B: \T1/ntxtlf/m/n/9 Re-gional
 []


Underfull \hbox (badness 10000) in paragraph at lines 438--438
\T1/ntxtlf/m/n/9 struc-ture map of the south-ern penin-sula of Haiti with the a
c-tive, left-lateral Enriquillo-Plantain Gar-den
 []


Underfull \hbox (badness 10000) in paragraph at lines 438--438
\T1/ntxtlf/m/n/9 fault zone (EPGFZ) from the $[]$ $[]$ in the east to the []wes
t[]-[]ern tip of the south-ern penin-sula. $[]$
 []


Underfull \hbox (badness 10000) in paragraph at lines 438--438
[]$ \T1/ntxtlf/m/n/9 From east to west, key lakes and ma-rine em-
 []


Underfull \hbox (badness 10000) in paragraph at lines 438--438
\T1/ntxtlf/m/n/9 bay-ments aligned par-al-lel and over-ly-ing the EPGFZ in-clud
e: \T1/ntxtlf/b/n/9 LE \T1/ntxtlf/m/n/9 = Lake En-riquillo, Do-mini-can Re-pub-
lic; \T1/ntxtlf/b/n/9 LA
 []


Underfull \hbox (badness 10000) in paragraph at lines 438--438
\T1/ntxtlf/m/n/9 = Lake Azuey, Haiti;  []\T1/ntxtlf/b/n/9 PAPB \T1/ntxtlf/m/n/9
 = Port-au-Prince Bay; \T1/ntxtlf/b/n/9 CS \T1/ntxtlf/m/n/9 = Canal du Sud; and
  []\T1/ntxtlf/b/n/9 LM \T1/ntxtlf/m/n/9 = Lake Mi-ragoâne []|   []   [][]|   [
][] []|   []
 []


Underfull \hbox (badness 10000) in paragraph at lines 438--438
|   []   |   [][]\T1/ntxtlf/m/n/9 . Boxes shows more de-tailed maps of the stru
c-ture of the EPGFZ and its sec-ondary faults shown
 []


Underfull \hbox (badness 10000) in paragraph at lines 438--438
\T1/ntxtlf/m/n/9 in Fig-ure []A and $[]$$[]$. \T1/ntxtlf/b/n/9 C: \T1/ntxtlf/m/
n/9 Com-pos-ite, mul-ti-chan-nel seis-mic re-flec-tion line [](ac[]-[]quired []
[]by [][]Cana[]-[]dian
 []


Underfull \hbox (badness 10000) in paragraph at lines 438--438
[][]\T1/ntxtlf/m/n/9 Su[]-[]pe[]-[]rior [][]En[]-[]ergy [][]Inc.) lo-cated as t
he red line X-X' in B that shows an un-folded area of high-angle faults in
 []


Underfull \hbox (badness 10000) in paragraph at lines 438--438
\T1/ntxtlf/m/n/9 the Canal du Sud tied to the off-shore Cul-de-Sac-1 well, the 
TBFZ, the EPGFZ, the an-ti-cli-nal struc-ture of
 []


Underfull \hbox (badness 10000) in paragraph at lines 438--438
\T1/ntxtlf/m/n/9 the south-ern penin-sula, and a large, south-verging ac-cre-ti
onary prism along the south coast of the south-ern
 []


LaTeX Warning: Float too large for page by 8.82722pt on input line 440.

Package epstopdf Info: Source file: <Haiti_figure2.eps>
(epstopdf)                    date: 2018-03-28 23:03:58
(epstopdf)                    size: 29705478 bytes
(epstopdf)             Output file: <Haiti_figure2-eps-converted-to.pdf>
(epstopdf)                    date: 2018-03-28 23:04:10
(epstopdf)                    size: 2978855 bytes
(epstopdf)             Command: <repstopdf --outfile=Haiti_figure2-eps-converte
d-to.pdf Haiti_figure2.eps>
(epstopdf)             \includegraphics on input line 444.
Package epstopdf Info: Output file is already uptodate.
<Haiti_figure2-eps-converted-to.pdf, id=80, 1360.08125pt x 1146.2825pt>
File: Haiti_figure2-eps-converted-to.pdf Graphic file (type pdf)
<use Haiti_figure2-eps-converted-to.pdf>
Package pdftex.def Info: Haiti_figure2-eps-converted-to.pdf  used on input line
 444.
(pdftex.def)             Requested size: 397.48499pt x 335.00206pt.

Package natbib Warning: Citation `hayes2010complex' on page 21 undefined on inp
ut line 485.


Package natbib Warning: Citation `hashimoto2011fan' on page 21 undefined on inp
ut line 485.


Package natbib Warning: Citation `calais2010transpressional' on page 21 undefin
ed on input line 485.


LaTeX Warning: Reference `figure2' on page 21 undefined on input line 485.


Package natbib Warning: Citation `odonne1983analogue' on page 21 undefined on i
nput line 485.


Package natbib Warning: Citation `hayes2010complex' on page 21 undefined on inp
ut line 485.


Package natbib Warning: Citation `hashimoto2011fan' on page 21 undefined on inp
ut line 485.


Package natbib Warning: Citation `calais2010transpressional' on page 21 undefin
ed on input line 485.


LaTeX Warning: Reference `figure2' on page 21 undefined on input line 485.


Package natbib Warning: Citation `odonne1983analogue' on page 21 undefined on i
nput line 485.


Underfull \hbox (badness 10000) in paragraph at lines 485--485
[]\T1/ntxtlf/b/n/9 Figure  2. Struc-ture of the EPGFZ in east-ern Haiti. A: \T1
/ntxtlf/m/n/9 Ge-o-logic faults and folds along a 15
 []


Underfull \hbox (badness 10000) in paragraph at lines 485--485
\T1/ntxtlf/m/n/9 km-wide cor-ri-dor par-al-lel to the EPGFZ su-per-im-posed on 
a mod-i-fied DEM and In-SAR sur-face de-
 []


Underfull \hbox (badness 10000) in paragraph at lines 485--485
\T1/ntxtlf/m/n/9 for-ma-tion map [\T1/ntxtlf/b/n/9 ??\T1/ntxtlf/m/n/9 ]. Chirp 
bathymetry of the Lake Azuey is also shown. GPS vec-tors are from \T1/ntxtlf/b/
n/9 ?\T1/ntxtlf/m/n/9 .
 []


Underfull \hbox (badness 10000) in paragraph at lines 485--485
[]$$[]$\T1/ntxtlf/m/n/9 ; $[]$ $[]$ \T1/ntxtlf/b/n/9 DT \T1/ntxtlf/m/n/9 = Du-m
ay thrust; \T1/ntxtlf/b/n/9 NaC \T1/ntxtlf/m/n/9 = Nan Cadas-tre
 []


Underfull \hbox (badness 10000) in paragraph at lines 485--485
\T1/ntxtlf/m/n/9 north-ern de-formed belt in the Cul-de-Sac basin with il-lu-mi
-na-tion from the Fig-ure []A show-ing $\OML/ntxmi/m/it/9 en []echelon$
 []


Underfull \hbox (badness 10000) in paragraph at lines 485--485
\T1/ntxtlf/m/n/9 and curvi-lin-ear folds $[]$ $[]$ and plung-ing be-neath
 []


Underfull \hbox (badness 10000) in paragraph at lines 485--485
\T1/ntxtlf/m/n/9 un-de-formed sed-i-ments oc-cu-py-ing the cen-ter of the Cul-d
e-Sac Val-ley. The in-serted schematic di-a-gram is from
 []

Package epstopdf Info: Source file: <Haiti_figure4.eps>
(epstopdf)                    date: 2018-03-28 16:38:08
(epstopdf)                    size: 4620394 bytes
(epstopdf)             Output file: <Haiti_figure4-eps-converted-to.pdf>
(epstopdf)                    date: 2018-03-28 19:04:11
(epstopdf)                    size: 436253 bytes
(epstopdf)             Command: <repstopdf --outfile=Haiti_figure4-eps-converte
d-to.pdf Haiti_figure4.eps>
(epstopdf)             \includegraphics on input line 491.
Package epstopdf Info: Output file is already uptodate.
<Haiti_figure4-eps-converted-to.pdf, id=81, 454.69875pt x 608.2725pt>
File: Haiti_figure4-eps-converted-to.pdf Graphic file (type pdf)
<use Haiti_figure4-eps-converted-to.pdf>
Package pdftex.def Info: Haiti_figure4-eps-converted-to.pdf  used on input line
 491.
(pdftex.def)             Requested size: 397.48499pt x 531.74522pt.

LaTeX Warning: Reference `figure2' on page 21 undefined on input line 502.


LaTeX Warning: Reference `figure2' on page 21 undefined on input line 502.


Underfull \hbox (badness 1642) in paragraph at lines 502--502
[]\T1/ntxtlf/b/n/9 Figure  3.   []|   []   |   []   |   []   |   []   |   []   
|   []   |   []   |   []   |   []   |   []   |   []   |   []   |   []   [][]on 
[][]the
 []


Underfull \hbox (badness 10000) in paragraph at lines 502--502
[][]\T1/ntxtlf/b/n/9 map []|   []   |   []   |   [][] A-A': \T1/ntxtlf/m/n/9 Af
-ter-shocks of the 2010 earth-quake along the blind Léogâne thrust fault re-vea
ls
 []


Underfull \hbox (badness 2310) in paragraph at lines 502--502
\T1/ntxtlf/m/n/9 con-ju-gate re-verse faults with the dom-i-nant slip oc-cur-ri
ng on the north-dipping fault. []The [][]red [][]tri[]-[]an[]-[]gle [][]in[]-[]
di[]-
 []


Underfull \hbox (badness 10000) in paragraph at lines 502--502
\T1/ntxtlf/m/n/9 faults de-form-ing Plio-Pleistocene sed-i-men-tary rocks. \T1/
ntxtlf/b/n/9 C-C': \T1/ntxtlf/m/n/9 Cross sec-tion based on both sonar sur-vey 
and the
 []


Underfull \hbox (badness 10000) in paragraph at lines 502--502
\T1/ntxtlf/m/n/9 sur-face map-ping show-ing north- and south-dipping, re-verse 
faults de-form-ing Plio-Pleistocene sed-i-men-tary
 []


LaTeX Warning: Float too large for page by 13.36021pt on input line 504.

Package epstopdf Info: Source file: <Haiti_figure6.eps>
(epstopdf)                    date: 2018-03-28 20:12:23
(epstopdf)                    size: 47210010 bytes
(epstopdf)             Output file: <Haiti_figure6-eps-converted-to.pdf>
(epstopdf)                    date: 2018-03-28 20:12:33
(epstopdf)                    size: 5137756 bytes
(epstopdf)             Command: <repstopdf --outfile=Haiti_figure6-eps-converte
d-to.pdf Haiti_figure6.eps>
(epstopdf)             \includegraphics on input line 508.
Package epstopdf Info: Output file is already uptodate.
<Haiti_figure6-eps-converted-to.pdf, id=82, 921.4425pt x 825.0825pt>
File: Haiti_figure6-eps-converted-to.pdf Graphic file (type pdf)
<use Haiti_figure6-eps-converted-to.pdf>
Package pdftex.def Info: Haiti_figure6-eps-converted-to.pdf  used on input line
 508.
(pdftex.def)             Requested size: 397.48499pt x 355.91164pt.

Package natbib Warning: Citation `rios2013holocene' on page 21 undefined on inp
ut line 513.


Package natbib Warning: Citation `rios2013holocene' on page 21 undefined on inp
ut line 513.


Package natbib Warning: Citation `rios2013holocene' on page 21 undefined on inp
ut line 513.


Package natbib Warning: Citation `rios2013holocene' on page 21 undefined on inp
ut line 513.


Underfull \hbox (badness 10000) in paragraph at lines 513--513
[]\T1/ntxtlf/b/n/9 Figure  4. Struc-ture of the EPGFZ in east-ern Haiti and wes
tern-most Do-mini-can Re-pub-lic. A: \T1/ntxtlf/m/n/9 Struc-
 []


Underfull \hbox (badness 10000) in paragraph at lines 513--513
\T1/ntxtlf/m/n/9 sep-a-rated by a shal-low sill 30 m ASL in the isth-mus near t
he town of Ji-mani. \T1/ntxtlf/b/n/9 B: \T1/ntxtlf/m/n/9 Com-par-i-son of two C
hirp
 []


Underfull \hbox (badness 10000) in paragraph at lines 513--513
\T1/ntxtlf/m/n/9 lines from Lake En-riquillo by \T1/ntxtlf/b/n/9 ? \T1/ntxtlf/m
/n/9 (3 km-long Line L19) and from []our study of Lake Azuey (4 km-long Line
 []


Underfull \hbox (badness 10000) in paragraph at lines 513--513
\T1/ntxtlf/m/n/9 B6). Iden-ti-cal se-quences present on both lines sug-gest tha
t the two lakes were once part of a sin-gle lake that
 []


Underfull \hbox (badness 10000) in paragraph at lines 513--513
\T1/ntxtlf/m/n/9 has been re-cently sep-a-rated by crustal move-ments re-lated 
to the EPGFZ near the Ji-mani area. Ages of units
 []

Package epstopdf Info: Source file: <Haiti_figure5.eps>
(epstopdf)                    date: 2018-03-28 21:14:14
(epstopdf)                    size: 12844562 bytes
(epstopdf)             Output file: <Haiti_figure5-eps-converted-to.pdf>
(epstopdf)                    date: 2018-03-28 21:14:35
(epstopdf)                    size: 624705 bytes
(epstopdf)             Command: <repstopdf --outfile=Haiti_figure5-eps-converte
d-to.pdf Haiti_figure5.eps>
(epstopdf)             \includegraphics on input line 519.
Package epstopdf Info: Output file is already uptodate.
<Haiti_figure5-eps-converted-to.pdf, id=83, 1325.95375pt x 1044.90375pt>
File: Haiti_figure5-eps-converted-to.pdf Graphic file (type pdf)
<use Haiti_figure5-eps-converted-to.pdf>
Package pdftex.def Info: Haiti_figure5-eps-converted-to.pdf  used on input line
 519.
(pdftex.def)             Requested size: 397.48499pt x 313.23438pt.

Underfull \hbox (badness 10000) in paragraph at lines 520--520
[]\T1/ntxtlf/b/n/9 Figure  5. Ge-o-logic set-ting of Lake Azuey, Haiti. A: \T1/
ntxtlf/m/n/9 To the south, the green brack-ish wa-ters of Lake
 []


Underfull \hbox (badness 10000) in paragraph at lines 520--520
\T1/ntxtlf/m/n/9 Azuey are bound by the EPGFZ which forms a sharp bound-ary wit
h 2 km-high, folded lime-stone of Pa-le-o-
 []


Underfull \hbox (badness 10000) in paragraph at lines 520--520
\T1/ntxtlf/m/n/9 gene age that forms the smooth sur-faces on the sky-line. One 
scarp is present along the edge of the lake while
 []


Underfull \hbox (badness 10000) in paragraph at lines 520--520
\T1/ntxtlf/m/n/9 other par-al-lel strands of the EPGFZ are be-neath the south-e
rn part of the lake as schemat-i-cally shown. \T1/ntxtlf/b/n/9 B: \T1/ntxtlf/m/
n/9 To
 []


Underfull \hbox (badness 10000) in paragraph at lines 520--520
\T1/ntxtlf/m/n/9 the north of the lake folded, Plio-Pleistocene strata form the
 up-lifted, 0 -- 30 m-high isth-mus sep-a-rat-ing the
 []

Package epstopdf Info: Source file: <Haiti_figure3.eps>
(epstopdf)                    date: 2017-11-21 21:10:55
(epstopdf)                    size: 12819614 bytes
(epstopdf)             Output file: <Haiti_figure3-eps-converted-to.pdf>
(epstopdf)                    date: 2017-11-21 21:39:09
(epstopdf)                    size: 708444 bytes
(epstopdf)             Command: <repstopdf --outfile=Haiti_figure3-eps-converte
d-to.pdf Haiti_figure3.eps>
(epstopdf)             \includegraphics on input line 526.
Package epstopdf Info: Output file is already uptodate.
<Haiti_figure3-eps-converted-to.pdf, id=84, 639.38875pt x 693.59125pt>
File: Haiti_figure3-eps-converted-to.pdf Graphic file (type pdf)
<use Haiti_figure3-eps-converted-to.pdf>
Package pdftex.def Info: Haiti_figure3-eps-converted-to.pdf  used on input line
 526.
(pdftex.def)             Requested size: 397.48499pt x 431.1863pt.

LaTeX Warning: Reference `figure2' on page 21 undefined on input line 527.


LaTeX Warning: Reference `figure2' on page 21 undefined on input line 527.


LaTeX Warning: Reference `figure2' on page 21 undefined on input line 527.


LaTeX Warning: Reference `figure2' on page 21 undefined on input line 527.


Underfull \hbox (badness 10000) in paragraph at lines 527--527
[]\T1/ntxtlf/b/n/9 Figure  6. Chirp sonar pro-files show-ing the re-la-tion-shi
p of the trace of the EPGFZ and a newly de-
 []


Underfull \hbox (badness 10000) in paragraph at lines 527--527
\T1/ntxtlf/b/n/9 scribed thrust we have named the Ji-mani thrust. \T1/ntxtlf/m/
n/9 Cross sec-tions of A, and B are in-di-cated in Fig-ure []A.
 []


Underfull \hbox (badness 10000) in paragraph at lines 527--527
\T1/ntxtlf/m/n/9 The EPGFZ be-neath Lake Azuey forms a 10 m-wide zone that can 
be traced as a lin-ea-ment to the east and
 []


Underfull \hbox (badness 10000) in paragraph at lines 527--527
\T1/ntxtlf/m/n/9 west of Lake Azuey (Fig-ure []). The green and red hori-zons r
ep-re-sent two dis-tin-guish strati-graphic lay-ers.
 []


Underfull \hbox (badness 10000) in paragraph at lines 527--527
\T1/ntxtlf/m/n/9 The two strands of the EPGFZ are buried by 0.7 m of Holocene s
ed-i-ment and are ex-trap-o-lated to be 250
 []


Underfull \hbox (badness 10000) in paragraph at lines 527--527
\T1/ntxtlf/m/n/9 years old since their last rup-ture when a sed-i-men-ta-tion r
ate of 2.6 mm/yr is as-sumed. Folds as-so-ciate with the
 []

Package epstopdf Info: Source file: <Haiti_figure7.eps>
(epstopdf)                    date: 2018-03-28 23:32:39
(epstopdf)                    size: 52071970 bytes
(epstopdf)             Output file: <Haiti_figure7-eps-converted-to.pdf>
(epstopdf)                    date: 2018-03-28 23:33:29
(epstopdf)                    size: 5112414 bytes
(epstopdf)             Command: <repstopdf --outfile=Haiti_figure7-eps-converte
d-to.pdf Haiti_figure7.eps>
(epstopdf)             \includegraphics on input line 533.
Package epstopdf Info: Output file is already uptodate.
<Haiti_figure7-eps-converted-to.pdf, id=85, 1416.29124pt x 1121.18875pt>
File: Haiti_figure7-eps-converted-to.pdf Graphic file (type pdf)
<use Haiti_figure7-eps-converted-to.pdf>
Package pdftex.def Info: Haiti_figure7-eps-converted-to.pdf  used on input line
 533.
(pdftex.def)             Requested size: 397.48499pt x 314.64925pt.

Package natbib Warning: Citation `prentice2010seismic' on page 21 undefined on 
input line 534.


Package natbib Warning: Citation `douilly2015three' on page 21 undefined on inp
ut line 534.


Package natbib Warning: Citation `prentice2010seismic' on page 21 undefined on 
input line 534.


Package natbib Warning: Citation `prentice2010seismic' on page 21 undefined on 
input line 534.


Package natbib Warning: Citation `douilly2015three' on page 21 undefined on inp
ut line 534.


Package natbib Warning: Citation `prentice2010seismic' on page 21 undefined on 
input line 534.


Underfull \hbox (badness 10000) in paragraph at lines 534--534
[]\T1/ntxtlf/b/n/9 Figure  7. Struc-ture and 2010 co-seis-mic sur-face de-for-m
a-tion of the west-ern seg-ments of the EPGFZ.
 []


Underfull \hbox (badness 10000) in paragraph at lines 534--534
\T1/ntxtlf/b/n/9 A: \T1/ntxtlf/m/n/9 Struc-ture [\T1/ntxtlf/b/n/9 ?\T1/ntxtlf/m
/n/9 ] and af-ter-shock [\T1/ntxtlf/b/n/9 ?\T1/ntxtlf/m/n/9 ] map of Miragoâne-
Léogâne re-gion over-lain with an In-SAR im-age. \T1/ntxtlf/b/n/9 B:
 []


Underfull \hbox (badness 10000) in paragraph at lines 534--534
\T1/ntxtlf/m/n/9 Zoom of the area of Pe-tit Goave and Lake Mi-ragoâne show-ing 
the struc-ture and bathymetry of the 14 km$[]$,
 []


Underfull \hbox (badness 10000) in paragraph at lines 534--534
\T1/ntxtlf/m/n/9 pull-apart basin mapped be-neath Lake Mi-ragoâne dur-ing this 
study and de-tails of the 2010 sur-face frac-tur-ing
 []

Package epstopdf Info: Source file: <Haiti_figure8.eps>
(epstopdf)                    date: 2018-03-28 23:37:40
(epstopdf)                    size: 128728258 bytes
(epstopdf)             Output file: <Haiti_figure8-eps-converted-to.pdf>
(epstopdf)                    date: 2018-03-28 23:37:52
(epstopdf)                    size: 32290442 bytes
(epstopdf)             Command: <repstopdf --outfile=Haiti_figure8-eps-converte
d-to.pdf Haiti_figure8.eps>
(epstopdf)             \includegraphics on input line 540.
Package epstopdf Info: Output file is already uptodate.
<Haiti_figure8-eps-converted-to.pdf, id=86, 1254.6875pt x 549.05125pt>
File: Haiti_figure8-eps-converted-to.pdf Graphic file (type pdf)
<use Haiti_figure8-eps-converted-to.pdf>
Package pdftex.def Info: Haiti_figure8-eps-converted-to.pdf  used on input line
 540.
(pdftex.def)             Requested size: 397.48499pt x 173.94064pt.

Package natbib Warning: Citation `higuera199910' on page 21 undefined on input 
line 543.


LaTeX Warning: Reference `figure7' on page 21 undefined on input line 543.


LaTeX Warning: Reference `figure7' on page 21 undefined on input line 543.


Package natbib Warning: Citation `higuera199910' on page 21 undefined on input 
line 543.


LaTeX Warning: Reference `figure7' on page 21 undefined on input line 543.


LaTeX Warning: Reference `figure7' on page 21 undefined on input line 543.


Underfull \hbox (badness 10000) in paragraph at lines 543--543
[]\T1/ntxtlf/b/n/9 Figure  8. Ge-o-logic set-ting and sonar pro-files from Lake
 Mi-ragoâne. A: \T1/ntxtlf/m/n/9 View look-ing south across the
 []


Underfull \hbox (badness 10000) in paragraph at lines 543--543
\T1/ntxtlf/m/n/9 12 km-wide and 42.8 m deep, fresh-wa-ter lake. The 2 km-high, 
ridge along the south-ern edge of the lake is []the
 []


Underfull \hbox (badness 10000) in paragraph at lines 543--543
\T1/ntxtlf/m/n/9 EPGFZ is 3 km to the north of this strand and forms the north-
ern edge of the pull-apart basin. The core was
 []


Underfull \hbox (badness 10000) in paragraph at lines 543--543
\T1/ntxtlf/m/n/9 taken by \T1/ntxtlf/b/n/9 ? \T1/ntxtlf/m/n/9 and was not col-l
ected from the deep-est part of the lake. \T1/ntxtlf/b/n/9 B: \T1/ntxtlf/m/n/9 
North-south trend-ing line M1 (lo-ca-tion
 []

Package epstopdf Info: Source file: <Haiti_figure9.eps>
(epstopdf)                    date: 2017-10-05 10:06:33
(epstopdf)                    size: 3013078 bytes
(epstopdf)             Output file: <Haiti_figure9-eps-converted-to.pdf>
(epstopdf)                    date: 2017-10-11 19:28:58
(epstopdf)                    size: 113340 bytes
(epstopdf)             Command: <repstopdf --outfile=Haiti_figure9-eps-converte
d-to.pdf Haiti_figure9.eps>
(epstopdf)             \includegraphics on input line 549.
Package epstopdf Info: Output file is already uptodate.
<Haiti_figure9-eps-converted-to.pdf, id=87, 817.0525pt x 600.2425pt>
File: Haiti_figure9-eps-converted-to.pdf Graphic file (type pdf)
<use Haiti_figure9-eps-converted-to.pdf>
Package pdftex.def Info: Haiti_figure9-eps-converted-to.pdf  used on input line
 549.
(pdftex.def)             Requested size: 397.48499pt x 292.01483pt.

Package natbib Warning: Citation `higuera199910' on page 21 undefined on input 
line 560.


LaTeX Warning: Reference `figure8' on page 21 undefined on input line 560.


Package natbib Warning: Citation `higuera199910' on page 21 undefined on input 
line 560.


LaTeX Warning: Reference `figure8' on page 21 undefined on input line 560.


Underfull \hbox (badness 10000) in paragraph at lines 560--560
[]\T1/ntxtlf/b/n/9 Figure  9. Core data from Lake Mi-ragoâne. A: \T1/ntxtlf/m/n
/9 Tie be-tween chirp sonar and core [\T1/ntxtlf/b/n/9 ?\T1/ntxtlf/m/n/9 ] ex-t
end-ing
 []


Underfull \hbox (badness 10000) in paragraph at lines 560--560
\T1/ntxtlf/m/n/9 to la-cus-trine sed-i-ments de-formed by the EPGFZ $[]$$[]$[]|
   []   []\T1/ntxtlf/b/n/9 B: \T1/ntxtlf/m/n/9 Low-pass fil-tered E/P log (red)
 and
 []


Underfull \hbox (badness 10000) in paragraph at lines 560--560
\T1/ntxtlf/m/n/9 the syn-thetic sonar pro-file gen-er-ated from the low-pass fi
l-tered E/P log used as an acous-tic impedance.
 []

Package epstopdf Info: Source file: <Haiti_figure10.eps>
(epstopdf)                    date: 2017-11-19 17:12:46
(epstopdf)                    size: 6365034 bytes
(epstopdf)             Output file: <Haiti_figure10-eps-converted-to.pdf>
(epstopdf)                    date: 2017-11-21 17:27:28
(epstopdf)                    size: 858856 bytes
(epstopdf)             Command: <repstopdf --outfile=Haiti_figure10-eps-convert
ed-to.pdf Haiti_figure10.eps>
(epstopdf)             \includegraphics on input line 566.
Package epstopdf Info: Output file is already uptodate.
<Haiti_figure10-eps-converted-to.pdf, id=88, 819.06pt x 695.59875pt>
File: Haiti_figure10-eps-converted-to.pdf Graphic file (type pdf)
<use Haiti_figure10-eps-converted-to.pdf>
Package pdftex.def Info: Haiti_figure10-eps-converted-to.pdf  used on input lin
e 566.
(pdftex.def)             Requested size: 397.48499pt x 337.57727pt.

Package natbib Warning: Citation `sibson2012reverse' on page 21 undefined on in
put line 577.


Package natbib Warning: Citation `sibson2012reverse' on page 21 undefined on in
put line 577.


Underfull \hbox (badness 1983) in paragraph at lines 577--577
[]\T1/ntxtlf/b/n/9 Figure  10.   []|   []   |   []   |   []   |   []   [][]the 
[][]struc[]-[]tural, [][]af[]-[]ter[]-[]shocks, [][]and [][]the [][]late
 []


Underfull \hbox (badness 1931) in paragraph at lines 577--577
[][]\T1/ntxtlf/b/n/9 Holocene [][]strain [][]par[]-[]ti[]-[]tion[]-[]ing []|   
[]   |   []   |   []   |   []   |   []   |   []   |   []   |   []   |   []   | 
  []   |   []   |   [][] \T1/ntxtlf/m/n/9 Black
 []


Underfull \hbox (badness 10000) in paragraph at lines 577--577
\T1/ntxtlf/m/n/9 of oblique thrusts and folds north of the EPGFZ. \T1/ntxtlf/b/
n/9 PaP \T1/ntxtlf/m/n/9 = Port-au-Prince; \T1/ntxtlf/b/n/9 PG \T1/ntxtlf/m/n/9
 = Pe-tit Goave; \T1/ntxtlf/b/n/9 LA \T1/ntxtlf/m/n/9 = Lake Azuey;
 []


Underfull \hbox (badness 10000) in paragraph at lines 577--577
\T1/ntxtlf/b/n/9 LM \T1/ntxtlf/m/n/9 = Lake Miragoâne-Léogâne; \T1/ntxtlf/b/n/9
 JF \T1/ntxtlf/m/n/9 = Ji-mani thrust fault; \T1/ntxtlf/b/n/9 LMF \T1/ntxtlf/m/
n/9 = Lamartin thrust fault; \T1/ntxtlf/b/n/9 TBF \T1/ntxtlf/m/n/9 = Trois Baie
s
 []


Underfull \hbox (badness 10000) in paragraph at lines 577--577
\T1/ntxtlf/m/n/9 thrust fault; \T1/ntxtlf/b/n/9 LF \T1/ntxtlf/m/n/9 = Léogâne f
ault. The in-serted schematic di-a-gram, mod-i-fied from \T1/ntxtlf/b/n/9 ?\T1/
ntxtlf/m/n/9 . rep-re-sents the con-ju-gate
 []

Package epstopdf Info: Source file: <Haiti_figure11.eps>
(epstopdf)                    date: 2017-11-19 17:49:10
(epstopdf)                    size: 44862194 bytes
(epstopdf)             Output file: <Haiti_figure11-eps-converted-to.pdf>
(epstopdf)                    date: 2017-11-21 17:27:30
(epstopdf)                    size: 2086796 bytes
(epstopdf)             Command: <repstopdf --outfile=Haiti_figure11-eps-convert
ed-to.pdf Haiti_figure11.eps>
(epstopdf)             \includegraphics on input line 583.
Package epstopdf Info: Output file is already uptodate.
<Haiti_figure11-eps-converted-to.pdf, id=89, 820.06375pt x 574.145pt>
File: Haiti_figure11-eps-converted-to.pdf Graphic file (type pdf)
<use Haiti_figure11-eps-converted-to.pdf>
Package pdftex.def Info: Haiti_figure11-eps-converted-to.pdf  used on input lin
e 583.
(pdftex.def)             Requested size: 397.48499pt x 278.29353pt.

Package natbib Warning: Citation `marshall1991faulting' on page 21 undefined on
 input line 594.


Package natbib Warning: Citation `marshall1991faulting' on page 21 undefined on
 input line 594.


Underfull \hbox (badness 10000) in paragraph at lines 594--594
[]\T1/ntxtlf/b/n/9 Figure  11.   []|   []   |   []   |   []   |   []   [][]sout
h[]-[]ern []|   []   |   []   |   []   |   []   |   []   |   []   |   []   |   
[]
 []


Underfull \hbox (badness 10000) in paragraph at lines 594--594
|   []   |   []   |   []   |   []   |   []   |   []   |   []   |   []   |   [] 
  |   [][] \T1/ntxtlf/m/n/9 The cos-seismic el-e-va-tion change
 []


Package natbib Warning: There were undefined citations.

[21 <./Haiti_figure1-eps-converted-to.pdf>] [22 <./Haiti_figure2-eps-converted-
to.pdf>] [23 <./Haiti_figure4-eps-converted-to.pdf>] [24 <./Haiti_figure6-eps-c
onverted-to.pdf>] [25 <./Haiti_figure5-eps-converted-to.pdf>] [26 <./Haiti_figu
re3-eps-converted-to.pdf>] [27 <./Haiti_figure7-eps-converted-to.pdf>] [28 <./H
aiti_figure8-eps-converted-to.pdf>] [29 <./Haiti_figure9-eps-converted-to.pdf>]
[30 <./Haiti_figure10-eps-converted-to.pdf>] [31 <./Haiti_figure11-eps-converte
d-to.pdf>] (./Haiti_agu_reviewer2_reviewer1_diff.aux)

LaTeX Warning: There were undefined references.


LaTeX Warning: Label(s) may have changed. Rerun to get cross-references right.

 ) 
Here is how much of TeX's memory you used:
 6580 strings out of 492982
 88600 string characters out of 6132527
 180318 words of memory out of 5000000
 9947 multiletter control sequences out of 15000+600000
 87276 words of font info for 124 fonts, out of 8000000 for 9000
 1147 hyphenation exceptions out of 8191
 41i,8n,37p,1681b,458s stack positions out of 5000i,500n,10000p,200000b,80000s
{/usr/local/texlive/2017/texmf-dist/fonts/enc/dvips/newtx/ntx-ec-tlf.enc}{/us
r/local/texlive/2017/texmf-dist/fonts/enc/dvips/newtx/ntx-ot1-tlf.enc}{/usr/loc
al/texlive/2017/texmf-dist/fonts/enc/dvips/base/8r.enc}{/usr/local/texlive/2017
/texmf-dist/fonts/enc/dvips/tex-gyre/q-ec.enc}</usr/local/texlive/2017/texmf-di
st/fonts/type1/public/amsfonts/latxfont/lasy6.pfb></usr/local/texlive/2017/texm
f-dist/fonts/type1/public/tex-gyre/qhvr.pfb></usr/local/texlive/2017/texmf-dist
/fonts/type1/public/tex-gyre/qtmb.pfb></usr/local/texlive/2017/texmf-dist/fonts
/type1/public/tex-gyre/qtmbi.pfb></usr/local/texlive/2017/texmf-dist/fonts/type
1/public/tex-gyre/qtmr.pfb></usr/local/texlive/2017/texmf-dist/fonts/type1/publ
ic/tex-gyre/qtmri.pfb></usr/local/texlive/2017/texmf-dist/fonts/type1/public/ne
wtx/rntxbmi.pfb></usr/local/texlive/2017/texmf-dist/fonts/type1/public/newtx/rn
txmi7.pfb></usr/local/texlive/2017/texmf-dist/fonts/type1/public/txfonts/rtxmi.
pfb></usr/local/texlive/2017/texmf-dist/fonts/type1/public/txfonts/t1xtt.pfb></
usr/local/texlive/2017/texmf-dist/fonts/type1/public/newtx/txsys.pfb></usr/loca
l/texlive/2017/texmf-dist/fonts/type1/urw/times/utmri8a.pfb>
Output written on Haiti_agu_reviewer2_reviewer1_diff.pdf (31 pages, 54257236 by
tes).
PDF statistics:
 762 PDF objects out of 1000 (max. 8388607)
 275 compressed objects within 3 object streams
 0 named destinations out of 1000 (max. 500000)
 56 words of extra memory for PDF output out of 10000 (max. 10000000)

